<?xml version="1.0" encoding="UTF-8" ?>
<testsuite tests="2" failures="1" name="test.java.TestExportToXmlFunction" time="1.171" errors="0" skipped="0">
  <properties>
    <property name="java.runtime.name" value="Java(TM) SE Runtime Environment"/>
    <property name="sun.boot.library.path" value="C:\Program Files\Java\jdk1.8.0_101\jre\bin"/>
    <property name="java.vm.version" value="25.101-b13"/>
    <property name="java.vm.vendor" value="Oracle Corporation"/>
    <property name="maven.multiModuleProjectDirectory" value="c:\_dev\Eclipse\Eclipse_workspace\Opendaylight_1"/>
    <property name="java.vendor.url" value="http://java.oracle.com/"/>
    <property name="path.separator" value=";"/>
    <property name="guice.disable.misplaced.annotation.check" value="true"/>
    <property name="java.vm.name" value="Java HotSpot(TM) 64-Bit Server VM"/>
    <property name="file.encoding.pkg" value="sun.io"/>
    <property name="user.script" value=""/>
    <property name="user.country" value="US"/>
    <property name="sun.java.launcher" value="SUN_STANDARD"/>
    <property name="sun.os.patch.level" value="Service Pack 1"/>
    <property name="java.vm.specification.name" value="Java Virtual Machine Specification"/>
    <property name="user.dir" value="c:\_dev\Eclipse\Eclipse_workspace\Opendaylight_1"/>
    <property name="java.runtime.version" value="1.8.0_101-b13"/>
    <property name="java.awt.graphicsenv" value="sun.awt.Win32GraphicsEnvironment"/>
    <property name="java.endorsed.dirs" value="C:\Program Files\Java\jdk1.8.0_101\jre\lib\endorsed"/>
    <property name="os.arch" value="amd64"/>
    <property name="java.io.tmpdir" value="C:\Users\bipyanin\AppData\Local\Temp\"/>
    <property name="line.separator" value="
"/>
    <property name="java.vm.specification.vendor" value="Oracle Corporation"/>
    <property name="user.variant" value=""/>
    <property name="os.name" value="Windows 7"/>
    <property name="classworlds.conf" value="C:\Program Files\Apache Software Foundation\apache-maven-3.3.9\bin\m2.conf"/>
    <property name="sun.jnu.encoding" value="Cp1252"/>
    <property name="java.library.path" value="C:\Program Files\Java\jdk1.8.0_101\bin;C:\WINDOWS\Sun\Java\bin;C:\WINDOWS\system32;C:\WINDOWS;C:\ProgramData\Oracle\Java\javapath;C:\Program Files (x86)\IDM Computer Solutions\UltraEdit\;C:\Program Files\Common Files\Microsoft Shared\Windows Live;C:\Program Files (x86)\Common Files\Microsoft Shared\Windows Live;O:\ora11202w\BIN;C:\Program Files (x86)\RSA SecurID Token Common;C:\WINDOWS\system32;C:\WINDOWS;C:\WINDOWS\System32\Wbem;C:\WINDOWS\System32\WindowsPowerShell\v1.0\;C:\Program Files\TortoiseSVN\bin;C:\Program Files (x86)\Windows Live\Shared;C:\WINDOWS\System32\WindowsPowerShell\v1.0\;C:\Program Files\Intel\WiFi\bin\;C:\Program Files\Common Files\Intel\WirelessCommon\;C:\Program Files\MySQL\MySQL Utilities 1.6\;C:\WINDOWS\System32\WindowsPowerShell\v1.0\;C:\Program Files\Perforce;C:\Program Files\Perforce\DVCS\;C:\Python27;C:\Python27\Scripts;C:\Python27\GnuWin32\bin;C:\Program Files\Git\cmd;C:\Users\bipyanin\AppData\Local\Continuum\Anaconda2;C:\Users\bipyanin\AppData\Local\Continuum\Anaconda2\Scripts;C:\Users\bipyanin\AppData\Local\Continuum\Anaconda2\Library\bin;C:\Program Files (x86)\SSH Communications Security\SSH Secure Shell;C:\ProgramData\Oracle\Java\javapath;C:\Program Files (x86)\IDM Computer Solutions\UltraEdit\;C:\Program Files\Common Files\Microsoft Shared\Windows Live;C:\Program Files (x86)\Common Files\Microsoft Shared\Windows Live;O:\ora11202w\BIN;C:\Program Files (x86)\RSA SecurID Token Common;C:\WINDOWS\system32;C:\WINDOWS;C:\WINDOWS\System32\Wbem;C:\WINDOWS\System32\WindowsPowerShell\v1.0\;C:\Program Files\TortoiseSVN\bin;C:\Program Files (x86)\Windows Live\Shared;C:\WINDOWS\System32\WindowsPowerShell\v1.0\;C:\Program Files\Intel\WiFi\bin\;C:\Program Files\Common Files\Intel\WirelessCommon\;C:\Program Files\MySQL\MySQL Utilities 1.6\;C:\WINDOWS\System32\WindowsPowerShell\v1.0\;C:\Program Files\Perforce;C:\Program Files\Perforce\DVCS\;C:\Python27;C:\Python27\Scripts;C:\Python27\GnuWin32\bin;C:\Program Files\Git\cmd;C:/Program Files/Java/jdk1.8.0_101\bin;C:\Program Files\Apache Software Foundation\apache-maven-3.3.9\bin;."/>
    <property name="java.specification.name" value="Java Platform API Specification"/>
    <property name="java.class.version" value="52.0"/>
    <property name="sun.management.compiler" value="HotSpot 64-Bit Tiered Compilers"/>
    <property name="os.version" value="6.1"/>
    <property name="user.home" value="C:\Users\bipyanin"/>
    <property name="user.timezone" value="America/New_York"/>
    <property name="java.awt.printerjob" value="sun.awt.windows.WPrinterJob"/>
    <property name="java.specification.version" value="1.8"/>
    <property name="file.encoding" value="Cp1252"/>
    <property name="user.name" value="BIPYANIN"/>
    <property name="java.class.path" value="C:\Program Files\Apache Software Foundation\apache-maven-3.3.9\boot\plexus-classworlds-2.5.2.jar"/>
    <property name="java.vm.specification.version" value="1.8"/>
    <property name="sun.arch.data.model" value="64"/>
    <property name="java.home" value="C:\Program Files\Java\jdk1.8.0_101\jre"/>
    <property name="sun.java.command" value="org.codehaus.plexus.classworlds.launcher.Launcher install"/>
    <property name="java.specification.vendor" value="Oracle Corporation"/>
    <property name="user.language" value="en"/>
    <property name="awt.toolkit" value="sun.awt.windows.WToolkit"/>
    <property name="java.vm.info" value="mixed mode"/>
    <property name="java.version" value="1.8.0_101"/>
    <property name="java.ext.dirs" value="C:\Program Files\Java\jdk1.8.0_101\jre\lib\ext;C:\WINDOWS\Sun\Java\lib\ext"/>
    <property name="sun.boot.class.path" value="C:\Program Files\Java\jdk1.8.0_101\jre\lib\resources.jar;C:\Program Files\Java\jdk1.8.0_101\jre\lib\rt.jar;C:\Program Files\Java\jdk1.8.0_101\jre\lib\sunrsasign.jar;C:\Program Files\Java\jdk1.8.0_101\jre\lib\jsse.jar;C:\Program Files\Java\jdk1.8.0_101\jre\lib\jce.jar;C:\Program Files\Java\jdk1.8.0_101\jre\lib\charsets.jar;C:\Program Files\Java\jdk1.8.0_101\jre\lib\jfr.jar;C:\Program Files\Java\jdk1.8.0_101\jre\classes"/>
    <property name="sun.stderr.encoding" value="cp437"/>
    <property name="java.vendor" value="Oracle Corporation"/>
    <property name="maven.home" value="C:\Program Files\Apache Software Foundation\apache-maven-3.3.9"/>
    <property name="file.separator" value="\"/>
    <property name="java.vendor.url.bug" value="http://bugreport.sun.com/bugreport/"/>
    <property name="sun.cpu.endian" value="little"/>
    <property name="sun.io.unicode.encoding" value="UnicodeLittle"/>
    <property name="sun.stdout.encoding" value="cp437"/>
    <property name="sun.desktop" value="windows"/>
    <property name="sun.cpu.isalist" value="amd64"/>
  </properties>
  <testcase classname="test.java.TestExportToXmlFunction" name="testNeg_1" time="0.636">
    <failure message="expected:&lt;false&gt; but was:&lt;true&gt;" type="java.lang.AssertionError">java.lang.AssertionError: expected:&lt;false&gt; but was:&lt;true&gt;
	at org.junit.Assert.fail(Assert.java:88)
	at org.junit.Assert.failNotEquals(Assert.java:834)
	at org.junit.Assert.assertEquals(Assert.java:118)
	at org.junit.Assert.assertEquals(Assert.java:144)
	at test.java.TestExportToXmlFunction.testNeg_1(TestExportToXmlFunction.java:31)
	at sun.reflect.NativeMethodAccessorImpl.invoke0(Native Method)
	at sun.reflect.NativeMethodAccessorImpl.invoke(NativeMethodAccessorImpl.java:62)
	at sun.reflect.DelegatingMethodAccessorImpl.invoke(DelegatingMethodAccessorImpl.java:43)
	at java.lang.reflect.Method.invoke(Method.java:498)
	at org.junit.runners.model.FrameworkMethod$1.runReflectiveCall(FrameworkMethod.java:50)
	at org.junit.internal.runners.model.ReflectiveCallable.run(ReflectiveCallable.java:12)
	at org.junit.runners.model.FrameworkMethod.invokeExplosively(FrameworkMethod.java:47)
	at org.junit.internal.runners.statements.InvokeMethod.evaluate(InvokeMethod.java:17)
	at org.junit.runners.ParentRunner.runLeaf(ParentRunner.java:325)
	at org.junit.runners.BlockJUnit4ClassRunner.runChild(BlockJUnit4ClassRunner.java:78)
	at org.junit.runners.BlockJUnit4ClassRunner.runChild(BlockJUnit4ClassRunner.java:57)
	at org.junit.runners.ParentRunner$3.run(ParentRunner.java:290)
	at org.junit.runners.ParentRunner$1.schedule(ParentRunner.java:71)
	at org.junit.runners.ParentRunner.runChildren(ParentRunner.java:288)
	at org.junit.runners.ParentRunner.access$000(ParentRunner.java:58)
	at org.junit.runners.ParentRunner$2.evaluate(ParentRunner.java:268)
	at org.junit.runners.ParentRunner.run(ParentRunner.java:363)
	at org.apache.maven.surefire.junit4.JUnit4Provider.execute(JUnit4Provider.java:252)
	at org.apache.maven.surefire.junit4.JUnit4Provider.executeTestSet(JUnit4Provider.java:141)
	at org.apache.maven.surefire.junit4.JUnit4Provider.invoke(JUnit4Provider.java:112)
	at sun.reflect.NativeMethodAccessorImpl.invoke0(Native Method)
	at sun.reflect.NativeMethodAccessorImpl.invoke(NativeMethodAccessorImpl.java:62)
	at sun.reflect.DelegatingMethodAccessorImpl.invoke(DelegatingMethodAccessorImpl.java:43)
	at java.lang.reflect.Method.invoke(Method.java:498)
	at org.apache.maven.surefire.util.ReflectionUtils.invokeMethodWithArray(ReflectionUtils.java:189)
	at org.apache.maven.surefire.booter.ProviderFactory$ProviderProxy.invoke(ProviderFactory.java:165)
	at org.apache.maven.surefire.booter.ProviderFactory.invokeProvider(ProviderFactory.java:85)
	at org.apache.maven.surefire.booter.ForkedBooter.runSuitesInProcess(ForkedBooter.java:115)
	at org.apache.maven.surefire.booter.ForkedBooter.main(ForkedBooter.java:75)
</failure>
    <system-out>1457 [main] DEBUG main.java.Provider  - &quot;Gahn  Scheele&quot; |
1466 [main] DEBUG main.java.Provider  - &quot;Noddack  Berg  and Tacke&quot; |
1470 [main] DEBUG main.java.Provider  - &quot;GSI  Darmstadt  West Germany&quot; |
1475 [main] DEBUG main.java.Provider  - Adding:PeriodicElement [AtomicNumber=1, ElementSymbol=Hydrogen, AtomicWeight=H, Period=1.00794, Group=1, Phase=1, MostStableCrystal=gas, Type=, IonicRadius=Nonmetal, AtomicRadius=0.012, Electronegativity=0.79, FirstIonization=2.2, Potential=13.5984, Density=0.00008988, MeltingPoint=14.175, BoilingPoint=20.28, Isotopes=3, Discoverer=Cavendish, YearOfDiscovery=1766, SpecificHeatCapacity=14.304, ElectronConfiguration=1s1, DisplayRow=1, DisplayColumn=1, hashCode()=832504077, getAtomicNumber()=1, getElementSymbol()=Hydrogen, getAtomicWeight()=H, getPeriod()=1.00794, getGroup()=1, getPhase()=1, getMostStableCrystal()=gas, getType()=, getIonicRadius()=Nonmetal, getAtomicRadius()=0.012, getElectronegativity()=0.79, getFirstIonization()=2.2, getPotential()=13.5984, getDensity()=0.00008988, getMeltingPoint()=14.175, getBoilingPoint()=20.28, getIsotopes()=3, getDiscoverer()=Cavendish, getYearOfDiscovery()=1766, getSpecificHeatCapacity()=14.304, getElectronConfiguration()=1s1, getDisplayRow()=1, getDisplayColumn()=1, getClass()=class main.java.PeriodicElement, toString()=main.java.PeriodicElement@319f010d]
1475 [main] DEBUG main.java.Provider  - Adding:PeriodicElement [AtomicNumber=2, ElementSymbol=Helium, AtomicWeight=He, Period=4.002602, Group=1, Phase=18, MostStableCrystal=gas, Type=, IonicRadius=Noble Gas, AtomicRadius=, Electronegativity=0.49, FirstIonization=, Potential=24.5874, Density=0.0001785, MeltingPoint=, BoilingPoint=4.22, Isotopes=5, Discoverer=Janssen, YearOfDiscovery=1868, SpecificHeatCapacity=5.193, ElectronConfiguration=1s2, DisplayRow=1, DisplayColumn=18, hashCode()=1439492576, getAtomicNumber()=2, getElementSymbol()=Helium, getAtomicWeight()=He, getPeriod()=4.002602, getGroup()=1, getPhase()=18, getMostStableCrystal()=gas, getType()=, getIonicRadius()=Noble Gas, getAtomicRadius()=, getElectronegativity()=0.49, getFirstIonization()=, getPotential()=24.5874, getDensity()=0.0001785, getMeltingPoint()=, getBoilingPoint()=4.22, getIsotopes()=5, getDiscoverer()=Janssen, getYearOfDiscovery()=1868, getSpecificHeatCapacity()=5.193, getElectronConfiguration()=1s2, getDisplayRow()=1, getDisplayColumn()=18, getClass()=class main.java.PeriodicElement, toString()=main.java.PeriodicElement@55cce9e0]
1476 [main] DEBUG main.java.Provider  - Adding:PeriodicElement [AtomicNumber=3, ElementSymbol=Lithium, AtomicWeight=Li, Period=6.941, Group=2, Phase=1, MostStableCrystal=solid, Type=bcc, IonicRadius=Alkali Metal, AtomicRadius=0.76, Electronegativity=2.1, FirstIonization=0.98, Potential=5.3917, Density=0.534, MeltingPoint=453.85, BoilingPoint=1615, Isotopes=5, Discoverer=Arfvedson, YearOfDiscovery=1817, SpecificHeatCapacity=3.582, ElectronConfiguration=[He] 2s1, DisplayRow=2, DisplayColumn=1, hashCode()=131087650, getAtomicNumber()=3, getElementSymbol()=Lithium, getAtomicWeight()=Li, getPeriod()=6.941, getGroup()=2, getPhase()=1, getMostStableCrystal()=solid, getType()=bcc, getIonicRadius()=Alkali Metal, getAtomicRadius()=0.76, getElectronegativity()=2.1, getFirstIonization()=0.98, getPotential()=5.3917, getDensity()=0.534, getMeltingPoint()=453.85, getBoilingPoint()=1615, getIsotopes()=5, getDiscoverer()=Arfvedson, getYearOfDiscovery()=1817, getSpecificHeatCapacity()=3.582, getElectronConfiguration()=[He] 2s1, getDisplayRow()=2, getDisplayColumn()=1, getClass()=class main.java.PeriodicElement, toString()=main.java.PeriodicElement@7d03d22]
1476 [main] DEBUG main.java.Provider  - Adding:PeriodicElement [AtomicNumber=4, ElementSymbol=Beryllium, AtomicWeight=Be, Period=9.012182, Group=2, Phase=2, MostStableCrystal=solid, Type=hex, IonicRadius=Alkaline Earth Metal, AtomicRadius=0.35, Electronegativity=1.4, FirstIonization=1.57, Potential=9.3227, Density=1.85, MeltingPoint=1560.15, BoilingPoint=2742, Isotopes=6, Discoverer=Vaulquelin, YearOfDiscovery=1798, SpecificHeatCapacity=1.825, ElectronConfiguration=[He] 2s2, DisplayRow=2, DisplayColumn=2, hashCode()=1267597085, getAtomicNumber()=4, getElementSymbol()=Beryllium, getAtomicWeight()=Be, getPeriod()=9.012182, getGroup()=2, getPhase()=2, getMostStableCrystal()=solid, getType()=hex, getIonicRadius()=Alkaline Earth Metal, getAtomicRadius()=0.35, getElectronegativity()=1.4, getFirstIonization()=1.57, getPotential()=9.3227, getDensity()=1.85, getMeltingPoint()=1560.15, getBoilingPoint()=2742, getIsotopes()=6, getDiscoverer()=Vaulquelin, getYearOfDiscovery()=1798, getSpecificHeatCapacity()=1.825, getElectronConfiguration()=[He] 2s2, getDisplayRow()=2, getDisplayColumn()=2, getClass()=class main.java.PeriodicElement, toString()=main.java.PeriodicElement@4b8dff1d]
1476 [main] DEBUG main.java.Provider  - Adding:PeriodicElement [AtomicNumber=5, ElementSymbol=Boron, AtomicWeight=B, Period=10.811, Group=2, Phase=13, MostStableCrystal=solid, Type=rho, IonicRadius=Metalloid, AtomicRadius=0.23, Electronegativity=1.2, FirstIonization=2.04, Potential=8.298, Density=2.34, MeltingPoint=2573.15, BoilingPoint=4200, Isotopes=6, Discoverer=Gay-Lussac, YearOfDiscovery=1808, SpecificHeatCapacity=1.026, ElectronConfiguration=[He] 2s2 2p1, DisplayRow=2, DisplayColumn=13, hashCode()=-1503773685, getAtomicNumber()=5, getElementSymbol()=Boron, getAtomicWeight()=B, getPeriod()=10.811, getGroup()=2, getPhase()=13, getMostStableCrystal()=solid, getType()=rho, getIonicRadius()=Metalloid, getAtomicRadius()=0.23, getElectronegativity()=1.2, getFirstIonization()=2.04, getPotential()=8.298, getDensity()=2.34, getMeltingPoint()=2573.15, getBoilingPoint()=4200, getIsotopes()=6, getDiscoverer()=Gay-Lussac, getYearOfDiscovery()=1808, getSpecificHeatCapacity()=1.026, getElectronConfiguration()=[He] 2s2 2p1, getDisplayRow()=2, getDisplayColumn()=13, getClass()=class main.java.PeriodicElement, toString()=main.java.PeriodicElement@a65e3c0b]
1477 [main] DEBUG main.java.Provider  - Adding:PeriodicElement [AtomicNumber=6, ElementSymbol=Carbon, AtomicWeight=C, Period=12.0107, Group=2, Phase=14, MostStableCrystal=solid, Type=hex, IonicRadius=Nonmetal, AtomicRadius=, Electronegativity=0.91, FirstIonization=2.55, Potential=11.2603, Density=2.267, MeltingPoint=3948.15, BoilingPoint=4300, Isotopes=7, Discoverer=Prehistoric, YearOfDiscovery=, SpecificHeatCapacity=0.709, ElectronConfiguration=[He] 2s2 2p2, DisplayRow=2, DisplayColumn=14, hashCode()=-2024767978, getAtomicNumber()=6, getElementSymbol()=Carbon, getAtomicWeight()=C, getPeriod()=12.0107, getGroup()=2, getPhase()=14, getMostStableCrystal()=solid, getType()=hex, getIonicRadius()=Nonmetal, getAtomicRadius()=, getElectronegativity()=0.91, getFirstIonization()=2.55, getPotential()=11.2603, getDensity()=2.267, getMeltingPoint()=3948.15, getBoilingPoint()=4300, getIsotopes()=7, getDiscoverer()=Prehistoric, getYearOfDiscovery()=, getSpecificHeatCapacity()=0.709, getElectronConfiguration()=[He] 2s2 2p2, getDisplayRow()=2, getDisplayColumn()=14, getClass()=class main.java.PeriodicElement, toString()=main.java.PeriodicElement@87507e16]
1477 [main] DEBUG main.java.Provider  - Adding:PeriodicElement [AtomicNumber=7, ElementSymbol=Nitrogen, AtomicWeight=N, Period=14.0067, Group=2, Phase=15, MostStableCrystal=gas, Type=, IonicRadius=Nonmetal, AtomicRadius=0.13, Electronegativity=0.75, FirstIonization=3.04, Potential=14.5341, Density=0.0012506, MeltingPoint=63.29, BoilingPoint=77.36, Isotopes=8, Discoverer=Rutherford, YearOfDiscovery=1772, SpecificHeatCapacity=1.04, ElectronConfiguration=[He] 2s2 2p3, DisplayRow=2, DisplayColumn=15, hashCode()=-1529524175, getAtomicNumber()=7, getElementSymbol()=Nitrogen, getAtomicWeight()=N, getPeriod()=14.0067, getGroup()=2, getPhase()=15, getMostStableCrystal()=gas, getType()=, getIonicRadius()=Nonmetal, getAtomicRadius()=0.13, getElectronegativity()=0.75, getFirstIonization()=3.04, getPotential()=14.5341, getDensity()=0.0012506, getMeltingPoint()=63.29, getBoilingPoint()=77.36, getIsotopes()=8, getDiscoverer()=Rutherford, getYearOfDiscovery()=1772, getSpecificHeatCapacity()=1.04, getElectronConfiguration()=[He] 2s2 2p3, getDisplayRow()=2, getDisplayColumn()=15, getClass()=class main.java.PeriodicElement, toString()=main.java.PeriodicElement@a4d55031]
1478 [main] DEBUG main.java.Provider  - Adding:PeriodicElement [AtomicNumber=8, ElementSymbol=Oxygen, AtomicWeight=O, Period=15.9994, Group=2, Phase=16, MostStableCrystal=gas, Type=, IonicRadius=Nonmetal, AtomicRadius=1.4, Electronegativity=0.65, FirstIonization=3.44, Potential=13.6181, Density=0.001429, MeltingPoint=50.5, BoilingPoint=90.2, Isotopes=8, Discoverer=Priestley/Scheele, YearOfDiscovery=1774, SpecificHeatCapacity=0.918, ElectronConfiguration=[He] 2s2 2p4, DisplayRow=2, DisplayColumn=16, hashCode()=1533856652, getAtomicNumber()=8, getElementSymbol()=Oxygen, getAtomicWeight()=O, getPeriod()=15.9994, getGroup()=2, getPhase()=16, getMostStableCrystal()=gas, getType()=, getIonicRadius()=Nonmetal, getAtomicRadius()=1.4, getElectronegativity()=0.65, getFirstIonization()=3.44, getPotential()=13.6181, getDensity()=0.001429, getMeltingPoint()=50.5, getBoilingPoint()=90.2, getIsotopes()=8, getDiscoverer()=Priestley/Scheele, getYearOfDiscovery()=1774, getSpecificHeatCapacity()=0.918, getElectronConfiguration()=[He] 2s2 2p4, getDisplayRow()=2, getDisplayColumn()=16, getClass()=class main.java.PeriodicElement, toString()=main.java.PeriodicElement@5b6ccb8c]
1478 [main] DEBUG main.java.Provider  - Adding:PeriodicElement [AtomicNumber=9, ElementSymbol=Fluorine, AtomicWeight=F, Period=18.9984032, Group=2, Phase=17, MostStableCrystal=gas, Type=, IonicRadius=Halogen, AtomicRadius=1.3, Electronegativity=0.57, FirstIonization=3.98, Potential=17.4228, Density=0.001696, MeltingPoint=53.63, BoilingPoint=85.03, Isotopes=6, Discoverer=Moissan, YearOfDiscovery=1886, SpecificHeatCapacity=0.824, ElectronConfiguration=[He] 2s2 2p5, DisplayRow=2, DisplayColumn=17, hashCode()=-1895686076, getAtomicNumber()=9, getElementSymbol()=Fluorine, getAtomicWeight()=F, getPeriod()=18.9984032, getGroup()=2, getPhase()=17, getMostStableCrystal()=gas, getType()=, getIonicRadius()=Halogen, getAtomicRadius()=1.3, getElectronegativity()=0.57, getFirstIonization()=3.98, getPotential()=17.4228, getDensity()=0.001696, getMeltingPoint()=53.63, getBoilingPoint()=85.03, getIsotopes()=6, getDiscoverer()=Moissan, getYearOfDiscovery()=1886, getSpecificHeatCapacity()=0.824, getElectronConfiguration()=[He] 2s2 2p5, getDisplayRow()=2, getDisplayColumn()=17, getClass()=class main.java.PeriodicElement, toString()=main.java.PeriodicElement@8f022044]
1479 [main] DEBUG main.java.Provider  - Adding:PeriodicElement [AtomicNumber=10, ElementSymbol=Neon, AtomicWeight=Ne, Period=20.1797, Group=2, Phase=18, MostStableCrystal=gas, Type=, IonicRadius=Noble Gas, AtomicRadius=, Electronegativity=0.51, FirstIonization=, Potential=21.5645, Density=0.0008999, MeltingPoint=24.703, BoilingPoint=27.07, Isotopes=8, Discoverer=Ramsay and Travers, YearOfDiscovery=1898, SpecificHeatCapacity=1.03, ElectronConfiguration=[He] 2s2 2p6, DisplayRow=2, DisplayColumn=18, hashCode()=-567683862, getAtomicNumber()=10, getElementSymbol()=Neon, getAtomicWeight()=Ne, getPeriod()=20.1797, getGroup()=2, getPhase()=18, getMostStableCrystal()=gas, getType()=, getIonicRadius()=Noble Gas, getAtomicRadius()=, getElectronegativity()=0.51, getFirstIonization()=, getPotential()=21.5645, getDensity()=0.0008999, getMeltingPoint()=24.703, getBoilingPoint()=27.07, getIsotopes()=8, getDiscoverer()=Ramsay and Travers, getYearOfDiscovery()=1898, getSpecificHeatCapacity()=1.03, getElectronConfiguration()=[He] 2s2 2p6, getDisplayRow()=2, getDisplayColumn()=18, getClass()=class main.java.PeriodicElement, toString()=main.java.PeriodicElement@de29d4ea]
1479 [main] DEBUG main.java.Provider  - Adding:PeriodicElement [AtomicNumber=11, ElementSymbol=Sodium, AtomicWeight=Na, Period=22.98976928, Group=3, Phase=1, MostStableCrystal=solid, Type=bcc, IonicRadius=Alkali Metal, AtomicRadius=1, Electronegativity=2.2, FirstIonization=0.93, Potential=5.1391, Density=0.971, MeltingPoint=371.15, BoilingPoint=1156, Isotopes=7, Discoverer=Davy, YearOfDiscovery=1807, SpecificHeatCapacity=1.228, ElectronConfiguration=[Ne] 3s1, DisplayRow=3, DisplayColumn=1, hashCode()=411041110, getAtomicNumber()=11, getElementSymbol()=Sodium, getAtomicWeight()=Na, getPeriod()=22.98976928, getGroup()=3, getPhase()=1, getMostStableCrystal()=solid, getType()=bcc, getIonicRadius()=Alkali Metal, getAtomicRadius()=1, getElectronegativity()=2.2, getFirstIonization()=0.93, getPotential()=5.1391, getDensity()=0.971, getMeltingPoint()=371.15, getBoilingPoint()=1156, getIsotopes()=7, getDiscoverer()=Davy, getYearOfDiscovery()=1807, getSpecificHeatCapacity()=1.228, getElectronConfiguration()=[Ne] 3s1, getDisplayRow()=3, getDisplayColumn()=1, getClass()=class main.java.PeriodicElement, toString()=main.java.PeriodicElement@187ffd56]
1479 [main] DEBUG main.java.Provider  - Adding:PeriodicElement [AtomicNumber=12, ElementSymbol=Magnesium, AtomicWeight=Mg, Period=24.305, Group=3, Phase=2, MostStableCrystal=solid, Type=hex, IonicRadius=Alkaline Earth Metal, AtomicRadius=0.72, Electronegativity=1.7, FirstIonization=1.31, Potential=7.6462, Density=1.738, MeltingPoint=923.15, BoilingPoint=1363, Isotopes=8, Discoverer=Black, YearOfDiscovery=1755, SpecificHeatCapacity=1.023, ElectronConfiguration=[Ne] 3s2, DisplayRow=3, DisplayColumn=2, hashCode()=1886579053, getAtomicNumber()=12, getElementSymbol()=Magnesium, getAtomicWeight()=Mg, getPeriod()=24.305, getGroup()=3, getPhase()=2, getMostStableCrystal()=solid, getType()=hex, getIonicRadius()=Alkaline Earth Metal, getAtomicRadius()=0.72, getElectronegativity()=1.7, getFirstIonization()=1.31, getPotential()=7.6462, getDensity()=1.738, getMeltingPoint()=923.15, getBoilingPoint()=1363, getIsotopes()=8, getDiscoverer()=Black, getYearOfDiscovery()=1755, getSpecificHeatCapacity()=1.023, getElectronConfiguration()=[Ne] 3s2, getDisplayRow()=3, getDisplayColumn()=2, getClass()=class main.java.PeriodicElement, toString()=main.java.PeriodicElement@7072e96d]
1480 [main] DEBUG main.java.Provider  - Adding:PeriodicElement [AtomicNumber=13, ElementSymbol=Aluminum, AtomicWeight=Al, Period=26.9815386, Group=3, Phase=13, MostStableCrystal=solid, Type=fcc, IonicRadius=Metal, AtomicRadius=0.54, Electronegativity=1.8, FirstIonization=1.61, Potential=5.9858, Density=2.698, MeltingPoint=933.4, BoilingPoint=2792, Isotopes=8, Discoverer=Wšhler, YearOfDiscovery=1827, SpecificHeatCapacity=0.897, ElectronConfiguration=[Ne] 3s2 3p1, DisplayRow=3, DisplayColumn=13, hashCode()=-944610419, getAtomicNumber()=13, getElementSymbol()=Aluminum, getAtomicWeight()=Al, getPeriod()=26.9815386, getGroup()=3, getPhase()=13, getMostStableCrystal()=solid, getType()=fcc, getIonicRadius()=Metal, getAtomicRadius()=0.54, getElectronegativity()=1.8, getFirstIonization()=1.61, getPotential()=5.9858, getDensity()=2.698, getMeltingPoint()=933.4, getBoilingPoint()=2792, getIsotopes()=8, getDiscoverer()=Wšhler, getYearOfDiscovery()=1827, getSpecificHeatCapacity()=0.897, getElectronConfiguration()=[Ne] 3s2 3p1, getDisplayRow()=3, getDisplayColumn()=13, getClass()=class main.java.PeriodicElement, toString()=main.java.PeriodicElement@c7b2638d]
1480 [main] DEBUG main.java.Provider  - Adding:PeriodicElement [AtomicNumber=14, ElementSymbol=Silicon, AtomicWeight=Si, Period=28.0855, Group=3, Phase=14, MostStableCrystal=solid, Type=fcc, IonicRadius=Metalloid, AtomicRadius=0.4, Electronegativity=1.5, FirstIonization=1.9, Potential=8.1517, Density=2.3296, MeltingPoint=1683.15, BoilingPoint=3538, Isotopes=8, Discoverer=Berzelius, YearOfDiscovery=1824, SpecificHeatCapacity=0.705, ElectronConfiguration=[Ne] 3s2 3p2, DisplayRow=3, DisplayColumn=14, hashCode()=1522474350, getAtomicNumber()=14, getElementSymbol()=Silicon, getAtomicWeight()=Si, getPeriod()=28.0855, getGroup()=3, getPhase()=14, getMostStableCrystal()=solid, getType()=fcc, getIonicRadius()=Metalloid, getAtomicRadius()=0.4, getElectronegativity()=1.5, getFirstIonization()=1.9, getPotential()=8.1517, getDensity()=2.3296, getMeltingPoint()=1683.15, getBoilingPoint()=3538, getIsotopes()=8, getDiscoverer()=Berzelius, getYearOfDiscovery()=1824, getSpecificHeatCapacity()=0.705, getElectronConfiguration()=[Ne] 3s2 3p2, getDisplayRow()=3, getDisplayColumn()=14, getClass()=class main.java.PeriodicElement, toString()=main.java.PeriodicElement@5abf1d6e]
1480 [main] DEBUG main.java.Provider  - Adding:PeriodicElement [AtomicNumber=15, ElementSymbol=Phosphorus, AtomicWeight=P, Period=30.973762, Group=3, Phase=15, MostStableCrystal=solid, Type=cub, IonicRadius=Nonmetal, AtomicRadius=0.38, Electronegativity=1.2, FirstIonization=2.19, Potential=10.4867, Density=1.82, MeltingPoint=317.25, BoilingPoint=553, Isotopes=7, Discoverer=BranBrand, YearOfDiscovery=1669, SpecificHeatCapacity=0.769, ElectronConfiguration=[Ne] 3s2 3p3, DisplayRow=3, DisplayColumn=15, hashCode()=511799426, getAtomicNumber()=15, getElementSymbol()=Phosphorus, getAtomicWeight()=P, getPeriod()=30.973762, getGroup()=3, getPhase()=15, getMostStableCrystal()=solid, getType()=cub, getIonicRadius()=Nonmetal, getAtomicRadius()=0.38, getElectronegativity()=1.2, getFirstIonization()=2.19, getPotential()=10.4867, getDensity()=1.82, getMeltingPoint()=317.25, getBoilingPoint()=553, getIsotopes()=7, getDiscoverer()=BranBrand, getYearOfDiscovery()=1669, getSpecificHeatCapacity()=0.769, getElectronConfiguration()=[Ne] 3s2 3p3, getDisplayRow()=3, getDisplayColumn()=15, getClass()=class main.java.PeriodicElement, toString()=main.java.PeriodicElement@1e817082]
1482 [main] DEBUG main.java.Provider  - Adding:PeriodicElement [AtomicNumber=16, ElementSymbol=Sulfur, AtomicWeight=S, Period=32.065, Group=3, Phase=16, MostStableCrystal=solid, Type=orth, IonicRadius=Nonmetal, AtomicRadius=0.37, Electronegativity=1.1, FirstIonization=2.58, Potential=10.36, Density=2.067, MeltingPoint=388.51, BoilingPoint=717.8, Isotopes=10, Discoverer=Prehistoric, YearOfDiscovery=, SpecificHeatCapacity=0.71, ElectronConfiguration=[Ne] 3s2 3p4, DisplayRow=3, DisplayColumn=16, hashCode()=-1295985107, getAtomicNumber()=16, getElementSymbol()=Sulfur, getAtomicWeight()=S, getPeriod()=32.065, getGroup()=3, getPhase()=16, getMostStableCrystal()=solid, getType()=orth, getIonicRadius()=Nonmetal, getAtomicRadius()=0.37, getElectronegativity()=1.1, getFirstIonization()=2.58, getPotential()=10.36, getDensity()=2.067, getMeltingPoint()=388.51, getBoilingPoint()=717.8, getIsotopes()=10, getDiscoverer()=Prehistoric, getYearOfDiscovery()=, getSpecificHeatCapacity()=0.71, getElectronConfiguration()=[Ne] 3s2 3p4, getDisplayRow()=3, getDisplayColumn()=16, getClass()=class main.java.PeriodicElement, toString()=main.java.PeriodicElement@b2c0d62d]
1486 [main] DEBUG main.java.Provider  - Adding:PeriodicElement [AtomicNumber=17, ElementSymbol=Chlorine, AtomicWeight=Cl, Period=35.453, Group=3, Phase=17, MostStableCrystal=gas, Type=, IonicRadius=Halogen, AtomicRadius=1.8, Electronegativity=0.97, FirstIonization=3.16, Potential=12.9676, Density=0.003214, MeltingPoint=172.31, BoilingPoint=239.11, Isotopes=11, Discoverer=Scheele, YearOfDiscovery=1774, SpecificHeatCapacity=0.479, ElectronConfiguration=[Ne] 3s2 3p5, DisplayRow=3, DisplayColumn=17, hashCode()=1370044568, getAtomicNumber()=17, getElementSymbol()=Chlorine, getAtomicWeight()=Cl, getPeriod()=35.453, getGroup()=3, getPhase()=17, getMostStableCrystal()=gas, getType()=, getIonicRadius()=Halogen, getAtomicRadius()=1.8, getElectronegativity()=0.97, getFirstIonization()=3.16, getPotential()=12.9676, getDensity()=0.003214, getMeltingPoint()=172.31, getBoilingPoint()=239.11, getIsotopes()=11, getDiscoverer()=Scheele, getYearOfDiscovery()=1774, getSpecificHeatCapacity()=0.479, getElectronConfiguration()=[Ne] 3s2 3p5, getDisplayRow()=3, getDisplayColumn()=17, getClass()=class main.java.PeriodicElement, toString()=main.java.PeriodicElement@51a93898]
1486 [main] DEBUG main.java.Provider  - Adding:PeriodicElement [AtomicNumber=18, ElementSymbol=Argon, AtomicWeight=Ar, Period=39.948, Group=3, Phase=18, MostStableCrystal=gas, Type=, IonicRadius=Noble Gas, AtomicRadius=, Electronegativity=0.88, FirstIonization=, Potential=15.7596, Density=0.0017837, MeltingPoint=83.96, BoilingPoint=87.3, Isotopes=8, Discoverer=Rayleigh and Ramsay, YearOfDiscovery=1894, SpecificHeatCapacity=0.52, ElectronConfiguration=[Ne] 3s2 3p6, DisplayRow=3, DisplayColumn=18, hashCode()=-998731224, getAtomicNumber()=18, getElementSymbol()=Argon, getAtomicWeight()=Ar, getPeriod()=39.948, getGroup()=3, getPhase()=18, getMostStableCrystal()=gas, getType()=, getIonicRadius()=Noble Gas, getAtomicRadius()=, getElectronegativity()=0.88, getFirstIonization()=, getPotential()=15.7596, getDensity()=0.0017837, getMeltingPoint()=83.96, getBoilingPoint()=87.3, getIsotopes()=8, getDiscoverer()=Rayleigh and Ramsay, getYearOfDiscovery()=1894, getSpecificHeatCapacity()=0.52, getElectronConfiguration()=[Ne] 3s2 3p6, getDisplayRow()=3, getDisplayColumn()=18, getClass()=class main.java.PeriodicElement, toString()=main.java.PeriodicElement@c4789228]
1488 [main] DEBUG main.java.Provider  - Adding:PeriodicElement [AtomicNumber=19, ElementSymbol=Potassium, AtomicWeight=K, Period=39.0983, Group=4, Phase=1, MostStableCrystal=solid, Type=bcc, IonicRadius=Alkali Metal, AtomicRadius=1.4, Electronegativity=2.8, FirstIonization=0.82, Potential=4.3407, Density=0.862, MeltingPoint=336.5, BoilingPoint=1032, Isotopes=10, Discoverer=Davy, YearOfDiscovery=1807, SpecificHeatCapacity=0.757, ElectronConfiguration=[Ar] 4s1, DisplayRow=4, DisplayColumn=1, hashCode()=-1835237926, getAtomicNumber()=19, getElementSymbol()=Potassium, getAtomicWeight()=K, getPeriod()=39.0983, getGroup()=4, getPhase()=1, getMostStableCrystal()=solid, getType()=bcc, getIonicRadius()=Alkali Metal, getAtomicRadius()=1.4, getElectronegativity()=2.8, getFirstIonization()=0.82, getPotential()=4.3407, getDensity()=0.862, getMeltingPoint()=336.5, getBoilingPoint()=1032, getIsotopes()=10, getDiscoverer()=Davy, getYearOfDiscovery()=1807, getSpecificHeatCapacity()=0.757, getElectronConfiguration()=[Ar] 4s1, getDisplayRow()=4, getDisplayColumn()=1, getClass()=class main.java.PeriodicElement, toString()=main.java.PeriodicElement@929c7dda]
1489 [main] DEBUG main.java.Provider  - Adding:PeriodicElement [AtomicNumber=20, ElementSymbol=Calcium, AtomicWeight=Ca, Period=40.078, Group=4, Phase=2, MostStableCrystal=solid, Type=fcc, IonicRadius=Alkaline Earth Metal, AtomicRadius=0.99, Electronegativity=2.2, FirstIonization=1, Potential=6.1132, Density=1.54, MeltingPoint=1112.15, BoilingPoint=1757, Isotopes=14, Discoverer=Davy, YearOfDiscovery=1808, SpecificHeatCapacity=0.647, ElectronConfiguration=[Ar] 4s2, DisplayRow=4, DisplayColumn=2, hashCode()=857626723, getAtomicNumber()=20, getElementSymbol()=Calcium, getAtomicWeight()=Ca, getPeriod()=40.078, getGroup()=4, getPhase()=2, getMostStableCrystal()=solid, getType()=fcc, getIonicRadius()=Alkaline Earth Metal, getAtomicRadius()=0.99, getElectronegativity()=2.2, getFirstIonization()=1, getPotential()=6.1132, getDensity()=1.54, getMeltingPoint()=1112.15, getBoilingPoint()=1757, getIsotopes()=14, getDiscoverer()=Davy, getYearOfDiscovery()=1808, getSpecificHeatCapacity()=0.647, getElectronConfiguration()=[Ar] 4s2, getDisplayRow()=4, getDisplayColumn()=2, getClass()=class main.java.PeriodicElement, toString()=main.java.PeriodicElement@331e5863]
1489 [main] DEBUG main.java.Provider  - Adding:PeriodicElement [AtomicNumber=21, ElementSymbol=Scandium, AtomicWeight=Sc, Period=44.955912, Group=4, Phase=3, MostStableCrystal=solid, Type=hex, IonicRadius=Transition Metal, AtomicRadius=0.75, Electronegativity=2.1, FirstIonization=1.36, Potential=6.5615, Density=2.989, MeltingPoint=1812.15, BoilingPoint=3109, Isotopes=15, Discoverer=Nilson, YearOfDiscovery=1878, SpecificHeatCapacity=0.568, ElectronConfiguration=[Ar] 3d1 4s2, DisplayRow=4, DisplayColumn=3, hashCode()=-2005822758, getAtomicNumber()=21, getElementSymbol()=Scandium, getAtomicWeight()=Sc, getPeriod()=44.955912, getGroup()=4, getPhase()=3, getMostStableCrystal()=solid, getType()=hex, getIonicRadius()=Transition Metal, getAtomicRadius()=0.75, getElectronegativity()=2.1, getFirstIonization()=1.36, getPotential()=6.5615, getDensity()=2.989, getMeltingPoint()=1812.15, getBoilingPoint()=3109, getIsotopes()=15, getDiscoverer()=Nilson, getYearOfDiscovery()=1878, getSpecificHeatCapacity()=0.568, getElectronConfiguration()=[Ar] 3d1 4s2, getDisplayRow()=4, getDisplayColumn()=3, getClass()=class main.java.PeriodicElement, toString()=main.java.PeriodicElement@887192da]
1497 [main] DEBUG main.java.Provider  - Adding:PeriodicElement [AtomicNumber=22, ElementSymbol=Titanium, AtomicWeight=Ti, Period=47.867, Group=4, Phase=4, MostStableCrystal=solid, Type=hex, IonicRadius=Transition Metal, AtomicRadius=0.61, Electronegativity=2, FirstIonization=1.54, Potential=6.8281, Density=4.54, MeltingPoint=1933.15, BoilingPoint=3560, Isotopes=9, Discoverer=Gregor, YearOfDiscovery=1791, SpecificHeatCapacity=0.523, ElectronConfiguration=[Ar] 3d2 4s2, DisplayRow=4, DisplayColumn=4, hashCode()=-1203007780, getAtomicNumber()=22, getElementSymbol()=Titanium, getAtomicWeight()=Ti, getPeriod()=47.867, getGroup()=4, getPhase()=4, getMostStableCrystal()=solid, getType()=hex, getIonicRadius()=Transition Metal, getAtomicRadius()=0.61, getElectronegativity()=2, getFirstIonization()=1.54, getPotential()=6.8281, getDensity()=4.54, getMeltingPoint()=1933.15, getBoilingPoint()=3560, getIsotopes()=9, getDiscoverer()=Gregor, getYearOfDiscovery()=1791, getSpecificHeatCapacity()=0.523, getElectronConfiguration()=[Ar] 3d2 4s2, getDisplayRow()=4, getDisplayColumn()=4, getClass()=class main.java.PeriodicElement, toString()=main.java.PeriodicElement@b84b8edc]
1497 [main] DEBUG main.java.Provider  - Adding:PeriodicElement [AtomicNumber=23, ElementSymbol=Vanadium, AtomicWeight=V, Period=50.9415, Group=4, Phase=5, MostStableCrystal=solid, Type=bcc, IonicRadius=Transition Metal, AtomicRadius=0.59, Electronegativity=1.9, FirstIonization=1.63, Potential=6.7462, Density=6.11, MeltingPoint=2175.15, BoilingPoint=3680, Isotopes=9, Discoverer=   del Rio, YearOfDiscovery=1801, SpecificHeatCapacity=0.489, ElectronConfiguration=[Ar] 3d3 4s2, DisplayRow=4, DisplayColumn=5, hashCode()=1093058416, getAtomicNumber()=23, getElementSymbol()=Vanadium, getAtomicWeight()=V, getPeriod()=50.9415, getGroup()=4, getPhase()=5, getMostStableCrystal()=solid, getType()=bcc, getIonicRadius()=Transition Metal, getAtomicRadius()=0.59, getElectronegativity()=1.9, getFirstIonization()=1.63, getPotential()=6.7462, getDensity()=6.11, getMeltingPoint()=2175.15, getBoilingPoint()=3680, getIsotopes()=9, getDiscoverer()=   del Rio, getYearOfDiscovery()=1801, getSpecificHeatCapacity()=0.489, getElectronConfiguration()=[Ar] 3d3 4s2, getDisplayRow()=4, getDisplayColumn()=5, getClass()=class main.java.PeriodicElement, toString()=main.java.PeriodicElement@4126bf70]
1497 [main] DEBUG main.java.Provider  - Adding:PeriodicElement [AtomicNumber=24, ElementSymbol=Chromium, AtomicWeight=Cr, Period=51.9961, Group=4, Phase=6, MostStableCrystal=solid, Type=bcc, IonicRadius=Transition Metal, AtomicRadius=0.52, Electronegativity=1.9, FirstIonization=1.66, Potential=6.7665, Density=7.15, MeltingPoint=2130.15, BoilingPoint=2944, Isotopes=9, Discoverer=Vauquelin, YearOfDiscovery=1797, SpecificHeatCapacity=0.449, ElectronConfiguration=[Ar] 3d5 4s1, DisplayRow=4, DisplayColumn=6, hashCode()=-468742261, getAtomicNumber()=24, getElementSymbol()=Chromium, getAtomicWeight()=Cr, getPeriod()=51.9961, getGroup()=4, getPhase()=6, getMostStableCrystal()=solid, getType()=bcc, getIonicRadius()=Transition Metal, getAtomicRadius()=0.52, getElectronegativity()=1.9, getFirstIonization()=1.66, getPotential()=6.7665, getDensity()=7.15, getMeltingPoint()=2130.15, getBoilingPoint()=2944, getIsotopes()=9, getDiscoverer()=Vauquelin, getYearOfDiscovery()=1797, getSpecificHeatCapacity()=0.449, getElectronConfiguration()=[Ar] 3d5 4s1, getDisplayRow()=4, getDisplayColumn()=6, getClass()=class main.java.PeriodicElement, toString()=main.java.PeriodicElement@e40f8f8b]
1500 [main] DEBUG main.java.Provider  - Adding:PeriodicElement [AtomicNumber=25, ElementSymbol=Manganese, AtomicWeight=Mn, Period=54.938045, Group=4, Phase=7, MostStableCrystal=solid, Type=bcc, IonicRadius=Transition Metal, AtomicRadius=0.46, Electronegativity=1.8, FirstIonization=1.55, Potential=7.434, Density=7.44, MeltingPoint=1519.15, BoilingPoint=2334, Isotopes=11, Discoverer=&quot;Gahn  Scheele&quot; , YearOfDiscovery=1774, SpecificHeatCapacity=0.479, ElectronConfiguration=[Ar] 3d5 4s2, DisplayRow=4, DisplayColumn=7, hashCode()=1266160616, getAtomicNumber()=25, getElementSymbol()=Manganese, getAtomicWeight()=Mn, getPeriod()=54.938045, getGroup()=4, getPhase()=7, getMostStableCrystal()=solid, getType()=bcc, getIonicRadius()=Transition Metal, getAtomicRadius()=0.46, getElectronegativity()=1.8, getFirstIonization()=1.55, getPotential()=7.434, getDensity()=7.44, getMeltingPoint()=1519.15, getBoilingPoint()=2334, getIsotopes()=11, getDiscoverer()=&quot;Gahn  Scheele&quot; , getYearOfDiscovery()=1774, getSpecificHeatCapacity()=0.479, getElectronConfiguration()=[Ar] 3d5 4s2, getDisplayRow()=4, getDisplayColumn()=7, getClass()=class main.java.PeriodicElement, toString()=main.java.PeriodicElement@4b7813e8]
1500 [main] DEBUG main.java.Provider  - Adding:PeriodicElement [AtomicNumber=26, ElementSymbol=Iron, AtomicWeight=Fe, Period=55.845, Group=4, Phase=8, MostStableCrystal=solid, Type=bcc, IonicRadius=Transition Metal, AtomicRadius=0.65, Electronegativity=1.7, FirstIonization=1.83, Potential=7.9024, Density=7.874, MeltingPoint=1808.15, BoilingPoint=3134, Isotopes=10, Discoverer=Prehistoric, YearOfDiscovery=, SpecificHeatCapacity=0.449, ElectronConfiguration=[Ar] 3d6 4s2, DisplayRow=4, DisplayColumn=8, hashCode()=-38555014, getAtomicNumber()=26, getElementSymbol()=Iron, getAtomicWeight()=Fe, getPeriod()=55.845, getGroup()=4, getPhase()=8, getMostStableCrystal()=solid, getType()=bcc, getIonicRadius()=Transition Metal, getAtomicRadius()=0.65, getElectronegativity()=1.7, getFirstIonization()=1.83, getPotential()=7.9024, getDensity()=7.874, getMeltingPoint()=1808.15, getBoilingPoint()=3134, getIsotopes()=10, getDiscoverer()=Prehistoric, getYearOfDiscovery()=, getSpecificHeatCapacity()=0.449, getElectronConfiguration()=[Ar] 3d6 4s2, getDisplayRow()=4, getDisplayColumn()=8, getClass()=class main.java.PeriodicElement, toString()=main.java.PeriodicElement@fdb3b27a]
1500 [main] DEBUG main.java.Provider  - Adding:PeriodicElement [AtomicNumber=27, ElementSymbol=Cobalt, AtomicWeight=Co, Period=58.933195, Group=4, Phase=9, MostStableCrystal=solid, Type=hex, IonicRadius=Transition Metal, AtomicRadius=0.75, Electronegativity=1.7, FirstIonization=1.88, Potential=7.881, Density=8.86, MeltingPoint=1768.15, BoilingPoint=3200, Isotopes=14, Discoverer=Brandt, YearOfDiscovery=1735, SpecificHeatCapacity=0.421, ElectronConfiguration=[Ar] 3d7 4s2, DisplayRow=4, DisplayColumn=9, hashCode()=635577509, getAtomicNumber()=27, getElementSymbol()=Cobalt, getAtomicWeight()=Co, getPeriod()=58.933195, getGroup()=4, getPhase()=9, getMostStableCrystal()=solid, getType()=hex, getIonicRadius()=Transition Metal, getAtomicRadius()=0.75, getElectronegativity()=1.7, getFirstIonization()=1.88, getPotential()=7.881, getDensity()=8.86, getMeltingPoint()=1768.15, getBoilingPoint()=3200, getIsotopes()=14, getDiscoverer()=Brandt, getYearOfDiscovery()=1735, getSpecificHeatCapacity()=0.421, getElectronConfiguration()=[Ar] 3d7 4s2, getDisplayRow()=4, getDisplayColumn()=9, getClass()=class main.java.PeriodicElement, toString()=main.java.PeriodicElement@25e224a5]
1500 [main] DEBUG main.java.Provider  - Adding:PeriodicElement [AtomicNumber=28, ElementSymbol=Nickel, AtomicWeight=Ni, Period=58.6934, Group=4, Phase=10, MostStableCrystal=solid, Type=fcc, IonicRadius=Transition Metal, AtomicRadius=0.69, Electronegativity=1.6, FirstIonization=1.91, Potential=7.6398, Density=8.912, MeltingPoint=1726.15, BoilingPoint=3186, Isotopes=11, Discoverer=Cronstedt, YearOfDiscovery=1751, SpecificHeatCapacity=0.444, ElectronConfiguration=[Ar] 3d8 4s2, DisplayRow=4, DisplayColumn=10, hashCode()=951272381, getAtomicNumber()=28, getElementSymbol()=Nickel, getAtomicWeight()=Ni, getPeriod()=58.6934, getGroup()=4, getPhase()=10, getMostStableCrystal()=solid, getType()=fcc, getIonicRadius()=Transition Metal, getAtomicRadius()=0.69, getElectronegativity()=1.6, getFirstIonization()=1.91, getPotential()=7.6398, getDensity()=8.912, getMeltingPoint()=1726.15, getBoilingPoint()=3186, getIsotopes()=11, getDiscoverer()=Cronstedt, getYearOfDiscovery()=1751, getSpecificHeatCapacity()=0.444, getElectronConfiguration()=[Ar] 3d8 4s2, getDisplayRow()=4, getDisplayColumn()=10, getClass()=class main.java.PeriodicElement, toString()=main.java.PeriodicElement@38b343bd]
1500 [main] DEBUG main.java.Provider  - Adding:PeriodicElement [AtomicNumber=29, ElementSymbol=Copper, AtomicWeight=Cu, Period=63.546, Group=4, Phase=11, MostStableCrystal=solid, Type=fcc, IonicRadius=Transition Metal, AtomicRadius=0.73, Electronegativity=1.6, FirstIonization=1.9, Potential=7.7264, Density=8.96, MeltingPoint=1357.75, BoilingPoint=2835, Isotopes=11, Discoverer=Prehistoric, YearOfDiscovery=, SpecificHeatCapacity=0.385, ElectronConfiguration=[Ar] 3d10 4s1, DisplayRow=4, DisplayColumn=11, hashCode()=1056045305, getAtomicNumber()=29, getElementSymbol()=Copper, getAtomicWeight()=Cu, getPeriod()=63.546, getGroup()=4, getPhase()=11, getMostStableCrystal()=solid, getType()=fcc, getIonicRadius()=Transition Metal, getAtomicRadius()=0.73, getElectronegativity()=1.6, getFirstIonization()=1.9, getPotential()=7.7264, getDensity()=8.96, getMeltingPoint()=1357.75, getBoilingPoint()=2835, getIsotopes()=11, getDiscoverer()=Prehistoric, getYearOfDiscovery()=, getSpecificHeatCapacity()=0.385, getElectronConfiguration()=[Ar] 3d10 4s1, getDisplayRow()=4, getDisplayColumn()=11, getClass()=class main.java.PeriodicElement, toString()=main.java.PeriodicElement@3ef1f8f9]
1500 [main] DEBUG main.java.Provider  - Adding:PeriodicElement [AtomicNumber=30, ElementSymbol=Zinc, AtomicWeight=Zn, Period=65.38, Group=4, Phase=12, MostStableCrystal=solid, Type=hex, IonicRadius=Transition Metal, AtomicRadius=0.74, Electronegativity=1.5, FirstIonization=1.65, Potential=9.3942, Density=7.134, MeltingPoint=692.88, BoilingPoint=1180, Isotopes=15, Discoverer=Prehistoric, YearOfDiscovery=, SpecificHeatCapacity=0.388, ElectronConfiguration=[Ar] 3d10 4s2, DisplayRow=4, DisplayColumn=12, hashCode()=-1915882245, getAtomicNumber()=30, getElementSymbol()=Zinc, getAtomicWeight()=Zn, getPeriod()=65.38, getGroup()=4, getPhase()=12, getMostStableCrystal()=solid, getType()=hex, getIonicRadius()=Transition Metal, getAtomicRadius()=0.74, getElectronegativity()=1.5, getFirstIonization()=1.65, getPotential()=9.3942, getDensity()=7.134, getMeltingPoint()=692.88, getBoilingPoint()=1180, getIsotopes()=15, getDiscoverer()=Prehistoric, getYearOfDiscovery()=, getSpecificHeatCapacity()=0.388, getElectronConfiguration()=[Ar] 3d10 4s2, getDisplayRow()=4, getDisplayColumn()=12, getClass()=class main.java.PeriodicElement, toString()=main.java.PeriodicElement@8dcdf4fb]
1501 [main] DEBUG main.java.Provider  - Adding:PeriodicElement [AtomicNumber=31, ElementSymbol=Gallium, AtomicWeight=Ga, Period=69.723, Group=4, Phase=13, MostStableCrystal=solid, Type=orth, IonicRadius=Metal, AtomicRadius=0.62, Electronegativity=1.8, FirstIonization=1.81, Potential=5.9993, Density=5.907, MeltingPoint=302.91, BoilingPoint=2477, Isotopes=14, Discoverer=de Boisbaudran, YearOfDiscovery=1875, SpecificHeatCapacity=0.371, ElectronConfiguration=[Ar] 3d10 4s2 4p1, DisplayRow=4, DisplayColumn=13, hashCode()=1331480475, getAtomicNumber()=31, getElementSymbol()=Gallium, getAtomicWeight()=Ga, getPeriod()=69.723, getGroup()=4, getPhase()=13, getMostStableCrystal()=solid, getType()=orth, getIonicRadius()=Metal, getAtomicRadius()=0.62, getElectronegativity()=1.8, getFirstIonization()=1.81, getPotential()=5.9993, getDensity()=5.907, getMeltingPoint()=302.91, getBoilingPoint()=2477, getIsotopes()=14, getDiscoverer()=de Boisbaudran, getYearOfDiscovery()=1875, getSpecificHeatCapacity()=0.371, getElectronConfiguration()=[Ar] 3d10 4s2 4p1, getDisplayRow()=4, getDisplayColumn()=13, getClass()=class main.java.PeriodicElement, toString()=main.java.PeriodicElement@4f5cc79b]
1501 [main] DEBUG main.java.Provider  - Adding:PeriodicElement [AtomicNumber=32, ElementSymbol=Germanium, AtomicWeight=Ge, Period=72.64, Group=4, Phase=14, MostStableCrystal=solid, Type=fcc, IonicRadius=Metalloid, AtomicRadius=0.53, Electronegativity=1.5, FirstIonization=2.01, Potential=7.8994, Density=5.323, MeltingPoint=1211.45, BoilingPoint=3106, Isotopes=17, Discoverer=Winkler, YearOfDiscovery=1886, SpecificHeatCapacity=0.32, ElectronConfiguration=[Ar] 3d10 4s2 4p2, DisplayRow=4, DisplayColumn=14, hashCode()=1517332791, getAtomicNumber()=32, getElementSymbol()=Germanium, getAtomicWeight()=Ge, getPeriod()=72.64, getGroup()=4, getPhase()=14, getMostStableCrystal()=solid, getType()=fcc, getIonicRadius()=Metalloid, getAtomicRadius()=0.53, getElectronegativity()=1.5, getFirstIonization()=2.01, getPotential()=7.8994, getDensity()=5.323, getMeltingPoint()=1211.45, getBoilingPoint()=3106, getIsotopes()=17, getDiscoverer()=Winkler, getYearOfDiscovery()=1886, getSpecificHeatCapacity()=0.32, getElectronConfiguration()=[Ar] 3d10 4s2 4p2, getDisplayRow()=4, getDisplayColumn()=14, getClass()=class main.java.PeriodicElement, toString()=main.java.PeriodicElement@5a70a937]
1501 [main] DEBUG main.java.Provider  - Adding:PeriodicElement [AtomicNumber=33, ElementSymbol=Arsenic, AtomicWeight=As, Period=74.9216, Group=4, Phase=15, MostStableCrystal=solid, Type=rho, IonicRadius=Metalloid, AtomicRadius=0.58, Electronegativity=1.3, FirstIonization=2.18, Potential=9.7886, Density=5.776, MeltingPoint=1090.15, BoilingPoint=887, Isotopes=14, Discoverer=Albertus Magnus, YearOfDiscovery=1250, SpecificHeatCapacity=0.329, ElectronConfiguration=[Ar] 3d10 4s2 4p3, DisplayRow=4, DisplayColumn=15, hashCode()=180106129, getAtomicNumber()=33, getElementSymbol()=Arsenic, getAtomicWeight()=As, getPeriod()=74.9216, getGroup()=4, getPhase()=15, getMostStableCrystal()=solid, getType()=rho, getIonicRadius()=Metalloid, getAtomicRadius()=0.58, getElectronegativity()=1.3, getFirstIonization()=2.18, getPotential()=9.7886, getDensity()=5.776, getMeltingPoint()=1090.15, getBoilingPoint()=887, getIsotopes()=14, getDiscoverer()=Albertus Magnus, getYearOfDiscovery()=1250, getSpecificHeatCapacity()=0.329, getElectronConfiguration()=[Ar] 3d10 4s2 4p3, getDisplayRow()=4, getDisplayColumn()=15, getClass()=class main.java.PeriodicElement, toString()=main.java.PeriodicElement@abc3391]
1501 [main] DEBUG main.java.Provider  - Adding:PeriodicElement [AtomicNumber=34, ElementSymbol=Selenium, AtomicWeight=Se, Period=78.96, Group=4, Phase=16, MostStableCrystal=solid, Type=hex, IonicRadius=Nonmetal, AtomicRadius=0.5, Electronegativity=1.2, FirstIonization=2.55, Potential=9.7524, Density=4.809, MeltingPoint=494.15, BoilingPoint=958, Isotopes=20, Discoverer=Berzelius, YearOfDiscovery=1817, SpecificHeatCapacity=0.321, ElectronConfiguration=[Ar] 3d10 4s2 4p4, DisplayRow=4, DisplayColumn=16, hashCode()=-88323227, getAtomicNumber()=34, getElementSymbol()=Selenium, getAtomicWeight()=Se, getPeriod()=78.96, getGroup()=4, getPhase()=16, getMostStableCrystal()=solid, getType()=hex, getIonicRadius()=Nonmetal, getAtomicRadius()=0.5, getElectronegativity()=1.2, getFirstIonization()=2.55, getPotential()=9.7524, getDensity()=4.809, getMeltingPoint()=494.15, getBoilingPoint()=958, getIsotopes()=20, getDiscoverer()=Berzelius, getYearOfDiscovery()=1817, getSpecificHeatCapacity()=0.321, getElectronConfiguration()=[Ar] 3d10 4s2 4p4, getDisplayRow()=4, getDisplayColumn()=16, getClass()=class main.java.PeriodicElement, toString()=main.java.PeriodicElement@fabc4b65]
1503 [main] DEBUG main.java.Provider  - Adding:PeriodicElement [AtomicNumber=35, ElementSymbol=Bromine, AtomicWeight=Br, Period=79.904, Group=4, Phase=17, MostStableCrystal=liq, Type=, IonicRadius=Halogen, AtomicRadius=2, Electronegativity=1.1, FirstIonization=2.96, Potential=11.8138, Density=3.122, MeltingPoint=266.05, BoilingPoint=332, Isotopes=19, Discoverer=Balard, YearOfDiscovery=1826, SpecificHeatCapacity=0.474, ElectronConfiguration=[Ar] 3d10 4s2 4p5, DisplayRow=4, DisplayColumn=17, hashCode()=1944083457, getAtomicNumber()=35, getElementSymbol()=Bromine, getAtomicWeight()=Br, getPeriod()=79.904, getGroup()=4, getPhase()=17, getMostStableCrystal()=liq, getType()=, getIonicRadius()=Halogen, getAtomicRadius()=2, getElectronegativity()=1.1, getFirstIonization()=2.96, getPotential()=11.8138, getDensity()=3.122, getMeltingPoint()=266.05, getBoilingPoint()=332, getIsotopes()=19, getDiscoverer()=Balard, getYearOfDiscovery()=1826, getSpecificHeatCapacity()=0.474, getElectronConfiguration()=[Ar] 3d10 4s2 4p5, getDisplayRow()=4, getDisplayColumn()=17, getClass()=class main.java.PeriodicElement, toString()=main.java.PeriodicElement@73e05c01]
1503 [main] DEBUG main.java.Provider  - Adding:PeriodicElement [AtomicNumber=36, ElementSymbol=Krypton, AtomicWeight=Kr, Period=83.798, Group=4, Phase=18, MostStableCrystal=gas, Type=, IonicRadius=Noble Gas, AtomicRadius=, Electronegativity=1, FirstIonization=, Potential=13.9996, Density=0.003733, MeltingPoint=115.93, BoilingPoint=119.93, Isotopes=23, Discoverer=Ramsay and Travers, YearOfDiscovery=1898, SpecificHeatCapacity=0.248, ElectronConfiguration=[Ar] 3d10 4s2 4p6, DisplayRow=4, DisplayColumn=18, hashCode()=1597634665, getAtomicNumber()=36, getElementSymbol()=Krypton, getAtomicWeight()=Kr, getPeriod()=83.798, getGroup()=4, getPhase()=18, getMostStableCrystal()=gas, getType()=, getIonicRadius()=Noble Gas, getAtomicRadius()=, getElectronegativity()=1, getFirstIonization()=, getPotential()=13.9996, getDensity()=0.003733, getMeltingPoint()=115.93, getBoilingPoint()=119.93, getIsotopes()=23, getDiscoverer()=Ramsay and Travers, getYearOfDiscovery()=1898, getSpecificHeatCapacity()=0.248, getElectronConfiguration()=[Ar] 3d10 4s2 4p6, getDisplayRow()=4, getDisplayColumn()=18, getClass()=class main.java.PeriodicElement, toString()=main.java.PeriodicElement@5f39f869]
1503 [main] DEBUG main.java.Provider  - Adding:PeriodicElement [AtomicNumber=37, ElementSymbol=Rubidium, AtomicWeight=Rb, Period=85.4678, Group=5, Phase=1, MostStableCrystal=solid, Type=bcc, IonicRadius=Alkali Metal, AtomicRadius=1.5, Electronegativity=3, FirstIonization=0.82, Potential=4.1771, Density=1.532, MeltingPoint=312.79, BoilingPoint=961, Isotopes=20, Discoverer=Bunsen and Kirchoff, YearOfDiscovery=1861, SpecificHeatCapacity=0.363, ElectronConfiguration=[Kr] 5s1, DisplayRow=5, DisplayColumn=1, hashCode()=1897816888, getAtomicNumber()=37, getElementSymbol()=Rubidium, getAtomicWeight()=Rb, getPeriod()=85.4678, getGroup()=5, getPhase()=1, getMostStableCrystal()=solid, getType()=bcc, getIonicRadius()=Alkali Metal, getAtomicRadius()=1.5, getElectronegativity()=3, getFirstIonization()=0.82, getPotential()=4.1771, getDensity()=1.532, getMeltingPoint()=312.79, getBoilingPoint()=961, getIsotopes()=20, getDiscoverer()=Bunsen and Kirchoff, getYearOfDiscovery()=1861, getSpecificHeatCapacity()=0.363, getElectronConfiguration()=[Kr] 5s1, getDisplayRow()=5, getDisplayColumn()=1, getClass()=class main.java.PeriodicElement, toString()=main.java.PeriodicElement@711e6338]
1504 [main] DEBUG main.java.Provider  - Adding:PeriodicElement [AtomicNumber=38, ElementSymbol=Strontium, AtomicWeight=Sr, Period=87.62, Group=5, Phase=2, MostStableCrystal=solid, Type=fcc, IonicRadius=Alkaline Earth Metal, AtomicRadius=1.1, Electronegativity=2.5, FirstIonization=0.95, Potential=5.6949, Density=2.64, MeltingPoint=1042.15, BoilingPoint=1655, Isotopes=18, Discoverer=Davy, YearOfDiscovery=1808, SpecificHeatCapacity=0.301, ElectronConfiguration=[Kr] 5s2, DisplayRow=5, DisplayColumn=2, hashCode()=-506434325, getAtomicNumber()=38, getElementSymbol()=Strontium, getAtomicWeight()=Sr, getPeriod()=87.62, getGroup()=5, getPhase()=2, getMostStableCrystal()=solid, getType()=fcc, getIonicRadius()=Alkaline Earth Metal, getAtomicRadius()=1.1, getElectronegativity()=2.5, getFirstIonization()=0.95, getPotential()=5.6949, getDensity()=2.64, getMeltingPoint()=1042.15, getBoilingPoint()=1655, getIsotopes()=18, getDiscoverer()=Davy, getYearOfDiscovery()=1808, getSpecificHeatCapacity()=0.301, getElectronConfiguration()=[Kr] 5s2, getDisplayRow()=5, getDisplayColumn()=2, getClass()=class main.java.PeriodicElement, toString()=main.java.PeriodicElement@e1d06ceb]
1504 [main] DEBUG main.java.Provider  - Adding:PeriodicElement [AtomicNumber=39, ElementSymbol=Yttrium, AtomicWeight=Y, Period=88.90585, Group=5, Phase=3, MostStableCrystal=solid, Type=hex, IonicRadius=Transition Metal, AtomicRadius=0.9, Electronegativity=2.3, FirstIonization=1.22, Potential=6.2173, Density=4.469, MeltingPoint=1799.15, BoilingPoint=3609, Isotopes=21, Discoverer=Gadolin, YearOfDiscovery=1794, SpecificHeatCapacity=0.298, ElectronConfiguration=[Kr] 4d1 5s2, DisplayRow=5, DisplayColumn=3, hashCode()=-1768806419, getAtomicNumber()=39, getElementSymbol()=Yttrium, getAtomicWeight()=Y, getPeriod()=88.90585, getGroup()=5, getPhase()=3, getMostStableCrystal()=solid, getType()=hex, getIonicRadius()=Transition Metal, getAtomicRadius()=0.9, getElectronegativity()=2.3, getFirstIonization()=1.22, getPotential()=6.2173, getDensity()=4.469, getMeltingPoint()=1799.15, getBoilingPoint()=3609, getIsotopes()=21, getDiscoverer()=Gadolin, getYearOfDiscovery()=1794, getSpecificHeatCapacity()=0.298, getElectronConfiguration()=[Kr] 4d1 5s2, getDisplayRow()=5, getDisplayColumn()=3, getClass()=class main.java.PeriodicElement, toString()=main.java.PeriodicElement@969227ed]
1504 [main] DEBUG main.java.Provider  - Adding:PeriodicElement [AtomicNumber=40, ElementSymbol=Zirconium, AtomicWeight=Zr, Period=91.224, Group=5, Phase=4, MostStableCrystal=solid, Type=hex, IonicRadius=Transition Metal, AtomicRadius=0.72, Electronegativity=2.2, FirstIonization=1.33, Potential=6.6339, Density=6.506, MeltingPoint=2125.15, BoilingPoint=4682, Isotopes=20, Discoverer=Klaproth, YearOfDiscovery=1789, SpecificHeatCapacity=0.278, ElectronConfiguration=[Kr] 4d2 5s2, DisplayRow=5, DisplayColumn=4, hashCode()=-926861043, getAtomicNumber()=40, getElementSymbol()=Zirconium, getAtomicWeight()=Zr, getPeriod()=91.224, getGroup()=5, getPhase()=4, getMostStableCrystal()=solid, getType()=hex, getIonicRadius()=Transition Metal, getAtomicRadius()=0.72, getElectronegativity()=2.2, getFirstIonization()=1.33, getPotential()=6.6339, getDensity()=6.506, getMeltingPoint()=2125.15, getBoilingPoint()=4682, getIsotopes()=20, getDiscoverer()=Klaproth, getYearOfDiscovery()=1789, getSpecificHeatCapacity()=0.278, getElectronConfiguration()=[Kr] 4d2 5s2, getDisplayRow()=5, getDisplayColumn()=4, getClass()=class main.java.PeriodicElement, toString()=main.java.PeriodicElement@c8c1390d]
1505 [main] DEBUG main.java.Provider  - Adding:PeriodicElement [AtomicNumber=41, ElementSymbol=Niobium, AtomicWeight=Nb, Period=92.90638, Group=5, Phase=5, MostStableCrystal=solid, Type=bcc, IonicRadius=Transition Metal, AtomicRadius=0.69, Electronegativity=2.1, FirstIonization=1.6, Potential=6.7589, Density=8.57, MeltingPoint=2741.15, BoilingPoint=5017, Isotopes=24, Discoverer=Hatchett, YearOfDiscovery=1801, SpecificHeatCapacity=0.265, ElectronConfiguration=[Kr] 4d4 5s1, DisplayRow=5, DisplayColumn=5, hashCode()=912511222, getAtomicNumber()=41, getElementSymbol()=Niobium, getAtomicWeight()=Nb, getPeriod()=92.90638, getGroup()=5, getPhase()=5, getMostStableCrystal()=solid, getType()=bcc, getIonicRadius()=Transition Metal, getAtomicRadius()=0.69, getElectronegativity()=2.1, getFirstIonization()=1.6, getPotential()=6.7589, getDensity()=8.57, getMeltingPoint()=2741.15, getBoilingPoint()=5017, getIsotopes()=24, getDiscoverer()=Hatchett, getYearOfDiscovery()=1801, getSpecificHeatCapacity()=0.265, getElectronConfiguration()=[Kr] 4d4 5s1, getDisplayRow()=5, getDisplayColumn()=5, getClass()=class main.java.PeriodicElement, toString()=main.java.PeriodicElement@3663d0f6]
1505 [main] DEBUG main.java.Provider  - Adding:PeriodicElement [AtomicNumber=42, ElementSymbol=Molybdenum, AtomicWeight=Mo, Period=95.96, Group=5, Phase=6, MostStableCrystal=solid, Type=bcc, IonicRadius=Transition Metal, AtomicRadius=0.65, Electronegativity=2, FirstIonization=2.16, Potential=7.0924, Density=10.22, MeltingPoint=2890.15, BoilingPoint=4912, Isotopes=20, Discoverer=Scheele, YearOfDiscovery=1778, SpecificHeatCapacity=0.251, ElectronConfiguration=[Kr] 4d5 5s1, DisplayRow=5, DisplayColumn=6, hashCode()=1899609204, getAtomicNumber()=42, getElementSymbol()=Molybdenum, getAtomicWeight()=Mo, getPeriod()=95.96, getGroup()=5, getPhase()=6, getMostStableCrystal()=solid, getType()=bcc, getIonicRadius()=Transition Metal, getAtomicRadius()=0.65, getElectronegativity()=2, getFirstIonization()=2.16, getPotential()=7.0924, getDensity()=10.22, getMeltingPoint()=2890.15, getBoilingPoint()=4912, getIsotopes()=20, getDiscoverer()=Scheele, getYearOfDiscovery()=1778, getSpecificHeatCapacity()=0.251, getElectronConfiguration()=[Kr] 4d5 5s1, getDisplayRow()=5, getDisplayColumn()=6, getClass()=class main.java.PeriodicElement, toString()=main.java.PeriodicElement@7139bc74]
1506 [main] DEBUG main.java.Provider  - Adding:PeriodicElement [AtomicNumber=43, ElementSymbol=Technetium, AtomicWeight=Tc, Period=98, Group=5, Phase=7, MostStableCrystal=artificial, Type=hex, IonicRadius=Transition Metal, AtomicRadius=0.56, Electronegativity=2, FirstIonization=1.9, Potential=7.28, Density=11.5, MeltingPoint=2473.15, BoilingPoint=5150, Isotopes=23, Discoverer=Perrier and SegrŽ, YearOfDiscovery=1937, SpecificHeatCapacity=, ElectronConfiguration=[Kr] 4d5 5s2, DisplayRow=5, DisplayColumn=7, hashCode()=85715988, getAtomicNumber()=43, getElementSymbol()=Technetium, getAtomicWeight()=Tc, getPeriod()=98, getGroup()=5, getPhase()=7, getMostStableCrystal()=artificial, getType()=hex, getIonicRadius()=Transition Metal, getAtomicRadius()=0.56, getElectronegativity()=2, getFirstIonization()=1.9, getPotential()=7.28, getDensity()=11.5, getMeltingPoint()=2473.15, getBoilingPoint()=5150, getIsotopes()=23, getDiscoverer()=Perrier and SegrŽ, getYearOfDiscovery()=1937, getSpecificHeatCapacity()=, getElectronConfiguration()=[Kr] 4d5 5s2, getDisplayRow()=5, getDisplayColumn()=7, getClass()=class main.java.PeriodicElement, toString()=main.java.PeriodicElement@51bec14]
1508 [main] DEBUG main.java.Provider  - Adding:PeriodicElement [AtomicNumber=44, ElementSymbol=Ruthenium, AtomicWeight=Ru, Period=101.07, Group=5, Phase=8, MostStableCrystal=solid, Type=hex, IonicRadius=Transition Metal, AtomicRadius=0.68, Electronegativity=1.9, FirstIonization=2.2, Potential=7.3605, Density=12.37, MeltingPoint=2523.15, BoilingPoint=4423, Isotopes=16, Discoverer=Klaus, YearOfDiscovery=1844, SpecificHeatCapacity=0.238, ElectronConfiguration=[Kr] 4d7 5s1, DisplayRow=5, DisplayColumn=8, hashCode()=-1613646767, getAtomicNumber()=44, getElementSymbol()=Ruthenium, getAtomicWeight()=Ru, getPeriod()=101.07, getGroup()=5, getPhase()=8, getMostStableCrystal()=solid, getType()=hex, getIonicRadius()=Transition Metal, getAtomicRadius()=0.68, getElectronegativity()=1.9, getFirstIonization()=2.2, getPotential()=7.3605, getDensity()=12.37, getMeltingPoint()=2523.15, getBoilingPoint()=4423, getIsotopes()=16, getDiscoverer()=Klaus, getYearOfDiscovery()=1844, getSpecificHeatCapacity()=0.238, getElectronConfiguration()=[Kr] 4d7 5s1, getDisplayRow()=5, getDisplayColumn()=8, getClass()=class main.java.PeriodicElement, toString()=main.java.PeriodicElement@9fd1b451]
1508 [main] DEBUG main.java.Provider  - Adding:PeriodicElement [AtomicNumber=45, ElementSymbol=Rhodium, AtomicWeight=Rh, Period=102.9055, Group=5, Phase=9, MostStableCrystal=solid, Type=fcc, IonicRadius=Transition Metal, AtomicRadius=0.68, Electronegativity=1.8, FirstIonization=2.28, Potential=7.4589, Density=12.41, MeltingPoint=2239.15, BoilingPoint=3968, Isotopes=20, Discoverer=Wollaston, YearOfDiscovery=1803, SpecificHeatCapacity=0.243, ElectronConfiguration=[Kr] 4d8 5s1, DisplayRow=5, DisplayColumn=9, hashCode()=1477629181, getAtomicNumber()=45, getElementSymbol()=Rhodium, getAtomicWeight()=Rh, getPeriod()=102.9055, getGroup()=5, getPhase()=9, getMostStableCrystal()=solid, getType()=fcc, getIonicRadius()=Transition Metal, getAtomicRadius()=0.68, getElectronegativity()=1.8, getFirstIonization()=2.28, getPotential()=7.4589, getDensity()=12.41, getMeltingPoint()=2239.15, getBoilingPoint()=3968, getIsotopes()=20, getDiscoverer()=Wollaston, getYearOfDiscovery()=1803, getSpecificHeatCapacity()=0.243, getElectronConfiguration()=[Kr] 4d8 5s1, getDisplayRow()=5, getDisplayColumn()=9, getClass()=class main.java.PeriodicElement, toString()=main.java.PeriodicElement@5812d4fd]
1508 [main] DEBUG main.java.Provider  - Adding:PeriodicElement [AtomicNumber=46, ElementSymbol=Palladium, AtomicWeight=Pd, Period=106.42, Group=5, Phase=10, MostStableCrystal=solid, Type=fcc, IonicRadius=Transition Metal, AtomicRadius=0.86, Electronegativity=1.8, FirstIonization=2.2, Potential=8.3369, Density=12.02, MeltingPoint=1825.15, BoilingPoint=3236, Isotopes=21, Discoverer=Wollaston, YearOfDiscovery=1803, SpecificHeatCapacity=0.244, ElectronConfiguration=[Kr] 4d10, DisplayRow=5, DisplayColumn=10, hashCode()=654175483, getAtomicNumber()=46, getElementSymbol()=Palladium, getAtomicWeight()=Pd, getPeriod()=106.42, getGroup()=5, getPhase()=10, getMostStableCrystal()=solid, getType()=fcc, getIonicRadius()=Transition Metal, getAtomicRadius()=0.86, getElectronegativity()=1.8, getFirstIonization()=2.2, getPotential()=8.3369, getDensity()=12.02, getMeltingPoint()=1825.15, getBoilingPoint()=3236, getIsotopes()=21, getDiscoverer()=Wollaston, getYearOfDiscovery()=1803, getSpecificHeatCapacity()=0.244, getElectronConfiguration()=[Kr] 4d10, getDisplayRow()=5, getDisplayColumn()=10, getClass()=class main.java.PeriodicElement, toString()=main.java.PeriodicElement@26fdecfb]
1509 [main] DEBUG main.java.Provider  - Adding:PeriodicElement [AtomicNumber=47, ElementSymbol=Silver, AtomicWeight=Ag, Period=107.8682, Group=5, Phase=11, MostStableCrystal=solid, Type=fcc, IonicRadius=Transition Metal, AtomicRadius=1.3, Electronegativity=1.8, FirstIonization=1.93, Potential=7.5762, Density=10.501, MeltingPoint=1234.15, BoilingPoint=2435, Isotopes=27, Discoverer=Prehistoric, YearOfDiscovery=, SpecificHeatCapacity=0.235, ElectronConfiguration=[Kr] 4d10 5s1, DisplayRow=5, DisplayColumn=11, hashCode()=-400842394, getAtomicNumber()=47, getElementSymbol()=Silver, getAtomicWeight()=Ag, getPeriod()=107.8682, getGroup()=5, getPhase()=11, getMostStableCrystal()=solid, getType()=fcc, getIonicRadius()=Transition Metal, getAtomicRadius()=1.3, getElectronegativity()=1.8, getFirstIonization()=1.93, getPotential()=7.5762, getDensity()=10.501, getMeltingPoint()=1234.15, getBoilingPoint()=2435, getIsotopes()=27, getDiscoverer()=Prehistoric, getYearOfDiscovery()=, getSpecificHeatCapacity()=0.235, getElectronConfiguration()=[Kr] 4d10 5s1, getDisplayRow()=5, getDisplayColumn()=11, getClass()=class main.java.PeriodicElement, toString()=main.java.PeriodicElement@e81ba166]
1509 [main] DEBUG main.java.Provider  - Adding:PeriodicElement [AtomicNumber=48, ElementSymbol=Cadmium, AtomicWeight=Cd, Period=112.411, Group=5, Phase=12, MostStableCrystal=solid, Type=hex, IonicRadius=Transition Metal, AtomicRadius=0.97, Electronegativity=1.7, FirstIonization=1.69, Potential=8.9938, Density=8.69, MeltingPoint=594.33, BoilingPoint=1040, Isotopes=22, Discoverer=Stromeyer, YearOfDiscovery=1817, SpecificHeatCapacity=0.232, ElectronConfiguration=[Kr] 4d10 5s2, DisplayRow=5, DisplayColumn=12, hashCode()=-1556254877, getAtomicNumber()=48, getElementSymbol()=Cadmium, getAtomicWeight()=Cd, getPeriod()=112.411, getGroup()=5, getPhase()=12, getMostStableCrystal()=solid, getType()=hex, getIonicRadius()=Transition Metal, getAtomicRadius()=0.97, getElectronegativity()=1.7, getFirstIonization()=1.69, getPotential()=8.9938, getDensity()=8.69, getMeltingPoint()=594.33, getBoilingPoint()=1040, getIsotopes()=22, getDiscoverer()=Stromeyer, getYearOfDiscovery()=1817, getSpecificHeatCapacity()=0.232, getElectronConfiguration()=[Kr] 4d10 5s2, getDisplayRow()=5, getDisplayColumn()=12, getClass()=class main.java.PeriodicElement, toString()=main.java.PeriodicElement@a33d6f63]
1509 [main] DEBUG main.java.Provider  - Adding:PeriodicElement [AtomicNumber=49, ElementSymbol=Indium, AtomicWeight=In, Period=114.818, Group=5, Phase=13, MostStableCrystal=solid, Type=tet, IonicRadius=Metal, AtomicRadius=0.8, Electronegativity=2, FirstIonization=1.78, Potential=5.7864, Density=7.31, MeltingPoint=429.91, BoilingPoint=2345, Isotopes=34, Discoverer=Reich and Richter, YearOfDiscovery=1863, SpecificHeatCapacity=0.233, ElectronConfiguration=[Kr] 4d10 5s2 5p1, DisplayRow=5, DisplayColumn=13, hashCode()=886592945, getAtomicNumber()=49, getElementSymbol()=Indium, getAtomicWeight()=In, getPeriod()=114.818, getGroup()=5, getPhase()=13, getMostStableCrystal()=solid, getType()=tet, getIonicRadius()=Metal, getAtomicRadius()=0.8, getElectronegativity()=2, getFirstIonization()=1.78, getPotential()=5.7864, getDensity()=7.31, getMeltingPoint()=429.91, getBoilingPoint()=2345, getIsotopes()=34, getDiscoverer()=Reich and Richter, getYearOfDiscovery()=1863, getSpecificHeatCapacity()=0.233, getElectronConfiguration()=[Kr] 4d10 5s2 5p1, getDisplayRow()=5, getDisplayColumn()=13, getClass()=class main.java.PeriodicElement, toString()=main.java.PeriodicElement@34d855b1]
1509 [main] DEBUG main.java.Provider  - Adding:PeriodicElement [AtomicNumber=50, ElementSymbol=Tin, AtomicWeight=Sn, Period=118.71, Group=5, Phase=14, MostStableCrystal=solid, Type=tet, IonicRadius=Metal, AtomicRadius=0.69, Electronegativity=1.7, FirstIonization=1.96, Potential=7.3439, Density=7.287, MeltingPoint=505.21, BoilingPoint=2875, Isotopes=28, Discoverer=Prehistoric, YearOfDiscovery=, SpecificHeatCapacity=0.228, ElectronConfiguration=[Kr] 4d10 5s2 5p2, DisplayRow=5, DisplayColumn=14, hashCode()=1311209746, getAtomicNumber()=50, getElementSymbol()=Tin, getAtomicWeight()=Sn, getPeriod()=118.71, getGroup()=5, getPhase()=14, getMostStableCrystal()=solid, getType()=tet, getIonicRadius()=Metal, getAtomicRadius()=0.69, getElectronegativity()=1.7, getFirstIonization()=1.96, getPotential()=7.3439, getDensity()=7.287, getMeltingPoint()=505.21, getBoilingPoint()=2875, getIsotopes()=28, getDiscoverer()=Prehistoric, getYearOfDiscovery()=, getSpecificHeatCapacity()=0.228, getElectronConfiguration()=[Kr] 4d10 5s2 5p2, getDisplayRow()=5, getDisplayColumn()=14, getClass()=class main.java.PeriodicElement, toString()=main.java.PeriodicElement@4e277912]
1509 [main] DEBUG main.java.Provider  - Adding:PeriodicElement [AtomicNumber=51, ElementSymbol=Antimony, AtomicWeight=Sb, Period=121.76, Group=5, Phase=15, MostStableCrystal=solid, Type=rho, IonicRadius=Metalloid, AtomicRadius=0.76, Electronegativity=1.5, FirstIonization=2.05, Potential=8.6084, Density=6.685, MeltingPoint=904.05, BoilingPoint=1860, Isotopes=29, Discoverer=Early historic times, YearOfDiscovery=, SpecificHeatCapacity=0.207, ElectronConfiguration=[Kr] 4d10 5s2 5p3, DisplayRow=5, DisplayColumn=15, hashCode()=-1648173581, getAtomicNumber()=51, getElementSymbol()=Antimony, getAtomicWeight()=Sb, getPeriod()=121.76, getGroup()=5, getPhase()=15, getMostStableCrystal()=solid, getType()=rho, getIonicRadius()=Metalloid, getAtomicRadius()=0.76, getElectronegativity()=1.5, getFirstIonization()=2.05, getPotential()=8.6084, getDensity()=6.685, getMeltingPoint()=904.05, getBoilingPoint()=1860, getIsotopes()=29, getDiscoverer()=Early historic times, getYearOfDiscovery()=, getSpecificHeatCapacity()=0.207, getElectronConfiguration()=[Kr] 4d10 5s2 5p3, getDisplayRow()=5, getDisplayColumn()=15, getClass()=class main.java.PeriodicElement, toString()=main.java.PeriodicElement@9dc2ddf3]
1509 [main] DEBUG main.java.Provider  - Adding:PeriodicElement [AtomicNumber=52, ElementSymbol=Tellurium, AtomicWeight=Te, Period=127.6, Group=5, Phase=16, MostStableCrystal=solid, Type=hex, IonicRadius=Metalloid, AtomicRadius=0.97, Electronegativity=1.4, FirstIonization=2.1, Potential=9.0096, Density=6.232, MeltingPoint=722.8, BoilingPoint=1261, Isotopes=29, Discoverer=von Reichenstein, YearOfDiscovery=1782, SpecificHeatCapacity=0.202, ElectronConfiguration=[Kr] 4d10 5s2 5p4, DisplayRow=5, DisplayColumn=16, hashCode()=1870803719, getAtomicNumber()=52, getElementSymbol()=Tellurium, getAtomicWeight()=Te, getPeriod()=127.6, getGroup()=5, getPhase()=16, getMostStableCrystal()=solid, getType()=hex, getIonicRadius()=Metalloid, getAtomicRadius()=0.97, getElectronegativity()=1.4, getFirstIonization()=2.1, getPotential()=9.0096, getDensity()=6.232, getMeltingPoint()=722.8, getBoilingPoint()=1261, getIsotopes()=29, getDiscoverer()=von Reichenstein, getYearOfDiscovery()=1782, getSpecificHeatCapacity()=0.202, getElectronConfiguration()=[Kr] 4d10 5s2 5p4, getDisplayRow()=5, getDisplayColumn()=16, getClass()=class main.java.PeriodicElement, toString()=main.java.PeriodicElement@6f823307]
1510 [main] DEBUG main.java.Provider  - Adding:PeriodicElement [AtomicNumber=53, ElementSymbol=Iodine, AtomicWeight=I, Period=126.90447, Group=5, Phase=17, MostStableCrystal=solid, Type=orth, IonicRadius=Halogen, AtomicRadius=2.2, Electronegativity=1.3, FirstIonization=2.66, Potential=10.4513, Density=4.93, MeltingPoint=386.65, BoilingPoint=457.4, Isotopes=24, Discoverer=Courtois, YearOfDiscovery=1811, SpecificHeatCapacity=0.214, ElectronConfiguration=[Kr] 4d10 5s2 5p5, DisplayRow=5, DisplayColumn=17, hashCode()=273799267, getAtomicNumber()=53, getElementSymbol()=Iodine, getAtomicWeight()=I, getPeriod()=126.90447, getGroup()=5, getPhase()=17, getMostStableCrystal()=solid, getType()=orth, getIonicRadius()=Halogen, getAtomicRadius()=2.2, getElectronegativity()=1.3, getFirstIonization()=2.66, getPotential()=10.4513, getDensity()=4.93, getMeltingPoint()=386.65, getBoilingPoint()=457.4, getIsotopes()=24, getDiscoverer()=Courtois, getYearOfDiscovery()=1811, getSpecificHeatCapacity()=0.214, getElectronConfiguration()=[Kr] 4d10 5s2 5p5, getDisplayRow()=5, getDisplayColumn()=17, getClass()=class main.java.PeriodicElement, toString()=main.java.PeriodicElement@1051d863]
1510 [main] DEBUG main.java.Provider  - Adding:PeriodicElement [AtomicNumber=54, ElementSymbol=Xenon, AtomicWeight=Xe, Period=131.293, Group=5, Phase=18, MostStableCrystal=gas, Type=gas, IonicRadius=Noble Gas, AtomicRadius=, Electronegativity=1.2, FirstIonization=, Potential=12.1298, Density=0.005887, MeltingPoint=161.45, BoilingPoint=165.03, Isotopes=31, Discoverer=Ramsay and Travers, YearOfDiscovery=1898, SpecificHeatCapacity=0.158, ElectronConfiguration=[Kr] 4d10 5s2 5p6, DisplayRow=5, DisplayColumn=18, hashCode()=174411865, getAtomicNumber()=54, getElementSymbol()=Xenon, getAtomicWeight()=Xe, getPeriod()=131.293, getGroup()=5, getPhase()=18, getMostStableCrystal()=gas, getType()=gas, getIonicRadius()=Noble Gas, getAtomicRadius()=, getElectronegativity()=1.2, getFirstIonization()=, getPotential()=12.1298, getDensity()=0.005887, getMeltingPoint()=161.45, getBoilingPoint()=165.03, getIsotopes()=31, getDiscoverer()=Ramsay and Travers, getYearOfDiscovery()=1898, getSpecificHeatCapacity()=0.158, getElectronConfiguration()=[Kr] 4d10 5s2 5p6, getDisplayRow()=5, getDisplayColumn()=18, getClass()=class main.java.PeriodicElement, toString()=main.java.PeriodicElement@a655059]
1510 [main] DEBUG main.java.Provider  - Adding:PeriodicElement [AtomicNumber=55, ElementSymbol=Cesium, AtomicWeight=Cs, Period=132.9054519, Group=6, Phase=1, MostStableCrystal=solid, Type=, IonicRadius=Alkali Metal, AtomicRadius=1.7, Electronegativity=3.3, FirstIonization=0.79, Potential=3.8939, Density=1.873, MeltingPoint=301.7, BoilingPoint=944, Isotopes=22, Discoverer=Bunsen and Kirchoff, YearOfDiscovery=1860, SpecificHeatCapacity=0.242, ElectronConfiguration=[Xe] 6s1, DisplayRow=6, DisplayColumn=1, hashCode()=2025146537, getAtomicNumber()=55, getElementSymbol()=Cesium, getAtomicWeight()=Cs, getPeriod()=132.9054519, getGroup()=6, getPhase()=1, getMostStableCrystal()=solid, getType()=, getIonicRadius()=Alkali Metal, getAtomicRadius()=1.7, getElectronegativity()=3.3, getFirstIonization()=0.79, getPotential()=3.8939, getDensity()=1.873, getMeltingPoint()=301.7, getBoilingPoint()=944, getIsotopes()=22, getDiscoverer()=Bunsen and Kirchoff, getYearOfDiscovery()=1860, getSpecificHeatCapacity()=0.242, getElectronConfiguration()=[Xe] 6s1, getDisplayRow()=6, getDisplayColumn()=1, getClass()=class main.java.PeriodicElement, toString()=main.java.PeriodicElement@78b548a9]
1510 [main] DEBUG main.java.Provider  - Adding:PeriodicElement [AtomicNumber=56, ElementSymbol=Barium, AtomicWeight=Ba, Period=137.327, Group=6, Phase=2, MostStableCrystal=solid, Type=bcc, IonicRadius=Alkaline Earth Metal, AtomicRadius=1.4, Electronegativity=2.8, FirstIonization=0.89, Potential=5.2117, Density=3.594, MeltingPoint=1002.15, BoilingPoint=2170, Isotopes=25, Discoverer=Davy, YearOfDiscovery=1808, SpecificHeatCapacity=0.204, ElectronConfiguration=[Xe] 6s2, DisplayRow=6, DisplayColumn=2, hashCode()=-331862011, getAtomicNumber()=56, getElementSymbol()=Barium, getAtomicWeight()=Ba, getPeriod()=137.327, getGroup()=6, getPhase()=2, getMostStableCrystal()=solid, getType()=bcc, getIonicRadius()=Alkaline Earth Metal, getAtomicRadius()=1.4, getElectronegativity()=2.8, getFirstIonization()=0.89, getPotential()=5.2117, getDensity()=3.594, getMeltingPoint()=1002.15, getBoilingPoint()=2170, getIsotopes()=25, getDiscoverer()=Davy, getYearOfDiscovery()=1808, getSpecificHeatCapacity()=0.204, getElectronConfiguration()=[Xe] 6s2, getDisplayRow()=6, getDisplayColumn()=2, getClass()=class main.java.PeriodicElement, toString()=main.java.PeriodicElement@ec383005]
1510 [main] DEBUG main.java.Provider  - Adding:PeriodicElement [AtomicNumber=57, ElementSymbol=Lanthanum, AtomicWeight=La, Period=138.90547, Group=6, Phase=3, MostStableCrystal=solid, Type=hex, IonicRadius=Lanthanide, AtomicRadius=1.1, Electronegativity=2.7, FirstIonization=1.1, Potential=5.5769, Density=6.145, MeltingPoint=1193.15, BoilingPoint=3737, Isotopes=19, Discoverer=Mosander, YearOfDiscovery=1839, SpecificHeatCapacity=0.195, ElectronConfiguration=[Xe] 5d1 6s2, DisplayRow=8, DisplayColumn=3, hashCode()=-858142823, getAtomicNumber()=57, getElementSymbol()=Lanthanum, getAtomicWeight()=La, getPeriod()=138.90547, getGroup()=6, getPhase()=3, getMostStableCrystal()=solid, getType()=hex, getIonicRadius()=Lanthanide, getAtomicRadius()=1.1, getElectronegativity()=2.7, getFirstIonization()=1.1, getPotential()=5.5769, getDensity()=6.145, getMeltingPoint()=1193.15, getBoilingPoint()=3737, getIsotopes()=19, getDiscoverer()=Mosander, getYearOfDiscovery()=1839, getSpecificHeatCapacity()=0.195, getElectronConfiguration()=[Xe] 5d1 6s2, getDisplayRow()=8, getDisplayColumn()=3, getClass()=class main.java.PeriodicElement, toString()=main.java.PeriodicElement@ccd9c799]
1510 [main] DEBUG main.java.Provider  - Adding:PeriodicElement [AtomicNumber=58, ElementSymbol=Cerium, AtomicWeight=Ce, Period=140.116, Group=6, Phase=19, MostStableCrystal=solid, Type=fcc, IonicRadius=Lanthanide, AtomicRadius=1, Electronegativity=2.7, FirstIonization=1.12, Potential=5.5387, Density=6.77, MeltingPoint=1071.15, BoilingPoint=3716, Isotopes=19, Discoverer=Berzelius, YearOfDiscovery=1803, SpecificHeatCapacity=0.192, ElectronConfiguration=[Xe] 4f1 5d1 6s2, DisplayRow=8, DisplayColumn=4, hashCode()=1521647993, getAtomicNumber()=58, getElementSymbol()=Cerium, getAtomicWeight()=Ce, getPeriod()=140.116, getGroup()=6, getPhase()=19, getMostStableCrystal()=solid, getType()=fcc, getIonicRadius()=Lanthanide, getAtomicRadius()=1, getElectronegativity()=2.7, getFirstIonization()=1.12, getPotential()=5.5387, getDensity()=6.77, getMeltingPoint()=1071.15, getBoilingPoint()=3716, getIsotopes()=19, getDiscoverer()=Berzelius, getYearOfDiscovery()=1803, getSpecificHeatCapacity()=0.192, getElectronConfiguration()=[Xe] 4f1 5d1 6s2, getDisplayRow()=8, getDisplayColumn()=4, getClass()=class main.java.PeriodicElement, toString()=main.java.PeriodicElement@5ab28179]
1511 [main] DEBUG main.java.Provider  - Adding:PeriodicElement [AtomicNumber=59, ElementSymbol=Praseodymium, AtomicWeight=Pr, Period=140.90765, Group=6, Phase=20, MostStableCrystal=solid, Type=hex, IonicRadius=Lanthanide, AtomicRadius=1, Electronegativity=2.7, FirstIonization=1.13, Potential=5.473, Density=6.773, MeltingPoint=1204.15, BoilingPoint=3793, Isotopes=15, Discoverer=von Welsbach, YearOfDiscovery=1885, SpecificHeatCapacity=0.193, ElectronConfiguration=[Xe] 4f3 6s2, DisplayRow=8, DisplayColumn=5, hashCode()=-1949701751, getAtomicNumber()=59, getElementSymbol()=Praseodymium, getAtomicWeight()=Pr, getPeriod()=140.90765, getGroup()=6, getPhase()=20, getMostStableCrystal()=solid, getType()=hex, getIonicRadius()=Lanthanide, getAtomicRadius()=1, getElectronegativity()=2.7, getFirstIonization()=1.13, getPotential()=5.473, getDensity()=6.773, getMeltingPoint()=1204.15, getBoilingPoint()=3793, getIsotopes()=15, getDiscoverer()=von Welsbach, getYearOfDiscovery()=1885, getSpecificHeatCapacity()=0.193, getElectronConfiguration()=[Xe] 4f3 6s2, getDisplayRow()=8, getDisplayColumn()=5, getClass()=class main.java.PeriodicElement, toString()=main.java.PeriodicElement@8bc9e989]
1511 [main] DEBUG main.java.Provider  - Adding:PeriodicElement [AtomicNumber=60, ElementSymbol=Neodymium, AtomicWeight=Nd, Period=144.242, Group=6, Phase=21, MostStableCrystal=solid, Type=hex, IonicRadius=Lanthanide, AtomicRadius=1, Electronegativity=2.6, FirstIonization=1.14, Potential=5.525, Density=7.007, MeltingPoint=1289.15, BoilingPoint=3347, Isotopes=16, Discoverer=von Welsbach, YearOfDiscovery=1885, SpecificHeatCapacity=0.19, ElectronConfiguration=[Xe] 4f4 6s2, DisplayRow=8, DisplayColumn=6, hashCode()=1018207626, getAtomicNumber()=60, getElementSymbol()=Neodymium, getAtomicWeight()=Nd, getPeriod()=144.242, getGroup()=6, getPhase()=21, getMostStableCrystal()=solid, getType()=hex, getIonicRadius()=Lanthanide, getAtomicRadius()=1, getElectronegativity()=2.6, getFirstIonization()=1.14, getPotential()=5.525, getDensity()=7.007, getMeltingPoint()=1289.15, getBoilingPoint()=3347, getIsotopes()=16, getDiscoverer()=von Welsbach, getYearOfDiscovery()=1885, getSpecificHeatCapacity()=0.19, getElectronConfiguration()=[Xe] 4f4 6s2, getDisplayRow()=8, getDisplayColumn()=6, getClass()=class main.java.PeriodicElement, toString()=main.java.PeriodicElement@3cb09d8a]
1511 [main] DEBUG main.java.Provider  - Adding:PeriodicElement [AtomicNumber=61, ElementSymbol=Promethium, AtomicWeight=Pm, Period=145, Group=6, Phase=22, MostStableCrystal=artificial, Type=hex, IonicRadius=Lanthanide, AtomicRadius=0.98, Electronegativity=2.6, FirstIonization=1.13, Potential=5.582, Density=7.26, MeltingPoint=1204.15, BoilingPoint=3273, Isotopes=14, Discoverer=Marinsky et al., YearOfDiscovery=1945, SpecificHeatCapacity=, ElectronConfiguration=[Xe] 4f5 6s2, DisplayRow=8, DisplayColumn=7, hashCode()=-1621432355, getAtomicNumber()=61, getElementSymbol()=Promethium, getAtomicWeight()=Pm, getPeriod()=145, getGroup()=6, getPhase()=22, getMostStableCrystal()=artificial, getType()=hex, getIonicRadius()=Lanthanide, getAtomicRadius()=0.98, getElectronegativity()=2.6, getFirstIonization()=1.13, getPotential()=5.582, getDensity()=7.26, getMeltingPoint()=1204.15, getBoilingPoint()=3273, getIsotopes()=14, getDiscoverer()=Marinsky et al., getYearOfDiscovery()=1945, getSpecificHeatCapacity()=, getElectronConfiguration()=[Xe] 4f5 6s2, getDisplayRow()=8, getDisplayColumn()=7, getClass()=class main.java.PeriodicElement, toString()=main.java.PeriodicElement@9f5ae7dd]
1512 [main] DEBUG main.java.Provider  - Adding:PeriodicElement [AtomicNumber=62, ElementSymbol=Samarium, AtomicWeight=Sm, Period=150.36, Group=6, Phase=23, MostStableCrystal=solid, Type=hex, IonicRadius=Lanthanide, AtomicRadius=0.96, Electronegativity=2.6, FirstIonization=1.17, Potential=5.6437, Density=7.52, MeltingPoint=1345.15, BoilingPoint=2067, Isotopes=17, Discoverer=Boisbaudran, YearOfDiscovery=1879, SpecificHeatCapacity=0.197, ElectronConfiguration=[Xe] 4f6 6s2, DisplayRow=8, DisplayColumn=8, hashCode()=137139071, getAtomicNumber()=62, getElementSymbol()=Samarium, getAtomicWeight()=Sm, getPeriod()=150.36, getGroup()=6, getPhase()=23, getMostStableCrystal()=solid, getType()=hex, getIonicRadius()=Lanthanide, getAtomicRadius()=0.96, getElectronegativity()=2.6, getFirstIonization()=1.17, getPotential()=5.6437, getDensity()=7.52, getMeltingPoint()=1345.15, getBoilingPoint()=2067, getIsotopes()=17, getDiscoverer()=Boisbaudran, getYearOfDiscovery()=1879, getSpecificHeatCapacity()=0.197, getElectronConfiguration()=[Xe] 4f6 6s2, getDisplayRow()=8, getDisplayColumn()=8, getClass()=class main.java.PeriodicElement, toString()=main.java.PeriodicElement@82c937f]
1512 [main] DEBUG main.java.Provider  - Adding:PeriodicElement [AtomicNumber=63, ElementSymbol=Europium, AtomicWeight=Eu, Period=151.964, Group=6, Phase=24, MostStableCrystal=solid, Type=bcc, IonicRadius=Lanthanide, AtomicRadius=0.95, Electronegativity=2.6, FirstIonization=1.2, Potential=5.6704, Density=5.243, MeltingPoint=1095.15, BoilingPoint=1802, Isotopes=21, Discoverer=Demarcay, YearOfDiscovery=1901, SpecificHeatCapacity=0.182, ElectronConfiguration=[Xe] 4f7 6s2, DisplayRow=8, DisplayColumn=9, hashCode()=1852071325, getAtomicNumber()=63, getElementSymbol()=Europium, getAtomicWeight()=Eu, getPeriod()=151.964, getGroup()=6, getPhase()=24, getMostStableCrystal()=solid, getType()=bcc, getIonicRadius()=Lanthanide, getAtomicRadius()=0.95, getElectronegativity()=2.6, getFirstIonization()=1.2, getPotential()=5.6704, getDensity()=5.243, getMeltingPoint()=1095.15, getBoilingPoint()=1802, getIsotopes()=21, getDiscoverer()=Demarcay, getYearOfDiscovery()=1901, getSpecificHeatCapacity()=0.182, getElectronConfiguration()=[Xe] 4f7 6s2, getDisplayRow()=8, getDisplayColumn()=9, getClass()=class main.java.PeriodicElement, toString()=main.java.PeriodicElement@6e645d9d]
1512 [main] DEBUG main.java.Provider  - Adding:PeriodicElement [AtomicNumber=64, ElementSymbol=Gadolinium, AtomicWeight=Gd, Period=157.25, Group=6, Phase=25, MostStableCrystal=solid, Type=hex, IonicRadius=Lanthanide, AtomicRadius=0.94, Electronegativity=2.5, FirstIonization=1.2, Potential=6.1501, Density=7.895, MeltingPoint=1585.15, BoilingPoint=3546, Isotopes=17, Discoverer=de Marignac, YearOfDiscovery=1880, SpecificHeatCapacity=0.236, ElectronConfiguration=[Xe] 4f7 5d1 6s2, DisplayRow=8, DisplayColumn=10, hashCode()=1136457615, getAtomicNumber()=64, getElementSymbol()=Gadolinium, getAtomicWeight()=Gd, getPeriod()=157.25, getGroup()=6, getPhase()=25, getMostStableCrystal()=solid, getType()=hex, getIonicRadius()=Lanthanide, getAtomicRadius()=0.94, getElectronegativity()=2.5, getFirstIonization()=1.2, getPotential()=6.1501, getDensity()=7.895, getMeltingPoint()=1585.15, getBoilingPoint()=3546, getIsotopes()=17, getDiscoverer()=de Marignac, getYearOfDiscovery()=1880, getSpecificHeatCapacity()=0.236, getElectronConfiguration()=[Xe] 4f7 5d1 6s2, getDisplayRow()=8, getDisplayColumn()=10, getClass()=class main.java.PeriodicElement, toString()=main.java.PeriodicElement@43bcf78f]
1512 [main] DEBUG main.java.Provider  - Adding:PeriodicElement [AtomicNumber=65, ElementSymbol=Terbium, AtomicWeight=Tb, Period=158.92535, Group=6, Phase=26, MostStableCrystal=solid, Type=hex, IonicRadius=Lanthanide, AtomicRadius=0.92, Electronegativity=2.5, FirstIonization=1.2, Potential=5.8638, Density=8.229, MeltingPoint=1630.15, BoilingPoint=3503, Isotopes=24, Discoverer=Mosander, YearOfDiscovery=1843, SpecificHeatCapacity=0.182, ElectronConfiguration=[Xe] 4f9 6s2, DisplayRow=8, DisplayColumn=11, hashCode()=-1844476246, getAtomicNumber()=65, getElementSymbol()=Terbium, getAtomicWeight()=Tb, getPeriod()=158.92535, getGroup()=6, getPhase()=26, getMostStableCrystal()=solid, getType()=hex, getIonicRadius()=Lanthanide, getAtomicRadius()=0.92, getElectronegativity()=2.5, getFirstIonization()=1.2, getPotential()=5.8638, getDensity()=8.229, getMeltingPoint()=1630.15, getBoilingPoint()=3503, getIsotopes()=24, getDiscoverer()=Mosander, getYearOfDiscovery()=1843, getSpecificHeatCapacity()=0.182, getElectronConfiguration()=[Xe] 4f9 6s2, getDisplayRow()=8, getDisplayColumn()=11, getClass()=class main.java.PeriodicElement, toString()=main.java.PeriodicElement@920f86aa]
1512 [main] DEBUG main.java.Provider  - Adding:PeriodicElement [AtomicNumber=66, ElementSymbol=Dysprosium, AtomicWeight=Dy, Period=162.5, Group=6, Phase=27, MostStableCrystal=solid, Type=hex, IonicRadius=Lanthanide, AtomicRadius=0.91, Electronegativity=2.5, FirstIonization=1.22, Potential=5.9389, Density=8.55, MeltingPoint=1680.15, BoilingPoint=2840, Isotopes=21, Discoverer=de Boisbaudran, YearOfDiscovery=1886, SpecificHeatCapacity=0.17, ElectronConfiguration=[Xe] 4f10 6s2, DisplayRow=8, DisplayColumn=12, hashCode()=-1385672610, getAtomicNumber()=66, getElementSymbol()=Dysprosium, getAtomicWeight()=Dy, getPeriod()=162.5, getGroup()=6, getPhase()=27, getMostStableCrystal()=solid, getType()=hex, getIonicRadius()=Lanthanide, getAtomicRadius()=0.91, getElectronegativity()=2.5, getFirstIonization()=1.22, getPotential()=5.9389, getDensity()=8.55, getMeltingPoint()=1680.15, getBoilingPoint()=2840, getIsotopes()=21, getDiscoverer()=de Boisbaudran, getYearOfDiscovery()=1886, getSpecificHeatCapacity()=0.17, getElectronConfiguration()=[Xe] 4f10 6s2, getDisplayRow()=8, getDisplayColumn()=12, getClass()=class main.java.PeriodicElement, toString()=main.java.PeriodicElement@ad68505e]
1513 [main] DEBUG main.java.Provider  - Adding:PeriodicElement [AtomicNumber=67, ElementSymbol=Holmium, AtomicWeight=Ho, Period=164.93032, Group=6, Phase=28, MostStableCrystal=solid, Type=hex, IonicRadius=Lanthanide, AtomicRadius=0.9, Electronegativity=2.5, FirstIonization=1.23, Potential=6.0215, Density=8.795, MeltingPoint=1743.15, BoilingPoint=2993, Isotopes=29, Discoverer=Delafontaine and Soret, YearOfDiscovery=1878, SpecificHeatCapacity=0.165, ElectronConfiguration=[Xe] 4f11 6s2, DisplayRow=8, DisplayColumn=13, hashCode()=-987061630, getAtomicNumber()=67, getElementSymbol()=Holmium, getAtomicWeight()=Ho, getPeriod()=164.93032, getGroup()=6, getPhase()=28, getMostStableCrystal()=solid, getType()=hex, getIonicRadius()=Lanthanide, getAtomicRadius()=0.9, getElectronegativity()=2.5, getFirstIonization()=1.23, getPotential()=6.0215, getDensity()=8.795, getMeltingPoint()=1743.15, getBoilingPoint()=2993, getIsotopes()=29, getDiscoverer()=Delafontaine and Soret, getYearOfDiscovery()=1878, getSpecificHeatCapacity()=0.165, getElectronConfiguration()=[Xe] 4f11 6s2, getDisplayRow()=8, getDisplayColumn()=13, getClass()=class main.java.PeriodicElement, toString()=main.java.PeriodicElement@c52aa282]
1513 [main] DEBUG main.java.Provider  - Adding:PeriodicElement [AtomicNumber=68, ElementSymbol=Erbium, AtomicWeight=Er, Period=167.259, Group=6, Phase=29, MostStableCrystal=solid, Type=hex, IonicRadius=Lanthanide, AtomicRadius=0.88, Electronegativity=2.5, FirstIonization=1.24, Potential=6.1077, Density=9.066, MeltingPoint=1795.15, BoilingPoint=3503, Isotopes=16, Discoverer=Mosander, YearOfDiscovery=1843, SpecificHeatCapacity=0.168, ElectronConfiguration=[Xe] 4f12 6s2, DisplayRow=8, DisplayColumn=14, hashCode()=-485021695, getAtomicNumber()=68, getElementSymbol()=Erbium, getAtomicWeight()=Er, getPeriod()=167.259, getGroup()=6, getPhase()=29, getMostStableCrystal()=solid, getType()=hex, getIonicRadius()=Lanthanide, getAtomicRadius()=0.88, getElectronegativity()=2.5, getFirstIonization()=1.24, getPotential()=6.1077, getDensity()=9.066, getMeltingPoint()=1795.15, getBoilingPoint()=3503, getIsotopes()=16, getDiscoverer()=Mosander, getYearOfDiscovery()=1843, getSpecificHeatCapacity()=0.168, getElectronConfiguration()=[Xe] 4f12 6s2, getDisplayRow()=8, getDisplayColumn()=14, getClass()=class main.java.PeriodicElement, toString()=main.java.PeriodicElement@e3172801]
1513 [main] DEBUG main.java.Provider  - Adding:PeriodicElement [AtomicNumber=69, ElementSymbol=Thulium, AtomicWeight=Tm, Period=168.93421, Group=6, Phase=30, MostStableCrystal=solid, Type=hex, IonicRadius=Lanthanide, AtomicRadius=0.87, Electronegativity=2.4, FirstIonization=1.25, Potential=6.1843, Density=9.321, MeltingPoint=1818.15, BoilingPoint=2223, Isotopes=18, Discoverer=Cleve, YearOfDiscovery=1879, SpecificHeatCapacity=0.16, ElectronConfiguration=[Xe] 4f13 6s2, DisplayRow=8, DisplayColumn=15, hashCode()=-1880375533, getAtomicNumber()=69, getElementSymbol()=Thulium, getAtomicWeight()=Tm, getPeriod()=168.93421, getGroup()=6, getPhase()=30, getMostStableCrystal()=solid, getType()=hex, getIonicRadius()=Lanthanide, getAtomicRadius()=0.87, getElectronegativity()=2.4, getFirstIonization()=1.25, getPotential()=6.1843, getDensity()=9.321, getMeltingPoint()=1818.15, getBoilingPoint()=2223, getIsotopes()=18, getDiscoverer()=Cleve, getYearOfDiscovery()=1879, getSpecificHeatCapacity()=0.16, getElectronConfiguration()=[Xe] 4f13 6s2, getDisplayRow()=8, getDisplayColumn()=15, getClass()=class main.java.PeriodicElement, toString()=main.java.PeriodicElement@8febbf13]
1514 [main] DEBUG main.java.Provider  - Adding:PeriodicElement [AtomicNumber=70, ElementSymbol=Ytterbium, AtomicWeight=Yb, Period=173.054, Group=6, Phase=31, MostStableCrystal=solid, Type=fcc, IonicRadius=Lanthanide, AtomicRadius=0.86, Electronegativity=2.4, FirstIonization=1.1, Potential=6.2542, Density=6.965, MeltingPoint=1097.15, BoilingPoint=1469, Isotopes=16, Discoverer=Marignac, YearOfDiscovery=1878, SpecificHeatCapacity=0.155, ElectronConfiguration=[Xe] 4f14 6s2, DisplayRow=8, DisplayColumn=16, hashCode()=-1674234797, getAtomicNumber()=70, getElementSymbol()=Ytterbium, getAtomicWeight()=Yb, getPeriod()=173.054, getGroup()=6, getPhase()=31, getMostStableCrystal()=solid, getType()=fcc, getIonicRadius()=Lanthanide, getAtomicRadius()=0.86, getElectronegativity()=2.4, getFirstIonization()=1.1, getPotential()=6.2542, getDensity()=6.965, getMeltingPoint()=1097.15, getBoilingPoint()=1469, getIsotopes()=16, getDiscoverer()=Marignac, getYearOfDiscovery()=1878, getSpecificHeatCapacity()=0.155, getElectronConfiguration()=[Xe] 4f14 6s2, getDisplayRow()=8, getDisplayColumn()=16, getClass()=class main.java.PeriodicElement, toString()=main.java.PeriodicElement@9c353453]
1514 [main] DEBUG main.java.Provider  - Adding:PeriodicElement [AtomicNumber=71, ElementSymbol=Lutetium, AtomicWeight=Lu, Period=174.9668, Group=6, Phase=32, MostStableCrystal=solid, Type=hex, IonicRadius=Lanthanide, AtomicRadius=0.85, Electronegativity=2.3, FirstIonization=1.27, Potential=5.4259, Density=9.84, MeltingPoint=1936.15, BoilingPoint=3675, Isotopes=22, Discoverer=Urbain/ von Welsbach, YearOfDiscovery=1907, SpecificHeatCapacity=0.154, ElectronConfiguration=[Xe] 4f14 5d1 6s2, DisplayRow=8, DisplayColumn=17, hashCode()=64986441, getAtomicNumber()=71, getElementSymbol()=Lutetium, getAtomicWeight()=Lu, getPeriod()=174.9668, getGroup()=6, getPhase()=32, getMostStableCrystal()=solid, getType()=hex, getIonicRadius()=Lanthanide, getAtomicRadius()=0.85, getElectronegativity()=2.3, getFirstIonization()=1.27, getPotential()=5.4259, getDensity()=9.84, getMeltingPoint()=1936.15, getBoilingPoint()=3675, getIsotopes()=22, getDiscoverer()=Urbain/ von Welsbach, getYearOfDiscovery()=1907, getSpecificHeatCapacity()=0.154, getElectronConfiguration()=[Xe] 4f14 5d1 6s2, getDisplayRow()=8, getDisplayColumn()=17, getClass()=class main.java.PeriodicElement, toString()=main.java.PeriodicElement@3df9d49]
1514 [main] DEBUG main.java.Provider  - Adding:PeriodicElement [AtomicNumber=72, ElementSymbol=Hafnium, AtomicWeight=Hf, Period=178.49, Group=6, Phase=4, MostStableCrystal=solid, Type=hex, IonicRadius=Transition Metal, AtomicRadius=0.71, Electronegativity=2.2, FirstIonization=1.3, Potential=6.8251, Density=13.31, MeltingPoint=2500.15, BoilingPoint=4876, Isotopes=17, Discoverer=Coster and von Hevesy, YearOfDiscovery=1923, SpecificHeatCapacity=0.144, ElectronConfiguration=[Xe] 4f14 5d2 6s2, DisplayRow=6, DisplayColumn=4, hashCode()=-1635249625, getAtomicNumber()=72, getElementSymbol()=Hafnium, getAtomicWeight()=Hf, getPeriod()=178.49, getGroup()=6, getPhase()=4, getMostStableCrystal()=solid, getType()=hex, getIonicRadius()=Transition Metal, getAtomicRadius()=0.71, getElectronegativity()=2.2, getFirstIonization()=1.3, getPotential()=6.8251, getDensity()=13.31, getMeltingPoint()=2500.15, getBoilingPoint()=4876, getIsotopes()=17, getDiscoverer()=Coster and von Hevesy, getYearOfDiscovery()=1923, getSpecificHeatCapacity()=0.144, getElectronConfiguration()=[Xe] 4f14 5d2 6s2, getDisplayRow()=6, getDisplayColumn()=4, getClass()=class main.java.PeriodicElement, toString()=main.java.PeriodicElement@9e881227]
1514 [main] DEBUG main.java.Provider  - Adding:PeriodicElement [AtomicNumber=73, ElementSymbol=Tantalum, AtomicWeight=Ta, Period=180.94788, Group=6, Phase=5, MostStableCrystal=solid, Type=bcc, IonicRadius=Transition Metal, AtomicRadius=0.64, Electronegativity=2.1, FirstIonization=1.5, Potential=7.5496, Density=16.654, MeltingPoint=3269.15, BoilingPoint=5731, Isotopes=19, Discoverer=Ekeberg, YearOfDiscovery=1801, SpecificHeatCapacity=0.14, ElectronConfiguration=[Xe] 4f14 5d3 6s2, DisplayRow=6, DisplayColumn=5, hashCode()=-1148991439, getAtomicNumber()=73, getElementSymbol()=Tantalum, getAtomicWeight()=Ta, getPeriod()=180.94788, getGroup()=6, getPhase()=5, getMostStableCrystal()=solid, getType()=bcc, getIonicRadius()=Transition Metal, getAtomicRadius()=0.64, getElectronegativity()=2.1, getFirstIonization()=1.5, getPotential()=7.5496, getDensity()=16.654, getMeltingPoint()=3269.15, getBoilingPoint()=5731, getIsotopes()=19, getDiscoverer()=Ekeberg, getYearOfDiscovery()=1801, getSpecificHeatCapacity()=0.14, getElectronConfiguration()=[Xe] 4f14 5d3 6s2, getDisplayRow()=6, getDisplayColumn()=5, getClass()=class main.java.PeriodicElement, toString()=main.java.PeriodicElement@bb83c831]
1514 [main] DEBUG main.java.Provider  - Adding:PeriodicElement [AtomicNumber=74, ElementSymbol=Wolfram, AtomicWeight=W, Period=183.84, Group=6, Phase=6, MostStableCrystal=solid, Type=bcc, IonicRadius=Transition Metal, AtomicRadius=0.62, Electronegativity=2, FirstIonization=2.36, Potential=7.864, Density=19.25, MeltingPoint=3680.15, BoilingPoint=5828, Isotopes=22, Discoverer=J. and F. d&apos;Elhuyar, YearOfDiscovery=1783, SpecificHeatCapacity=0.132, ElectronConfiguration=[Xe] 4f14 5d4 6s2, DisplayRow=6, DisplayColumn=6, hashCode()=1201121190, getAtomicNumber()=74, getElementSymbol()=Wolfram, getAtomicWeight()=W, getPeriod()=183.84, getGroup()=6, getPhase()=6, getMostStableCrystal()=solid, getType()=bcc, getIonicRadius()=Transition Metal, getAtomicRadius()=0.62, getElectronegativity()=2, getFirstIonization()=2.36, getPotential()=7.864, getDensity()=19.25, getMeltingPoint()=3680.15, getBoilingPoint()=5828, getIsotopes()=22, getDiscoverer()=J. and F. d&apos;Elhuyar, getYearOfDiscovery()=1783, getSpecificHeatCapacity()=0.132, getElectronConfiguration()=[Xe] 4f14 5d4 6s2, getDisplayRow()=6, getDisplayColumn()=6, getClass()=class main.java.PeriodicElement, toString()=main.java.PeriodicElement@4797a7a6]
1514 [main] DEBUG main.java.Provider  - Adding:PeriodicElement [AtomicNumber=75, ElementSymbol=Rhenium, AtomicWeight=Re, Period=186.207, Group=6, Phase=7, MostStableCrystal=solid, Type=hex, IonicRadius=Transition Metal, AtomicRadius=0.56, Electronegativity=2, FirstIonization=1.9, Potential=7.8335, Density=21.02, MeltingPoint=3453.15, BoilingPoint=5869, Isotopes=21, Discoverer=&quot;Noddack  Berg  and Tacke&quot; , YearOfDiscovery=1925, SpecificHeatCapacity=0.137, ElectronConfiguration=[Xe] 4f14 5d5 6s2, DisplayRow=6, DisplayColumn=7, hashCode()=213560294, getAtomicNumber()=75, getElementSymbol()=Rhenium, getAtomicWeight()=Re, getPeriod()=186.207, getGroup()=6, getPhase()=7, getMostStableCrystal()=solid, getType()=hex, getIonicRadius()=Transition Metal, getAtomicRadius()=0.56, getElectronegativity()=2, getFirstIonization()=1.9, getPotential()=7.8335, getDensity()=21.02, getMeltingPoint()=3453.15, getBoilingPoint()=5869, getIsotopes()=21, getDiscoverer()=&quot;Noddack  Berg  and Tacke&quot; , getYearOfDiscovery()=1925, getSpecificHeatCapacity()=0.137, getElectronConfiguration()=[Xe] 4f14 5d5 6s2, getDisplayRow()=6, getDisplayColumn()=7, getClass()=class main.java.PeriodicElement, toString()=main.java.PeriodicElement@cbaabe6]
1514 [main] DEBUG main.java.Provider  - Adding:PeriodicElement [AtomicNumber=76, ElementSymbol=Osmium, AtomicWeight=Os, Period=190.23, Group=6, Phase=8, MostStableCrystal=solid, Type=hex, IonicRadius=Transition Metal, AtomicRadius=0.63, Electronegativity=1.9, FirstIonization=2.2, Potential=8.4382, Density=22.61, MeltingPoint=3300.15, BoilingPoint=5285, Isotopes=19, Discoverer=Tennant, YearOfDiscovery=1803, SpecificHeatCapacity=0.13, ElectronConfiguration=[Xe] 4f14 5d6 6s2, DisplayRow=6, DisplayColumn=8, hashCode()=895002320, getAtomicNumber()=76, getElementSymbol()=Osmium, getAtomicWeight()=Os, getPeriod()=190.23, getGroup()=6, getPhase()=8, getMostStableCrystal()=solid, getType()=hex, getIonicRadius()=Transition Metal, getAtomicRadius()=0.63, getElectronegativity()=1.9, getFirstIonization()=2.2, getPotential()=8.4382, getDensity()=22.61, getMeltingPoint()=3300.15, getBoilingPoint()=5285, getIsotopes()=19, getDiscoverer()=Tennant, getYearOfDiscovery()=1803, getSpecificHeatCapacity()=0.13, getElectronConfiguration()=[Xe] 4f14 5d6 6s2, getDisplayRow()=6, getDisplayColumn()=8, getClass()=class main.java.PeriodicElement, toString()=main.java.PeriodicElement@3558a6d0]
1514 [main] DEBUG main.java.Provider  - Adding:PeriodicElement [AtomicNumber=77, ElementSymbol=Iridium, AtomicWeight=Ir, Period=192.217, Group=6, Phase=9, MostStableCrystal=solid, Type=fcc, IonicRadius=Transition Metal, AtomicRadius=0.63, Electronegativity=1.9, FirstIonization=2.2, Potential=8.967, Density=22.56, MeltingPoint=2716.15, BoilingPoint=4701, Isotopes=25, Discoverer=Tennant, YearOfDiscovery=1804, SpecificHeatCapacity=0.131, ElectronConfiguration=[Xe] 4f14 5d7 6s2, DisplayRow=6, DisplayColumn=9, hashCode()=1522632996, getAtomicNumber()=77, getElementSymbol()=Iridium, getAtomicWeight()=Ir, getPeriod()=192.217, getGroup()=6, getPhase()=9, getMostStableCrystal()=solid, getType()=fcc, getIonicRadius()=Transition Metal, getAtomicRadius()=0.63, getElectronegativity()=1.9, getFirstIonization()=2.2, getPotential()=8.967, getDensity()=22.56, getMeltingPoint()=2716.15, getBoilingPoint()=4701, getIsotopes()=25, getDiscoverer()=Tennant, getYearOfDiscovery()=1804, getSpecificHeatCapacity()=0.131, getElectronConfiguration()=[Xe] 4f14 5d7 6s2, getDisplayRow()=6, getDisplayColumn()=9, getClass()=class main.java.PeriodicElement, toString()=main.java.PeriodicElement@5ac18924]
1514 [main] DEBUG main.java.Provider  - Adding:PeriodicElement [AtomicNumber=78, ElementSymbol=Platinum, AtomicWeight=Pt, Period=195.084, Group=6, Phase=10, MostStableCrystal=solid, Type=fcc, IonicRadius=Transition Metal, AtomicRadius=0.63, Electronegativity=1.8, FirstIonization=2.28, Potential=8.9587, Density=21.46, MeltingPoint=2045.15, BoilingPoint=4098, Isotopes=32, Discoverer=Ulloa/Wood, YearOfDiscovery=1735, SpecificHeatCapacity=0.133, ElectronConfiguration=[Xe] 4f14 5d9 6s1, DisplayRow=6, DisplayColumn=10, hashCode()=-729517335, getAtomicNumber()=78, getElementSymbol()=Platinum, getAtomicWeight()=Pt, getPeriod()=195.084, getGroup()=6, getPhase()=10, getMostStableCrystal()=solid, getType()=fcc, getIonicRadius()=Transition Metal, getAtomicRadius()=0.63, getElectronegativity()=1.8, getFirstIonization()=2.28, getPotential()=8.9587, getDensity()=21.46, getMeltingPoint()=2045.15, getBoilingPoint()=4098, getIsotopes()=32, getDiscoverer()=Ulloa/Wood, getYearOfDiscovery()=1735, getSpecificHeatCapacity()=0.133, getElectronConfiguration()=[Xe] 4f14 5d9 6s1, getDisplayRow()=6, getDisplayColumn()=10, getClass()=class main.java.PeriodicElement, toString()=main.java.PeriodicElement@d48472e9]
1515 [main] DEBUG main.java.Provider  - Adding:PeriodicElement [AtomicNumber=79, ElementSymbol=Gold, AtomicWeight=Au, Period=196.966569, Group=6, Phase=11, MostStableCrystal=solid, Type=fcc, IonicRadius=Transition Metal, AtomicRadius=0.85, Electronegativity=1.8, FirstIonization=2.54, Potential=9.2255, Density=19.282, MeltingPoint=1337.73, BoilingPoint=3129, Isotopes=21, Discoverer=Prehistoric, YearOfDiscovery=, SpecificHeatCapacity=0.129, ElectronConfiguration=[Xe] 4f14 5d10 6s1, DisplayRow=6, DisplayColumn=11, hashCode()=-1079945361, getAtomicNumber()=79, getElementSymbol()=Gold, getAtomicWeight()=Au, getPeriod()=196.966569, getGroup()=6, getPhase()=11, getMostStableCrystal()=solid, getType()=fcc, getIonicRadius()=Transition Metal, getAtomicRadius()=0.85, getElectronegativity()=1.8, getFirstIonization()=2.54, getPotential()=9.2255, getDensity()=19.282, getMeltingPoint()=1337.73, getBoilingPoint()=3129, getIsotopes()=21, getDiscoverer()=Prehistoric, getYearOfDiscovery()=, getSpecificHeatCapacity()=0.129, getElectronConfiguration()=[Xe] 4f14 5d10 6s1, getDisplayRow()=6, getDisplayColumn()=11, getClass()=class main.java.PeriodicElement, toString()=main.java.PeriodicElement@bfa1576f]
1515 [main] DEBUG main.java.Provider  - Adding:PeriodicElement [AtomicNumber=80, ElementSymbol=Mercury, AtomicWeight=Hg, Period=200.59, Group=6, Phase=12, MostStableCrystal=liq, Type=, IonicRadius=Transition Metal, AtomicRadius=1, Electronegativity=1.8, FirstIonization=2, Potential=10.4375, Density=13.5336, MeltingPoint=234.43, BoilingPoint=630, Isotopes=26, Discoverer=Prehistoric, YearOfDiscovery=, SpecificHeatCapacity=0.14, ElectronConfiguration=[Xe] 4f14 5d10 6s2, DisplayRow=6, DisplayColumn=12, hashCode()=-1227086273, getAtomicNumber()=80, getElementSymbol()=Mercury, getAtomicWeight()=Hg, getPeriod()=200.59, getGroup()=6, getPhase()=12, getMostStableCrystal()=liq, getType()=, getIonicRadius()=Transition Metal, getAtomicRadius()=1, getElectronegativity()=1.8, getFirstIonization()=2, getPotential()=10.4375, getDensity()=13.5336, getMeltingPoint()=234.43, getBoilingPoint()=630, getIsotopes()=26, getDiscoverer()=Prehistoric, getYearOfDiscovery()=, getSpecificHeatCapacity()=0.14, getElectronConfiguration()=[Xe] 4f14 5d10 6s2, getDisplayRow()=6, getDisplayColumn()=12, getClass()=class main.java.PeriodicElement, toString()=main.java.PeriodicElement@b6dc263f]
1515 [main] DEBUG main.java.Provider  - Adding:PeriodicElement [AtomicNumber=81, ElementSymbol=Thallium, AtomicWeight=Tl, Period=204.3833, Group=6, Phase=13, MostStableCrystal=solid, Type=hex, IonicRadius=Metal, AtomicRadius=1.5, Electronegativity=2.1, FirstIonization=2.04, Potential=6.1082, Density=11.85, MeltingPoint=577.15, BoilingPoint=1746, Isotopes=28, Discoverer=Crookes, YearOfDiscovery=1861, SpecificHeatCapacity=0.129, ElectronConfiguration=[Xe] 4f14 5d10 6s2 6p1, DisplayRow=6, DisplayColumn=13, hashCode()=-702620978, getAtomicNumber()=81, getElementSymbol()=Thallium, getAtomicWeight()=Tl, getPeriod()=204.3833, getGroup()=6, getPhase()=13, getMostStableCrystal()=solid, getType()=hex, getIonicRadius()=Metal, getAtomicRadius()=1.5, getElectronegativity()=2.1, getFirstIonization()=2.04, getPotential()=6.1082, getDensity()=11.85, getMeltingPoint()=577.15, getBoilingPoint()=1746, getIsotopes()=28, getDiscoverer()=Crookes, getYearOfDiscovery()=1861, getSpecificHeatCapacity()=0.129, getElectronConfiguration()=[Xe] 4f14 5d10 6s2 6p1, getDisplayRow()=6, getDisplayColumn()=13, getClass()=class main.java.PeriodicElement, toString()=main.java.PeriodicElement@d61edace]
1515 [main] DEBUG main.java.Provider  - Adding:PeriodicElement [AtomicNumber=82, ElementSymbol=Lead, AtomicWeight=Pb, Period=207.2, Group=6, Phase=14, MostStableCrystal=solid, Type=fcc, IonicRadius=Metal, AtomicRadius=1.2, Electronegativity=1.8, FirstIonization=2.33, Potential=7.4167, Density=11.342, MeltingPoint=600.75, BoilingPoint=2022, Isotopes=29, Discoverer=Prehistoric, YearOfDiscovery=, SpecificHeatCapacity=0.129, ElectronConfiguration=[Xe] 4f14 5d10 6s2 6p2, DisplayRow=6, DisplayColumn=14, hashCode()=-768473258, getAtomicNumber()=82, getElementSymbol()=Lead, getAtomicWeight()=Pb, getPeriod()=207.2, getGroup()=6, getPhase()=14, getMostStableCrystal()=solid, getType()=fcc, getIonicRadius()=Metal, getAtomicRadius()=1.2, getElectronegativity()=1.8, getFirstIonization()=2.33, getPotential()=7.4167, getDensity()=11.342, getMeltingPoint()=600.75, getBoilingPoint()=2022, getIsotopes()=29, getDiscoverer()=Prehistoric, getYearOfDiscovery()=, getSpecificHeatCapacity()=0.129, getElectronConfiguration()=[Xe] 4f14 5d10 6s2 6p2, getDisplayRow()=6, getDisplayColumn()=14, getClass()=class main.java.PeriodicElement, toString()=main.java.PeriodicElement@d2320756]
1515 [main] DEBUG main.java.Provider  - Adding:PeriodicElement [AtomicNumber=83, ElementSymbol=Bismuth, AtomicWeight=Bi, Period=208.9804, Group=6, Phase=15, MostStableCrystal=solid, Type=rho, IonicRadius=Metal, AtomicRadius=1, Electronegativity=1.6, FirstIonization=2.02, Potential=7.2856, Density=9.807, MeltingPoint=544.67, BoilingPoint=1837, Isotopes=19, Discoverer=Geoffroy the Younger, YearOfDiscovery=1753, SpecificHeatCapacity=0.122, ElectronConfiguration=[Xe] 4f14 5d10 6s2 6p3, DisplayRow=6, DisplayColumn=15, hashCode()=-1807508642, getAtomicNumber()=83, getElementSymbol()=Bismuth, getAtomicWeight()=Bi, getPeriod()=208.9804, getGroup()=6, getPhase()=15, getMostStableCrystal()=solid, getType()=rho, getIonicRadius()=Metal, getAtomicRadius()=1, getElectronegativity()=1.6, getFirstIonization()=2.02, getPotential()=7.2856, getDensity()=9.807, getMeltingPoint()=544.67, getBoilingPoint()=1837, getIsotopes()=19, getDiscoverer()=Geoffroy the Younger, getYearOfDiscovery()=1753, getSpecificHeatCapacity()=0.122, getElectronConfiguration()=[Xe] 4f14 5d10 6s2 6p3, getDisplayRow()=6, getDisplayColumn()=15, getClass()=class main.java.PeriodicElement, toString()=main.java.PeriodicElement@94439b5e]
1515 [main] DEBUG main.java.Provider  - Adding:PeriodicElement [AtomicNumber=84, ElementSymbol=Polonium, AtomicWeight=Po, Period=210, Group=6, Phase=16, MostStableCrystal=solid, Type=cub, IonicRadius=Metalloid, AtomicRadius=2.3, Electronegativity=1.5, FirstIonization=2, Potential=8.417, Density=9.32, MeltingPoint=527.15, BoilingPoint=1235, Isotopes=34, Discoverer=Curie, YearOfDiscovery=1898, SpecificHeatCapacity=, ElectronConfiguration=[Xe] 4f14 5d10 6s2 6p4, DisplayRow=6, DisplayColumn=16, hashCode()=-625311206, getAtomicNumber()=84, getElementSymbol()=Polonium, getAtomicWeight()=Po, getPeriod()=210, getGroup()=6, getPhase()=16, getMostStableCrystal()=solid, getType()=cub, getIonicRadius()=Metalloid, getAtomicRadius()=2.3, getElectronegativity()=1.5, getFirstIonization()=2, getPotential()=8.417, getDensity()=9.32, getMeltingPoint()=527.15, getBoilingPoint()=1235, getIsotopes()=34, getDiscoverer()=Curie, getYearOfDiscovery()=1898, getSpecificHeatCapacity()=, getElectronConfiguration()=[Xe] 4f14 5d10 6s2 6p4, getDisplayRow()=6, getDisplayColumn()=16, getClass()=class main.java.PeriodicElement, toString()=main.java.PeriodicElement@daba821a]
1516 [main] DEBUG main.java.Provider  - Adding:PeriodicElement [AtomicNumber=85, ElementSymbol=Astatine, AtomicWeight=At, Period=210, Group=6, Phase=17, MostStableCrystal=solid, Type=, IonicRadius=Noble Gas, AtomicRadius=, Electronegativity=1.4, FirstIonization=2.2, Potential=9.3, Density=7, MeltingPoint=575.15, BoilingPoint=610, Isotopes=21, Discoverer=Corson et al., YearOfDiscovery=1940, SpecificHeatCapacity=, ElectronConfiguration=[Xe] 4f14 5d10 6s2 6p5, DisplayRow=6, DisplayColumn=17, hashCode()=777057088, getAtomicNumber()=85, getElementSymbol()=Astatine, getAtomicWeight()=At, getPeriod()=210, getGroup()=6, getPhase()=17, getMostStableCrystal()=solid, getType()=, getIonicRadius()=Noble Gas, getAtomicRadius()=, getElectronegativity()=1.4, getFirstIonization()=2.2, getPotential()=9.3, getDensity()=7, getMeltingPoint()=575.15, getBoilingPoint()=610, getIsotopes()=21, getDiscoverer()=Corson et al., getYearOfDiscovery()=1940, getSpecificHeatCapacity()=, getElectronConfiguration()=[Xe] 4f14 5d10 6s2 6p5, getDisplayRow()=6, getDisplayColumn()=17, getClass()=class main.java.PeriodicElement, toString()=main.java.PeriodicElement@2e50f340]
1516 [main] DEBUG main.java.Provider  - Adding:PeriodicElement [AtomicNumber=86, ElementSymbol=Radon, AtomicWeight=Rn, Period=222, Group=6, Phase=18, MostStableCrystal=gas, Type=, IonicRadius=Alkali Metal, AtomicRadius=, Electronegativity=1.3, FirstIonization=, Potential=10.7485, Density=0.00973, MeltingPoint=202.15, BoilingPoint=211.3, Isotopes=20, Discoverer=Dorn, YearOfDiscovery=1900, SpecificHeatCapacity=0.094, ElectronConfiguration=[Xe] 4f14 5d10 6s2 6p6, DisplayRow=6, DisplayColumn=18, hashCode()=-1116433397, getAtomicNumber()=86, getElementSymbol()=Radon, getAtomicWeight()=Rn, getPeriod()=222, getGroup()=6, getPhase()=18, getMostStableCrystal()=gas, getType()=, getIonicRadius()=Alkali Metal, getAtomicRadius()=, getElectronegativity()=1.3, getFirstIonization()=, getPotential()=10.7485, getDensity()=0.00973, getMeltingPoint()=202.15, getBoilingPoint()=211.3, getIsotopes()=20, getDiscoverer()=Dorn, getYearOfDiscovery()=1900, getSpecificHeatCapacity()=0.094, getElectronConfiguration()=[Xe] 4f14 5d10 6s2 6p6, getDisplayRow()=6, getDisplayColumn()=18, getClass()=class main.java.PeriodicElement, toString()=main.java.PeriodicElement@bd74940b]
1516 [main] DEBUG main.java.Provider  - Adding:PeriodicElement [AtomicNumber=87, ElementSymbol=Francium, AtomicWeight=Fr, Period=223, Group=7, Phase=1, MostStableCrystal=solid, Type=bcc, IonicRadius=Alkaline Earth Metal, AtomicRadius=1.8, Electronegativity=, FirstIonization=0.7, Potential=4.0727, Density=1.87, MeltingPoint=300.15, BoilingPoint=950, Isotopes=21, Discoverer=Perey, YearOfDiscovery=1939, SpecificHeatCapacity=, ElectronConfiguration=[Rn] 7s1, DisplayRow=7, DisplayColumn=1, hashCode()=-609673607, getAtomicNumber()=87, getElementSymbol()=Francium, getAtomicWeight()=Fr, getPeriod()=223, getGroup()=7, getPhase()=1, getMostStableCrystal()=solid, getType()=bcc, getIonicRadius()=Alkaline Earth Metal, getAtomicRadius()=1.8, getElectronegativity()=, getFirstIonization()=0.7, getPotential()=4.0727, getDensity()=1.87, getMeltingPoint()=300.15, getBoilingPoint()=950, getIsotopes()=21, getDiscoverer()=Perey, getYearOfDiscovery()=1939, getSpecificHeatCapacity()=, getElectronConfiguration()=[Rn] 7s1, getDisplayRow()=7, getDisplayColumn()=1, getClass()=class main.java.PeriodicElement, toString()=main.java.PeriodicElement@dba91e79]
1516 [main] DEBUG main.java.Provider  - Adding:PeriodicElement [AtomicNumber=88, ElementSymbol=Radium, AtomicWeight=Ra, Period=226, Group=7, Phase=2, MostStableCrystal=solid, Type=bcc, IonicRadius=Actinide, AtomicRadius=1.4, Electronegativity=, FirstIonization=0.9, Potential=5.2784, Density=5.5, MeltingPoint=973.15, BoilingPoint=2010, Isotopes=15, Discoverer=Pierre and Marie Curie, YearOfDiscovery=1898, SpecificHeatCapacity=, ElectronConfiguration=[Rn] 7s2, DisplayRow=7, DisplayColumn=2, hashCode()=722065556, getAtomicNumber()=88, getElementSymbol()=Radium, getAtomicWeight()=Ra, getPeriod()=226, getGroup()=7, getPhase()=2, getMostStableCrystal()=solid, getType()=bcc, getIonicRadius()=Actinide, getAtomicRadius()=1.4, getElectronegativity()=, getFirstIonization()=0.9, getPotential()=5.2784, getDensity()=5.5, getMeltingPoint()=973.15, getBoilingPoint()=2010, getIsotopes()=15, getDiscoverer()=Pierre and Marie Curie, getYearOfDiscovery()=1898, getSpecificHeatCapacity()=, getElectronConfiguration()=[Rn] 7s2, getDisplayRow()=7, getDisplayColumn()=2, getClass()=class main.java.PeriodicElement, toString()=main.java.PeriodicElement@2b09d894]
1516 [main] DEBUG main.java.Provider  - Adding:PeriodicElement [AtomicNumber=89, ElementSymbol=Actinium, AtomicWeight=Ac, Period=227, Group=7, Phase=3, MostStableCrystal=solid, Type=fcc, IonicRadius=Actinide, AtomicRadius=1.1, Electronegativity=, FirstIonization=1.1, Potential=5.17, Density=10.07, MeltingPoint=1323.15, BoilingPoint=3471, Isotopes=11, Discoverer=Debierne/Giesel, YearOfDiscovery=1899, SpecificHeatCapacity=0.12, ElectronConfiguration=[Rn] 6d1 7s2, DisplayRow=9, DisplayColumn=3, hashCode()=875540475, getAtomicNumber()=89, getElementSymbol()=Actinium, getAtomicWeight()=Ac, getPeriod()=227, getGroup()=7, getPhase()=3, getMostStableCrystal()=solid, getType()=fcc, getIonicRadius()=Actinide, getAtomicRadius()=1.1, getElectronegativity()=, getFirstIonization()=1.1, getPotential()=5.17, getDensity()=10.07, getMeltingPoint()=1323.15, getBoilingPoint()=3471, getIsotopes()=11, getDiscoverer()=Debierne/Giesel, getYearOfDiscovery()=1899, getSpecificHeatCapacity()=0.12, getElectronConfiguration()=[Rn] 6d1 7s2, getDisplayRow()=9, getDisplayColumn()=3, getClass()=class main.java.PeriodicElement, toString()=main.java.PeriodicElement@342faffb]
1517 [main] DEBUG main.java.Provider  - Adding:PeriodicElement [AtomicNumber=90, ElementSymbol=Thorium, AtomicWeight=Th, Period=232.03806, Group=7, Phase=19, MostStableCrystal=solid, Type=fcc, IonicRadius=Actinide, AtomicRadius=0.97, Electronegativity=, FirstIonization=1.3, Potential=6.3067, Density=11.72, MeltingPoint=2028.15, BoilingPoint=5061, Isotopes=12, Discoverer=Berzelius, YearOfDiscovery=1828, SpecificHeatCapacity=0.113, ElectronConfiguration=[Rn] 6d2 7s2, DisplayRow=9, DisplayColumn=4, hashCode()=191362189, getAtomicNumber()=90, getElementSymbol()=Thorium, getAtomicWeight()=Th, getPeriod()=232.03806, getGroup()=7, getPhase()=19, getMostStableCrystal()=solid, getType()=fcc, getIonicRadius()=Actinide, getAtomicRadius()=0.97, getElectronegativity()=, getFirstIonization()=1.3, getPotential()=6.3067, getDensity()=11.72, getMeltingPoint()=2028.15, getBoilingPoint()=5061, getIsotopes()=12, getDiscoverer()=Berzelius, getYearOfDiscovery()=1828, getSpecificHeatCapacity()=0.113, getElectronConfiguration()=[Rn] 6d2 7s2, getDisplayRow()=9, getDisplayColumn()=4, getClass()=class main.java.PeriodicElement, toString()=main.java.PeriodicElement@b67f48d]
1517 [main] DEBUG main.java.Provider  - Adding:PeriodicElement [AtomicNumber=91, ElementSymbol=Protactinium, AtomicWeight=Pa, Period=231.03588, Group=7, Phase=20, MostStableCrystal=solid, Type=orth, IonicRadius=Actinide, AtomicRadius=0.78, Electronegativity=, FirstIonization=1.5, Potential=5.89, Density=15.37, MeltingPoint=1873.15, BoilingPoint=4300, Isotopes=14, Discoverer=Hahn and Meitner, YearOfDiscovery=1917, SpecificHeatCapacity=, ElectronConfiguration=[Rn] 5f2 6d1 7s2, DisplayRow=9, DisplayColumn=5, hashCode()=1872018889, getAtomicNumber()=91, getElementSymbol()=Protactinium, getAtomicWeight()=Pa, getPeriod()=231.03588, getGroup()=7, getPhase()=20, getMostStableCrystal()=solid, getType()=orth, getIonicRadius()=Actinide, getAtomicRadius()=0.78, getElectronegativity()=, getFirstIonization()=1.5, getPotential()=5.89, getDensity()=15.37, getMeltingPoint()=1873.15, getBoilingPoint()=4300, getIsotopes()=14, getDiscoverer()=Hahn and Meitner, getYearOfDiscovery()=1917, getSpecificHeatCapacity()=, getElectronConfiguration()=[Rn] 5f2 6d1 7s2, getDisplayRow()=9, getDisplayColumn()=5, getClass()=class main.java.PeriodicElement, toString()=main.java.PeriodicElement@6f94bdc9]
1517 [main] DEBUG main.java.Provider  - Adding:PeriodicElement [AtomicNumber=92, ElementSymbol=Uranium, AtomicWeight=U, Period=238.02891, Group=7, Phase=21, MostStableCrystal=solid, Type=orth, IonicRadius=Actinide, AtomicRadius=0.52, Electronegativity=, FirstIonization=1.38, Potential=6.1941, Density=18.95, MeltingPoint=1405.15, BoilingPoint=4404, Isotopes=15, Discoverer=Peligot, YearOfDiscovery=1841, SpecificHeatCapacity=0.116, ElectronConfiguration=[Rn] 5f3 6d1 7s2, DisplayRow=9, DisplayColumn=6, hashCode()=1337164867, getAtomicNumber()=92, getElementSymbol()=Uranium, getAtomicWeight()=U, getPeriod()=238.02891, getGroup()=7, getPhase()=21, getMostStableCrystal()=solid, getType()=orth, getIonicRadius()=Actinide, getAtomicRadius()=0.52, getElectronegativity()=, getFirstIonization()=1.38, getPotential()=6.1941, getDensity()=18.95, getMeltingPoint()=1405.15, getBoilingPoint()=4404, getIsotopes()=15, getDiscoverer()=Peligot, getYearOfDiscovery()=1841, getSpecificHeatCapacity()=0.116, getElectronConfiguration()=[Rn] 5f3 6d1 7s2, getDisplayRow()=9, getDisplayColumn()=6, getClass()=class main.java.PeriodicElement, toString()=main.java.PeriodicElement@4fb38443]
1517 [main] DEBUG main.java.Provider  - Adding:PeriodicElement [AtomicNumber=93, ElementSymbol=Neptunium, AtomicWeight=Np, Period=237, Group=7, Phase=22, MostStableCrystal=artificial, Type=orth, IonicRadius=Actinide, AtomicRadius=0.75, Electronegativity=, FirstIonization=1.36, Potential=6.2657, Density=20.45, MeltingPoint=913.15, BoilingPoint=4273, Isotopes=153, Discoverer=McMillan and Abelson, YearOfDiscovery=1940, SpecificHeatCapacity=, ElectronConfiguration=[Rn] 5f4 6d1 7s2, DisplayRow=9, DisplayColumn=7, hashCode()=1640333522, getAtomicNumber()=93, getElementSymbol()=Neptunium, getAtomicWeight()=Np, getPeriod()=237, getGroup()=7, getPhase()=22, getMostStableCrystal()=artificial, getType()=orth, getIonicRadius()=Actinide, getAtomicRadius()=0.75, getElectronegativity()=, getFirstIonization()=1.36, getPotential()=6.2657, getDensity()=20.45, getMeltingPoint()=913.15, getBoilingPoint()=4273, getIsotopes()=153, getDiscoverer()=McMillan and Abelson, getYearOfDiscovery()=1940, getSpecificHeatCapacity()=, getElectronConfiguration()=[Rn] 5f4 6d1 7s2, getDisplayRow()=9, getDisplayColumn()=7, getClass()=class main.java.PeriodicElement, toString()=main.java.PeriodicElement@61c580d2]
1517 [main] DEBUG main.java.Provider  - Adding:PeriodicElement [AtomicNumber=94, ElementSymbol=Plutonium, AtomicWeight=Pu, Period=244, Group=7, Phase=23, MostStableCrystal=artificial, Type=mno, IonicRadius=Actinide, AtomicRadius=0.89, Electronegativity=, FirstIonization=1.28, Potential=6.0262, Density=19.84, MeltingPoint=913.15, BoilingPoint=3501, Isotopes=163, Discoverer=Seaborg et al., YearOfDiscovery=1940, SpecificHeatCapacity=, ElectronConfiguration=[Rn] 5f6 7s2, DisplayRow=9, DisplayColumn=8, hashCode()=489177062, getAtomicNumber()=94, getElementSymbol()=Plutonium, getAtomicWeight()=Pu, getPeriod()=244, getGroup()=7, getPhase()=23, getMostStableCrystal()=artificial, getType()=mno, getIonicRadius()=Actinide, getAtomicRadius()=0.89, getElectronegativity()=, getFirstIonization()=1.28, getPotential()=6.0262, getDensity()=19.84, getMeltingPoint()=913.15, getBoilingPoint()=3501, getIsotopes()=163, getDiscoverer()=Seaborg et al., getYearOfDiscovery()=1940, getSpecificHeatCapacity()=, getElectronConfiguration()=[Rn] 5f6 7s2, getDisplayRow()=9, getDisplayColumn()=8, getClass()=class main.java.PeriodicElement, toString()=main.java.PeriodicElement@1d283fe6]
1517 [main] DEBUG main.java.Provider  - Adding:PeriodicElement [AtomicNumber=95, ElementSymbol=Americium, AtomicWeight=Am, Period=243, Group=7, Phase=24, MostStableCrystal=artificial, Type=hex, IonicRadius=Actinide, AtomicRadius=0.98, Electronegativity=, FirstIonization=1.3, Potential=5.9738, Density=13.69, MeltingPoint=1267.15, BoilingPoint=2880, Isotopes=133, Discoverer=Seaborg et al., YearOfDiscovery=1944, SpecificHeatCapacity=, ElectronConfiguration=[Rn] 5f7 7s2, DisplayRow=9, DisplayColumn=9, hashCode()=1014986517, getAtomicNumber()=95, getElementSymbol()=Americium, getAtomicWeight()=Am, getPeriod()=243, getGroup()=7, getPhase()=24, getMostStableCrystal()=artificial, getType()=hex, getIonicRadius()=Actinide, getAtomicRadius()=0.98, getElectronegativity()=, getFirstIonization()=1.3, getPotential()=5.9738, getDensity()=13.69, getMeltingPoint()=1267.15, getBoilingPoint()=2880, getIsotopes()=133, getDiscoverer()=Seaborg et al., getYearOfDiscovery()=1944, getSpecificHeatCapacity()=, getElectronConfiguration()=[Rn] 5f7 7s2, getDisplayRow()=9, getDisplayColumn()=9, getClass()=class main.java.PeriodicElement, toString()=main.java.PeriodicElement@3c7f7715]
1517 [main] DEBUG main.java.Provider  - Adding:PeriodicElement [AtomicNumber=96, ElementSymbol=Curium, AtomicWeight=Cm, Period=247, Group=7, Phase=25, MostStableCrystal=artificial, Type=hex, IonicRadius=Actinide, AtomicRadius=0.97, Electronegativity=, FirstIonization=1.3, Potential=5.9915, Density=13.51, MeltingPoint=1340.15, BoilingPoint=3383, Isotopes=133, Discoverer=Seaborg et al., YearOfDiscovery=1944, SpecificHeatCapacity=, ElectronConfiguration=, DisplayRow=9, DisplayColumn=10, hashCode()=-1065301056, getAtomicNumber()=96, getElementSymbol()=Curium, getAtomicWeight()=Cm, getPeriod()=247, getGroup()=7, getPhase()=25, getMostStableCrystal()=artificial, getType()=hex, getIonicRadius()=Actinide, getAtomicRadius()=0.97, getElectronegativity()=, getFirstIonization()=1.3, getPotential()=5.9915, getDensity()=13.51, getMeltingPoint()=1340.15, getBoilingPoint()=3383, getIsotopes()=133, getDiscoverer()=Seaborg et al., getYearOfDiscovery()=1944, getSpecificHeatCapacity()=, getElectronConfiguration()=, getDisplayRow()=9, getDisplayColumn()=10, getClass()=class main.java.PeriodicElement, toString()=main.java.PeriodicElement@c080cbc0]
1517 [main] DEBUG main.java.Provider  - Adding:PeriodicElement [AtomicNumber=97, ElementSymbol=Berkelium, AtomicWeight=Bk, Period=247, Group=7, Phase=26, MostStableCrystal=artificial, Type=hex, IonicRadius=Actinide, AtomicRadius=0.95, Electronegativity=, FirstIonization=1.3, Potential=6.1979, Density=14.79, MeltingPoint=1259.15, BoilingPoint=983, Isotopes=83, Discoverer=Seaborg et al., YearOfDiscovery=1949, SpecificHeatCapacity=, ElectronConfiguration=, DisplayRow=9, DisplayColumn=11, hashCode()=-197521698, getAtomicNumber()=97, getElementSymbol()=Berkelium, getAtomicWeight()=Bk, getPeriod()=247, getGroup()=7, getPhase()=26, getMostStableCrystal()=artificial, getType()=hex, getIonicRadius()=Actinide, getAtomicRadius()=0.95, getElectronegativity()=, getFirstIonization()=1.3, getPotential()=6.1979, getDensity()=14.79, getMeltingPoint()=1259.15, getBoilingPoint()=983, getIsotopes()=83, getDiscoverer()=Seaborg et al., getYearOfDiscovery()=1949, getSpecificHeatCapacity()=, getElectronConfiguration()=, getDisplayRow()=9, getDisplayColumn()=11, getClass()=class main.java.PeriodicElement, toString()=main.java.PeriodicElement@f43a0ede]
1517 [main] DEBUG main.java.Provider  - Adding:PeriodicElement [AtomicNumber=98, ElementSymbol=Californium, AtomicWeight=Cf, Period=251, Group=7, Phase=27, MostStableCrystal=artificial, Type=hex, IonicRadius=Actinide, AtomicRadius=0.93, Electronegativity=, FirstIonization=1.3, Potential=6.2817, Density=15.1, MeltingPoint=1925.15, BoilingPoint=1173, Isotopes=123, Discoverer=Seaborg et al., YearOfDiscovery=1950, SpecificHeatCapacity=, ElectronConfiguration=, DisplayRow=9, DisplayColumn=12, hashCode()=1464449930, getAtomicNumber()=98, getElementSymbol()=Californium, getAtomicWeight()=Cf, getPeriod()=251, getGroup()=7, getPhase()=27, getMostStableCrystal()=artificial, getType()=hex, getIonicRadius()=Actinide, getAtomicRadius()=0.93, getElectronegativity()=, getFirstIonization()=1.3, getPotential()=6.2817, getDensity()=15.1, getMeltingPoint()=1925.15, getBoilingPoint()=1173, getIsotopes()=123, getDiscoverer()=Seaborg et al., getYearOfDiscovery()=1950, getSpecificHeatCapacity()=, getElectronConfiguration()=, getDisplayRow()=9, getDisplayColumn()=12, getClass()=class main.java.PeriodicElement, toString()=main.java.PeriodicElement@5749bb8a]
1517 [main] DEBUG main.java.Provider  - Adding:PeriodicElement [AtomicNumber=99, ElementSymbol=Einsteinium, AtomicWeight=Es, Period=252, Group=7, Phase=28, MostStableCrystal=artificial, Type=hex, IonicRadius=Actinide, AtomicRadius=, Electronegativity=, FirstIonization=1.3, Potential=6.42, Density=13.5, MeltingPoint=1133.15, BoilingPoint=, Isotopes=123, Discoverer=Ghiorso et al., YearOfDiscovery=1952, SpecificHeatCapacity=, ElectronConfiguration=, DisplayRow=9, DisplayColumn=13, hashCode()=-757669271, getAtomicNumber()=99, getElementSymbol()=Einsteinium, getAtomicWeight()=Es, getPeriod()=252, getGroup()=7, getPhase()=28, getMostStableCrystal()=artificial, getType()=hex, getIonicRadius()=Actinide, getAtomicRadius()=, getElectronegativity()=, getFirstIonization()=1.3, getPotential()=6.42, getDensity()=13.5, getMeltingPoint()=1133.15, getBoilingPoint()=, getIsotopes()=123, getDiscoverer()=Ghiorso et al., getYearOfDiscovery()=1952, getSpecificHeatCapacity()=, getElectronConfiguration()=, getDisplayRow()=9, getDisplayColumn()=13, getClass()=class main.java.PeriodicElement, toString()=main.java.PeriodicElement@d2d6e269]
1517 [main] DEBUG main.java.Provider  - Adding:PeriodicElement [AtomicNumber=100, ElementSymbol=Fermium, AtomicWeight=Fm, Period=257, Group=7, Phase=29, MostStableCrystal=artificial, Type=, IonicRadius=Actinide, AtomicRadius=, Electronegativity=, FirstIonization=1.3, Potential=6.5, Density=, MeltingPoint=, BoilingPoint=, Isotopes=103, Discoverer=Ghiorso et al., YearOfDiscovery=1953, SpecificHeatCapacity=, ElectronConfiguration=, DisplayRow=9, DisplayColumn=14, hashCode()=1120656021, getAtomicNumber()=100, getElementSymbol()=Fermium, getAtomicWeight()=Fm, getPeriod()=257, getGroup()=7, getPhase()=29, getMostStableCrystal()=artificial, getType()=, getIonicRadius()=Actinide, getAtomicRadius()=, getElectronegativity()=, getFirstIonization()=1.3, getPotential()=6.5, getDensity()=, getMeltingPoint()=, getBoilingPoint()=, getIsotopes()=103, getDiscoverer()=Ghiorso et al., getYearOfDiscovery()=1953, getSpecificHeatCapacity()=, getElectronConfiguration()=, getDisplayRow()=9, getDisplayColumn()=14, getClass()=class main.java.PeriodicElement, toString()=main.java.PeriodicElement@42cbda95]
1517 [main] DEBUG main.java.Provider  - Adding:PeriodicElement [AtomicNumber=101, ElementSymbol=Mendelevium, AtomicWeight=Md, Period=258, Group=7, Phase=30, MostStableCrystal=artificial, Type=, IonicRadius=Actinide, AtomicRadius=, Electronegativity=, FirstIonization=1.3, Potential=6.58, Density=, MeltingPoint=, BoilingPoint=, Isotopes=33, Discoverer=Ghiorso et al., YearOfDiscovery=1955, SpecificHeatCapacity=, ElectronConfiguration=, DisplayRow=9, DisplayColumn=15, hashCode()=-84147968, getAtomicNumber()=101, getElementSymbol()=Mendelevium, getAtomicWeight()=Md, getPeriod()=258, getGroup()=7, getPhase()=30, getMostStableCrystal()=artificial, getType()=, getIonicRadius()=Actinide, getAtomicRadius()=, getElectronegativity()=, getFirstIonization()=1.3, getPotential()=6.58, getDensity()=, getMeltingPoint()=, getBoilingPoint()=, getIsotopes()=33, getDiscoverer()=Ghiorso et al., getYearOfDiscovery()=1955, getSpecificHeatCapacity()=, getElectronConfiguration()=, getDisplayRow()=9, getDisplayColumn()=15, getClass()=class main.java.PeriodicElement, toString()=main.java.PeriodicElement@fafc0100]
1518 [main] DEBUG main.java.Provider  - Adding:PeriodicElement [AtomicNumber=102, ElementSymbol=Nobelium, AtomicWeight=No, Period=259, Group=7, Phase=31, MostStableCrystal=artificial, Type=, IonicRadius=Actinide, AtomicRadius=, Electronegativity=, FirstIonization=1.3, Potential=6.65, Density=, MeltingPoint=, BoilingPoint=, Isotopes=73, Discoverer=Ghiorso et al., YearOfDiscovery=1958, SpecificHeatCapacity=, ElectronConfiguration=, DisplayRow=9, DisplayColumn=16, hashCode()=1339546925, getAtomicNumber()=102, getElementSymbol()=Nobelium, getAtomicWeight()=No, getPeriod()=259, getGroup()=7, getPhase()=31, getMostStableCrystal()=artificial, getType()=, getIonicRadius()=Actinide, getAtomicRadius()=, getElectronegativity()=, getFirstIonization()=1.3, getPotential()=6.65, getDensity()=, getMeltingPoint()=, getBoilingPoint()=, getIsotopes()=73, getDiscoverer()=Ghiorso et al., getYearOfDiscovery()=1958, getSpecificHeatCapacity()=, getElectronConfiguration()=, getDisplayRow()=9, getDisplayColumn()=16, getClass()=class main.java.PeriodicElement, toString()=main.java.PeriodicElement@4fd7dd2d]
1518 [main] DEBUG main.java.Provider  - Adding:PeriodicElement [AtomicNumber=103, ElementSymbol=Lawrencium, AtomicWeight=Lr, Period=262, Group=7, Phase=32, MostStableCrystal=artificial, Type=, IonicRadius=Actinide, AtomicRadius=, Electronegativity=, FirstIonization=, Potential=, Density=, MeltingPoint=, BoilingPoint=, Isotopes=203, Discoverer=Ghiorso et al., YearOfDiscovery=1961, SpecificHeatCapacity=, ElectronConfiguration=, DisplayRow=9, DisplayColumn=17, hashCode()=-423929479, getAtomicNumber()=103, getElementSymbol()=Lawrencium, getAtomicWeight()=Lr, getPeriod()=262, getGroup()=7, getPhase()=32, getMostStableCrystal()=artificial, getType()=, getIonicRadius()=Actinide, getAtomicRadius()=, getElectronegativity()=, getFirstIonization()=, getPotential()=, getDensity()=, getMeltingPoint()=, getBoilingPoint()=, getIsotopes()=203, getDiscoverer()=Ghiorso et al., getYearOfDiscovery()=1961, getSpecificHeatCapacity()=, getElectronConfiguration()=, getDisplayRow()=9, getDisplayColumn()=17, getClass()=class main.java.PeriodicElement, toString()=main.java.PeriodicElement@e6bb5979]
1518 [main] DEBUG main.java.Provider  - Adding:PeriodicElement [AtomicNumber=104, ElementSymbol=Rutherfordium, AtomicWeight=Rf, Period=261, Group=7, Phase=4, MostStableCrystal=artificial, Type=, IonicRadius=Transactinide, AtomicRadius=, Electronegativity=, FirstIonization=, Potential=, Density=18.1, MeltingPoint=, BoilingPoint=, Isotopes=, Discoverer=Ghiorso et al., YearOfDiscovery=1969, SpecificHeatCapacity=, ElectronConfiguration=, DisplayRow=7, DisplayColumn=4, hashCode()=513931342, getAtomicNumber()=104, getElementSymbol()=Rutherfordium, getAtomicWeight()=Rf, getPeriod()=261, getGroup()=7, getPhase()=4, getMostStableCrystal()=artificial, getType()=, getIonicRadius()=Transactinide, getAtomicRadius()=, getElectronegativity()=, getFirstIonization()=, getPotential()=, getDensity()=18.1, getMeltingPoint()=, getBoilingPoint()=, getIsotopes()=, getDiscoverer()=Ghiorso et al., getYearOfDiscovery()=1969, getSpecificHeatCapacity()=, getElectronConfiguration()=, getDisplayRow()=7, getDisplayColumn()=4, getClass()=class main.java.PeriodicElement, toString()=main.java.PeriodicElement@1ea1f84e]
1518 [main] DEBUG main.java.Provider  - Adding:PeriodicElement [AtomicNumber=105, ElementSymbol=Dubnium, AtomicWeight=Db, Period=262, Group=7, Phase=5, MostStableCrystal=artificial, Type=, IonicRadius=Transactinide, AtomicRadius=, Electronegativity=, FirstIonization=, Potential=, Density=39, MeltingPoint=, BoilingPoint=, Isotopes=, Discoverer=Ghiorso et al., YearOfDiscovery=1970, SpecificHeatCapacity=, ElectronConfiguration=, DisplayRow=7, DisplayColumn=5, hashCode()=-932006002, getAtomicNumber()=105, getElementSymbol()=Dubnium, getAtomicWeight()=Db, getPeriod()=262, getGroup()=7, getPhase()=5, getMostStableCrystal()=artificial, getType()=, getIonicRadius()=Transactinide, getAtomicRadius()=, getElectronegativity()=, getFirstIonization()=, getPotential()=, getDensity()=39, getMeltingPoint()=, getBoilingPoint()=, getIsotopes()=, getDiscoverer()=Ghiorso et al., getYearOfDiscovery()=1970, getSpecificHeatCapacity()=, getElectronConfiguration()=, getDisplayRow()=7, getDisplayColumn()=5, getClass()=class main.java.PeriodicElement, toString()=main.java.PeriodicElement@c872b78e]
1518 [main] DEBUG main.java.Provider  - Adding:PeriodicElement [AtomicNumber=106, ElementSymbol=Seaborgium, AtomicWeight=Sg, Period=266, Group=7, Phase=6, MostStableCrystal=artificial, Type=, IonicRadius=Transactinide, AtomicRadius=, Electronegativity=, FirstIonization=, Potential=, Density=35, MeltingPoint=, BoilingPoint=, Isotopes=, Discoverer=Ghiorso et al., YearOfDiscovery=1974, SpecificHeatCapacity=, ElectronConfiguration=, DisplayRow=7, DisplayColumn=6, hashCode()=210529007, getAtomicNumber()=106, getElementSymbol()=Seaborgium, getAtomicWeight()=Sg, getPeriod()=266, getGroup()=7, getPhase()=6, getMostStableCrystal()=artificial, getType()=, getIonicRadius()=Transactinide, getAtomicRadius()=, getElectronegativity()=, getFirstIonization()=, getPotential()=, getDensity()=35, getMeltingPoint()=, getBoilingPoint()=, getIsotopes()=, getDiscoverer()=Ghiorso et al., getYearOfDiscovery()=1974, getSpecificHeatCapacity()=, getElectronConfiguration()=, getDisplayRow()=7, getDisplayColumn()=6, getClass()=class main.java.PeriodicElement, toString()=main.java.PeriodicElement@c8c6aef]
1518 [main] DEBUG main.java.Provider  - Adding:PeriodicElement [AtomicNumber=107, ElementSymbol=Bohrium, AtomicWeight=Bh, Period=264, Group=7, Phase=7, MostStableCrystal=artificial, Type=, IonicRadius=Transactinide, AtomicRadius=, Electronegativity=, FirstIonization=, Potential=, Density=37, MeltingPoint=, BoilingPoint=, Isotopes=, Discoverer=Armbruster and MŸnzenberg, YearOfDiscovery=1981, SpecificHeatCapacity=, ElectronConfiguration=, DisplayRow=7, DisplayColumn=7, hashCode()=-1251213665, getAtomicNumber()=107, getElementSymbol()=Bohrium, getAtomicWeight()=Bh, getPeriod()=264, getGroup()=7, getPhase()=7, getMostStableCrystal()=artificial, getType()=, getIonicRadius()=Transactinide, getAtomicRadius()=, getElectronegativity()=, getFirstIonization()=, getPotential()=, getDensity()=37, getMeltingPoint()=, getBoilingPoint()=, getIsotopes()=, getDiscoverer()=Armbruster and MŸnzenberg, getYearOfDiscovery()=1981, getSpecificHeatCapacity()=, getElectronConfiguration()=, getDisplayRow()=7, getDisplayColumn()=7, getClass()=class main.java.PeriodicElement, toString()=main.java.PeriodicElement@b56bfe9f]
1518 [main] DEBUG main.java.Provider  - Adding:PeriodicElement [AtomicNumber=108, ElementSymbol=Hassium, AtomicWeight=Hs, Period=267, Group=7, Phase=8, MostStableCrystal=artificial, Type=, IonicRadius=Transactinide, AtomicRadius=, Electronegativity=, FirstIonization=, Potential=, Density=41, MeltingPoint=, BoilingPoint=, Isotopes=, Discoverer=Armbruster and MŸnzenberg, YearOfDiscovery=1983, SpecificHeatCapacity=, ElectronConfiguration=, DisplayRow=7, DisplayColumn=8, hashCode()=-2018581475, getAtomicNumber()=108, getElementSymbol()=Hassium, getAtomicWeight()=Hs, getPeriod()=267, getGroup()=7, getPhase()=8, getMostStableCrystal()=artificial, getType()=, getIonicRadius()=Transactinide, getAtomicRadius()=, getElectronegativity()=, getFirstIonization()=, getPotential()=, getDensity()=41, getMeltingPoint()=, getBoilingPoint()=, getIsotopes()=, getDiscoverer()=Armbruster and MŸnzenberg, getYearOfDiscovery()=1983, getSpecificHeatCapacity()=, getElectronConfiguration()=, getDisplayRow()=7, getDisplayColumn()=8, getClass()=class main.java.PeriodicElement, toString()=main.java.PeriodicElement@87aee41d]
1518 [main] DEBUG main.java.Provider  - Adding:PeriodicElement [AtomicNumber=109, ElementSymbol=Meitnerium, AtomicWeight=Mt, Period=268, Group=7, Phase=9, MostStableCrystal=artificial, Type=, IonicRadius=Transactinide, AtomicRadius=, Electronegativity=, FirstIonization=, Potential=, Density=35, MeltingPoint=, BoilingPoint=, Isotopes=, Discoverer=&quot;GSI  Darmstadt  West Germany&quot; , YearOfDiscovery=1982, SpecificHeatCapacity=, ElectronConfiguration=, DisplayRow=7, DisplayColumn=9, hashCode()=1511823821, getAtomicNumber()=109, getElementSymbol()=Meitnerium, getAtomicWeight()=Mt, getPeriod()=268, getGroup()=7, getPhase()=9, getMostStableCrystal()=artificial, getType()=, getIonicRadius()=Transactinide, getAtomicRadius()=, getElectronegativity()=, getFirstIonization()=, getPotential()=, getDensity()=35, getMeltingPoint()=, getBoilingPoint()=, getIsotopes()=, getDiscoverer()=&quot;GSI  Darmstadt  West Germany&quot; , getYearOfDiscovery()=1982, getSpecificHeatCapacity()=, getElectronConfiguration()=, getDisplayRow()=7, getDisplayColumn()=9, getClass()=class main.java.PeriodicElement, toString()=main.java.PeriodicElement@5a1c99cd]
1518 [main] DEBUG main.java.Provider  - Adding:PeriodicElement [AtomicNumber=110, ElementSymbol=Darmstadtium , AtomicWeight=Ds , Period=271, Group=7, Phase=10, MostStableCrystal=artificial, Type=, IonicRadius=Transactinide, AtomicRadius=, Electronegativity=, FirstIonization=, Potential=, Density=, MeltingPoint=, BoilingPoint=, Isotopes=, Discoverer=, YearOfDiscovery=, SpecificHeatCapacity=, ElectronConfiguration=, DisplayRow=7, DisplayColumn=10, hashCode()=1327393640, getAtomicNumber()=110, getElementSymbol()=Darmstadtium , getAtomicWeight()=Ds , getPeriod()=271, getGroup()=7, getPhase()=10, getMostStableCrystal()=artificial, getType()=, getIonicRadius()=Transactinide, getAtomicRadius()=, getElectronegativity()=, getFirstIonization()=, getPotential()=, getDensity()=, getMeltingPoint()=, getBoilingPoint()=, getIsotopes()=, getDiscoverer()=, getYearOfDiscovery()=, getSpecificHeatCapacity()=, getElectronConfiguration()=, getDisplayRow()=7, getDisplayColumn()=10, getClass()=class main.java.PeriodicElement, toString()=main.java.PeriodicElement@4f1e6b68]
1518 [main] DEBUG main.java.Provider  - Adding:PeriodicElement [AtomicNumber=111, ElementSymbol=Roentgenium , AtomicWeight=Rg , Period=272, Group=7, Phase=11, MostStableCrystal=artificial, Type=, IonicRadius=Transactinide, AtomicRadius=, Electronegativity=, FirstIonization=, Potential=, Density=, MeltingPoint=, BoilingPoint=, Isotopes=, Discoverer=, YearOfDiscovery=, SpecificHeatCapacity=, ElectronConfiguration=, DisplayRow=7, DisplayColumn=11, hashCode()=739782126, getAtomicNumber()=111, getElementSymbol()=Roentgenium , getAtomicWeight()=Rg , getPeriod()=272, getGroup()=7, getPhase()=11, getMostStableCrystal()=artificial, getType()=, getIonicRadius()=Transactinide, getAtomicRadius()=, getElectronegativity()=, getFirstIonization()=, getPotential()=, getDensity()=, getMeltingPoint()=, getBoilingPoint()=, getIsotopes()=, getDiscoverer()=, getYearOfDiscovery()=, getSpecificHeatCapacity()=, getElectronConfiguration()=, getDisplayRow()=7, getDisplayColumn()=11, getClass()=class main.java.PeriodicElement, toString()=main.java.PeriodicElement@2c182dee]
1518 [main] DEBUG main.java.Provider  - Adding:PeriodicElement [AtomicNumber=112, ElementSymbol=Copernicium , AtomicWeight=Cn , Period=285, Group=7, Phase=12, MostStableCrystal=artificial, Type=, IonicRadius=Transactinide, AtomicRadius=, Electronegativity=, FirstIonization=, Potential=, Density=, MeltingPoint=, BoilingPoint=, Isotopes=, Discoverer=, YearOfDiscovery=, SpecificHeatCapacity=, ElectronConfiguration=, DisplayRow=7, DisplayColumn=12, hashCode()=1399694222, getAtomicNumber()=112, getElementSymbol()=Copernicium , getAtomicWeight()=Cn , getPeriod()=285, getGroup()=7, getPhase()=12, getMostStableCrystal()=artificial, getType()=, getIonicRadius()=Transactinide, getAtomicRadius()=, getElectronegativity()=, getFirstIonization()=, getPotential()=, getDensity()=, getMeltingPoint()=, getBoilingPoint()=, getIsotopes()=, getDiscoverer()=, getYearOfDiscovery()=, getSpecificHeatCapacity()=, getElectronConfiguration()=, getDisplayRow()=7, getDisplayColumn()=12, getClass()=class main.java.PeriodicElement, toString()=main.java.PeriodicElement@536da38e]
1518 [main] DEBUG main.java.Provider  - Adding:PeriodicElement [AtomicNumber=113, ElementSymbol=Ununtrium , AtomicWeight=Uut , Period=284, Group=7, Phase=13, MostStableCrystal=artificial, Type=, IonicRadius=, AtomicRadius=, Electronegativity=, FirstIonization=, Potential=, Density=, MeltingPoint=, BoilingPoint=, Isotopes=, Discoverer=, YearOfDiscovery=, SpecificHeatCapacity=, ElectronConfiguration=, DisplayRow=7, DisplayColumn=13, hashCode()=-1144964579, getAtomicNumber()=113, getElementSymbol()=Ununtrium , getAtomicWeight()=Uut , getPeriod()=284, getGroup()=7, getPhase()=13, getMostStableCrystal()=artificial, getType()=, getIonicRadius()=, getAtomicRadius()=, getElectronegativity()=, getFirstIonization()=, getPotential()=, getDensity()=, getMeltingPoint()=, getBoilingPoint()=, getIsotopes()=, getDiscoverer()=, getYearOfDiscovery()=, getSpecificHeatCapacity()=, getElectronConfiguration()=, getDisplayRow()=7, getDisplayColumn()=13, getClass()=class main.java.PeriodicElement, toString()=main.java.PeriodicElement@bbc13a1d]
1518 [main] DEBUG main.java.Provider  - Adding:PeriodicElement [AtomicNumber=114, ElementSymbol=Ununquadium , AtomicWeight=Uuq , Period=289, Group=7, Phase=14, MostStableCrystal=artificial, Type=, IonicRadius=Transactinide, AtomicRadius=, Electronegativity=, FirstIonization=, Potential=, Density=, MeltingPoint=, BoilingPoint=, Isotopes=, Discoverer=, YearOfDiscovery=, SpecificHeatCapacity=, ElectronConfiguration=, DisplayRow=7, DisplayColumn=14, hashCode()=-1310519764, getAtomicNumber()=114, getElementSymbol()=Ununquadium , getAtomicWeight()=Uuq , getPeriod()=289, getGroup()=7, getPhase()=14, getMostStableCrystal()=artificial, getType()=, getIonicRadius()=Transactinide, getAtomicRadius()=, getElectronegativity()=, getFirstIonization()=, getPotential()=, getDensity()=, getMeltingPoint()=, getBoilingPoint()=, getIsotopes()=, getDiscoverer()=, getYearOfDiscovery()=, getSpecificHeatCapacity()=, getElectronConfiguration()=, getDisplayRow()=7, getDisplayColumn()=14, getClass()=class main.java.PeriodicElement, toString()=main.java.PeriodicElement@b1e30e2c]
1519 [main] DEBUG main.java.Provider  - Adding:PeriodicElement [AtomicNumber=115, ElementSymbol=Ununpentium , AtomicWeight=Uup , Period=288, Group=7, Phase=15, MostStableCrystal=artificial, Type=, IonicRadius=, AtomicRadius=, Electronegativity=, FirstIonization=, Potential=, Density=, MeltingPoint=, BoilingPoint=, Isotopes=, Discoverer=, YearOfDiscovery=, SpecificHeatCapacity=, ElectronConfiguration=, DisplayRow=7, DisplayColumn=15, hashCode()=-2120336096, getAtomicNumber()=115, getElementSymbol()=Ununpentium , getAtomicWeight()=Uup , getPeriod()=288, getGroup()=7, getPhase()=15, getMostStableCrystal()=artificial, getType()=, getIonicRadius()=, getAtomicRadius()=, getElectronegativity()=, getFirstIonization()=, getPotential()=, getDensity()=, getMeltingPoint()=, getBoilingPoint()=, getIsotopes()=, getDiscoverer()=, getYearOfDiscovery()=, getSpecificHeatCapacity()=, getElectronConfiguration()=, getDisplayRow()=7, getDisplayColumn()=15, getClass()=class main.java.PeriodicElement, toString()=main.java.PeriodicElement@819e3d20]
1519 [main] DEBUG main.java.Provider  - Adding:PeriodicElement [AtomicNumber=116, ElementSymbol=Ununhexium , AtomicWeight=Uuh , Period=292, Group=7, Phase=16, MostStableCrystal=artificial, Type=, IonicRadius=Transactinide, AtomicRadius=, Electronegativity=, FirstIonization=, Potential=, Density=, MeltingPoint=, BoilingPoint=, Isotopes=, Discoverer=, YearOfDiscovery=, SpecificHeatCapacity=, ElectronConfiguration=, DisplayRow=7, DisplayColumn=16, hashCode()=1277265523, getAtomicNumber()=116, getElementSymbol()=Ununhexium , getAtomicWeight()=Uuh , getPeriod()=292, getGroup()=7, getPhase()=16, getMostStableCrystal()=artificial, getType()=, getIonicRadius()=Transactinide, getAtomicRadius()=, getElectronegativity()=, getFirstIonization()=, getPotential()=, getDensity()=, getMeltingPoint()=, getBoilingPoint()=, getIsotopes()=, getDiscoverer()=, getYearOfDiscovery()=, getSpecificHeatCapacity()=, getElectronConfiguration()=, getDisplayRow()=7, getDisplayColumn()=16, getClass()=class main.java.PeriodicElement, toString()=main.java.PeriodicElement@4c218673]
1519 [main] DEBUG main.java.Provider  - Adding:PeriodicElement [AtomicNumber=117, ElementSymbol=Ununseptium , AtomicWeight=Uus , Period=295, Group=7, Phase=17, MostStableCrystal=artificial, Type=, IonicRadius=, AtomicRadius=, Electronegativity=, FirstIonization=, Potential=, Density=, MeltingPoint=, BoilingPoint=, Isotopes=, Discoverer=, YearOfDiscovery=, SpecificHeatCapacity=, ElectronConfiguration=, DisplayRow=7, DisplayColumn=17, hashCode()=-1160543422, getAtomicNumber()=117, getElementSymbol()=Ununseptium , getAtomicWeight()=Uus , getPeriod()=295, getGroup()=7, getPhase()=17, getMostStableCrystal()=artificial, getType()=, getIonicRadius()=, getAtomicRadius()=, getElectronegativity()=, getFirstIonization()=, getPotential()=, getDensity()=, getMeltingPoint()=, getBoilingPoint()=, getIsotopes()=, getDiscoverer()=, getYearOfDiscovery()=, getSpecificHeatCapacity()=, getElectronConfiguration()=, getDisplayRow()=7, getDisplayColumn()=17, getClass()=class main.java.PeriodicElement, toString()=main.java.PeriodicElement@bad38342]
1519 [main] DEBUG main.java.Provider  - Adding:PeriodicElement [AtomicNumber=118, ElementSymbol=Ununoctium , AtomicWeight=Uuo , Period=294, Group=7, Phase=18, MostStableCrystal=artificial, Type=, IonicRadius=Noble Gas, AtomicRadius=, Electronegativity=, FirstIonization=, Potential=, Density=, MeltingPoint=, BoilingPoint=, Isotopes=, Discoverer=, YearOfDiscovery=, SpecificHeatCapacity=, ElectronConfiguration=, DisplayRow=7, DisplayColumn=18, hashCode()=-679519811, getAtomicNumber()=118, getElementSymbol()=Ununoctium , getAtomicWeight()=Uuo , getPeriod()=294, getGroup()=7, getPhase()=18, getMostStableCrystal()=artificial, getType()=, getIonicRadius()=Noble Gas, getAtomicRadius()=, getElectronegativity()=, getFirstIonization()=, getPotential()=, getDensity()=, getMeltingPoint()=, getBoilingPoint()=, getIsotopes()=, getDiscoverer()=, getYearOfDiscovery()=, getSpecificHeatCapacity()=, getElectronConfiguration()=, getDisplayRow()=7, getDisplayColumn()=18, getClass()=class main.java.PeriodicElement, toString()=main.java.PeriodicElement@d77f59bd]
1519 [main] DEBUG main.java.Provider  - List of PeriodicElement contains 118 elements.
1519 [main] INFO main.java.Provider  - PeriodicElement [AtomicNumber=1, ElementSymbol=Hydrogen, AtomicWeight=H, Period=1.00794, Group=1, Phase=1, MostStableCrystal=gas, Type=, IonicRadius=Nonmetal, AtomicRadius=0.012, Electronegativity=0.79, FirstIonization=2.2, Potential=13.5984, Density=0.00008988, MeltingPoint=14.175, BoilingPoint=20.28, Isotopes=3, Discoverer=Cavendish, YearOfDiscovery=1766, SpecificHeatCapacity=14.304, ElectronConfiguration=1s1, DisplayRow=1, DisplayColumn=1, hashCode()=832504077, getAtomicNumber()=1, getElementSymbol()=Hydrogen, getAtomicWeight()=H, getPeriod()=1.00794, getGroup()=1, getPhase()=1, getMostStableCrystal()=gas, getType()=, getIonicRadius()=Nonmetal, getAtomicRadius()=0.012, getElectronegativity()=0.79, getFirstIonization()=2.2, getPotential()=13.5984, getDensity()=0.00008988, getMeltingPoint()=14.175, getBoilingPoint()=20.28, getIsotopes()=3, getDiscoverer()=Cavendish, getYearOfDiscovery()=1766, getSpecificHeatCapacity()=14.304, getElectronConfiguration()=1s1, getDisplayRow()=1, getDisplayColumn()=1, getClass()=class main.java.PeriodicElement, toString()=main.java.PeriodicElement@319f010d]
1519 [main] INFO main.java.Provider  - PeriodicElement [AtomicNumber=2, ElementSymbol=Helium, AtomicWeight=He, Period=4.002602, Group=1, Phase=18, MostStableCrystal=gas, Type=, IonicRadius=Noble Gas, AtomicRadius=, Electronegativity=0.49, FirstIonization=, Potential=24.5874, Density=0.0001785, MeltingPoint=, BoilingPoint=4.22, Isotopes=5, Discoverer=Janssen, YearOfDiscovery=1868, SpecificHeatCapacity=5.193, ElectronConfiguration=1s2, DisplayRow=1, DisplayColumn=18, hashCode()=1439492576, getAtomicNumber()=2, getElementSymbol()=Helium, getAtomicWeight()=He, getPeriod()=4.002602, getGroup()=1, getPhase()=18, getMostStableCrystal()=gas, getType()=, getIonicRadius()=Noble Gas, getAtomicRadius()=, getElectronegativity()=0.49, getFirstIonization()=, getPotential()=24.5874, getDensity()=0.0001785, getMeltingPoint()=, getBoilingPoint()=4.22, getIsotopes()=5, getDiscoverer()=Janssen, getYearOfDiscovery()=1868, getSpecificHeatCapacity()=5.193, getElectronConfiguration()=1s2, getDisplayRow()=1, getDisplayColumn()=18, getClass()=class main.java.PeriodicElement, toString()=main.java.PeriodicElement@55cce9e0]
1519 [main] INFO main.java.Provider  - PeriodicElement [AtomicNumber=3, ElementSymbol=Lithium, AtomicWeight=Li, Period=6.941, Group=2, Phase=1, MostStableCrystal=solid, Type=bcc, IonicRadius=Alkali Metal, AtomicRadius=0.76, Electronegativity=2.1, FirstIonization=0.98, Potential=5.3917, Density=0.534, MeltingPoint=453.85, BoilingPoint=1615, Isotopes=5, Discoverer=Arfvedson, YearOfDiscovery=1817, SpecificHeatCapacity=3.582, ElectronConfiguration=[He] 2s1, DisplayRow=2, DisplayColumn=1, hashCode()=131087650, getAtomicNumber()=3, getElementSymbol()=Lithium, getAtomicWeight()=Li, getPeriod()=6.941, getGroup()=2, getPhase()=1, getMostStableCrystal()=solid, getType()=bcc, getIonicRadius()=Alkali Metal, getAtomicRadius()=0.76, getElectronegativity()=2.1, getFirstIonization()=0.98, getPotential()=5.3917, getDensity()=0.534, getMeltingPoint()=453.85, getBoilingPoint()=1615, getIsotopes()=5, getDiscoverer()=Arfvedson, getYearOfDiscovery()=1817, getSpecificHeatCapacity()=3.582, getElectronConfiguration()=[He] 2s1, getDisplayRow()=2, getDisplayColumn()=1, getClass()=class main.java.PeriodicElement, toString()=main.java.PeriodicElement@7d03d22]
1519 [main] INFO main.java.Provider  - PeriodicElement [AtomicNumber=4, ElementSymbol=Beryllium, AtomicWeight=Be, Period=9.012182, Group=2, Phase=2, MostStableCrystal=solid, Type=hex, IonicRadius=Alkaline Earth Metal, AtomicRadius=0.35, Electronegativity=1.4, FirstIonization=1.57, Potential=9.3227, Density=1.85, MeltingPoint=1560.15, BoilingPoint=2742, Isotopes=6, Discoverer=Vaulquelin, YearOfDiscovery=1798, SpecificHeatCapacity=1.825, ElectronConfiguration=[He] 2s2, DisplayRow=2, DisplayColumn=2, hashCode()=1267597085, getAtomicNumber()=4, getElementSymbol()=Beryllium, getAtomicWeight()=Be, getPeriod()=9.012182, getGroup()=2, getPhase()=2, getMostStableCrystal()=solid, getType()=hex, getIonicRadius()=Alkaline Earth Metal, getAtomicRadius()=0.35, getElectronegativity()=1.4, getFirstIonization()=1.57, getPotential()=9.3227, getDensity()=1.85, getMeltingPoint()=1560.15, getBoilingPoint()=2742, getIsotopes()=6, getDiscoverer()=Vaulquelin, getYearOfDiscovery()=1798, getSpecificHeatCapacity()=1.825, getElectronConfiguration()=[He] 2s2, getDisplayRow()=2, getDisplayColumn()=2, getClass()=class main.java.PeriodicElement, toString()=main.java.PeriodicElement@4b8dff1d]
1519 [main] INFO main.java.Provider  - PeriodicElement [AtomicNumber=5, ElementSymbol=Boron, AtomicWeight=B, Period=10.811, Group=2, Phase=13, MostStableCrystal=solid, Type=rho, IonicRadius=Metalloid, AtomicRadius=0.23, Electronegativity=1.2, FirstIonization=2.04, Potential=8.298, Density=2.34, MeltingPoint=2573.15, BoilingPoint=4200, Isotopes=6, Discoverer=Gay-Lussac, YearOfDiscovery=1808, SpecificHeatCapacity=1.026, ElectronConfiguration=[He] 2s2 2p1, DisplayRow=2, DisplayColumn=13, hashCode()=-1503773685, getAtomicNumber()=5, getElementSymbol()=Boron, getAtomicWeight()=B, getPeriod()=10.811, getGroup()=2, getPhase()=13, getMostStableCrystal()=solid, getType()=rho, getIonicRadius()=Metalloid, getAtomicRadius()=0.23, getElectronegativity()=1.2, getFirstIonization()=2.04, getPotential()=8.298, getDensity()=2.34, getMeltingPoint()=2573.15, getBoilingPoint()=4200, getIsotopes()=6, getDiscoverer()=Gay-Lussac, getYearOfDiscovery()=1808, getSpecificHeatCapacity()=1.026, getElectronConfiguration()=[He] 2s2 2p1, getDisplayRow()=2, getDisplayColumn()=13, getClass()=class main.java.PeriodicElement, toString()=main.java.PeriodicElement@a65e3c0b]
1519 [main] INFO main.java.Provider  - PeriodicElement [AtomicNumber=6, ElementSymbol=Carbon, AtomicWeight=C, Period=12.0107, Group=2, Phase=14, MostStableCrystal=solid, Type=hex, IonicRadius=Nonmetal, AtomicRadius=, Electronegativity=0.91, FirstIonization=2.55, Potential=11.2603, Density=2.267, MeltingPoint=3948.15, BoilingPoint=4300, Isotopes=7, Discoverer=Prehistoric, YearOfDiscovery=, SpecificHeatCapacity=0.709, ElectronConfiguration=[He] 2s2 2p2, DisplayRow=2, DisplayColumn=14, hashCode()=-2024767978, getAtomicNumber()=6, getElementSymbol()=Carbon, getAtomicWeight()=C, getPeriod()=12.0107, getGroup()=2, getPhase()=14, getMostStableCrystal()=solid, getType()=hex, getIonicRadius()=Nonmetal, getAtomicRadius()=, getElectronegativity()=0.91, getFirstIonization()=2.55, getPotential()=11.2603, getDensity()=2.267, getMeltingPoint()=3948.15, getBoilingPoint()=4300, getIsotopes()=7, getDiscoverer()=Prehistoric, getYearOfDiscovery()=, getSpecificHeatCapacity()=0.709, getElectronConfiguration()=[He] 2s2 2p2, getDisplayRow()=2, getDisplayColumn()=14, getClass()=class main.java.PeriodicElement, toString()=main.java.PeriodicElement@87507e16]
1520 [main] INFO main.java.Provider  - PeriodicElement [AtomicNumber=7, ElementSymbol=Nitrogen, AtomicWeight=N, Period=14.0067, Group=2, Phase=15, MostStableCrystal=gas, Type=, IonicRadius=Nonmetal, AtomicRadius=0.13, Electronegativity=0.75, FirstIonization=3.04, Potential=14.5341, Density=0.0012506, MeltingPoint=63.29, BoilingPoint=77.36, Isotopes=8, Discoverer=Rutherford, YearOfDiscovery=1772, SpecificHeatCapacity=1.04, ElectronConfiguration=[He] 2s2 2p3, DisplayRow=2, DisplayColumn=15, hashCode()=-1529524175, getAtomicNumber()=7, getElementSymbol()=Nitrogen, getAtomicWeight()=N, getPeriod()=14.0067, getGroup()=2, getPhase()=15, getMostStableCrystal()=gas, getType()=, getIonicRadius()=Nonmetal, getAtomicRadius()=0.13, getElectronegativity()=0.75, getFirstIonization()=3.04, getPotential()=14.5341, getDensity()=0.0012506, getMeltingPoint()=63.29, getBoilingPoint()=77.36, getIsotopes()=8, getDiscoverer()=Rutherford, getYearOfDiscovery()=1772, getSpecificHeatCapacity()=1.04, getElectronConfiguration()=[He] 2s2 2p3, getDisplayRow()=2, getDisplayColumn()=15, getClass()=class main.java.PeriodicElement, toString()=main.java.PeriodicElement@a4d55031]
1520 [main] INFO main.java.Provider  - PeriodicElement [AtomicNumber=8, ElementSymbol=Oxygen, AtomicWeight=O, Period=15.9994, Group=2, Phase=16, MostStableCrystal=gas, Type=, IonicRadius=Nonmetal, AtomicRadius=1.4, Electronegativity=0.65, FirstIonization=3.44, Potential=13.6181, Density=0.001429, MeltingPoint=50.5, BoilingPoint=90.2, Isotopes=8, Discoverer=Priestley/Scheele, YearOfDiscovery=1774, SpecificHeatCapacity=0.918, ElectronConfiguration=[He] 2s2 2p4, DisplayRow=2, DisplayColumn=16, hashCode()=1533856652, getAtomicNumber()=8, getElementSymbol()=Oxygen, getAtomicWeight()=O, getPeriod()=15.9994, getGroup()=2, getPhase()=16, getMostStableCrystal()=gas, getType()=, getIonicRadius()=Nonmetal, getAtomicRadius()=1.4, getElectronegativity()=0.65, getFirstIonization()=3.44, getPotential()=13.6181, getDensity()=0.001429, getMeltingPoint()=50.5, getBoilingPoint()=90.2, getIsotopes()=8, getDiscoverer()=Priestley/Scheele, getYearOfDiscovery()=1774, getSpecificHeatCapacity()=0.918, getElectronConfiguration()=[He] 2s2 2p4, getDisplayRow()=2, getDisplayColumn()=16, getClass()=class main.java.PeriodicElement, toString()=main.java.PeriodicElement@5b6ccb8c]
1520 [main] INFO main.java.Provider  - PeriodicElement [AtomicNumber=9, ElementSymbol=Fluorine, AtomicWeight=F, Period=18.9984032, Group=2, Phase=17, MostStableCrystal=gas, Type=, IonicRadius=Halogen, AtomicRadius=1.3, Electronegativity=0.57, FirstIonization=3.98, Potential=17.4228, Density=0.001696, MeltingPoint=53.63, BoilingPoint=85.03, Isotopes=6, Discoverer=Moissan, YearOfDiscovery=1886, SpecificHeatCapacity=0.824, ElectronConfiguration=[He] 2s2 2p5, DisplayRow=2, DisplayColumn=17, hashCode()=-1895686076, getAtomicNumber()=9, getElementSymbol()=Fluorine, getAtomicWeight()=F, getPeriod()=18.9984032, getGroup()=2, getPhase()=17, getMostStableCrystal()=gas, getType()=, getIonicRadius()=Halogen, getAtomicRadius()=1.3, getElectronegativity()=0.57, getFirstIonization()=3.98, getPotential()=17.4228, getDensity()=0.001696, getMeltingPoint()=53.63, getBoilingPoint()=85.03, getIsotopes()=6, getDiscoverer()=Moissan, getYearOfDiscovery()=1886, getSpecificHeatCapacity()=0.824, getElectronConfiguration()=[He] 2s2 2p5, getDisplayRow()=2, getDisplayColumn()=17, getClass()=class main.java.PeriodicElement, toString()=main.java.PeriodicElement@8f022044]
1521 [main] INFO main.java.Provider  - PeriodicElement [AtomicNumber=10, ElementSymbol=Neon, AtomicWeight=Ne, Period=20.1797, Group=2, Phase=18, MostStableCrystal=gas, Type=, IonicRadius=Noble Gas, AtomicRadius=, Electronegativity=0.51, FirstIonization=, Potential=21.5645, Density=0.0008999, MeltingPoint=24.703, BoilingPoint=27.07, Isotopes=8, Discoverer=Ramsay and Travers, YearOfDiscovery=1898, SpecificHeatCapacity=1.03, ElectronConfiguration=[He] 2s2 2p6, DisplayRow=2, DisplayColumn=18, hashCode()=-567683862, getAtomicNumber()=10, getElementSymbol()=Neon, getAtomicWeight()=Ne, getPeriod()=20.1797, getGroup()=2, getPhase()=18, getMostStableCrystal()=gas, getType()=, getIonicRadius()=Noble Gas, getAtomicRadius()=, getElectronegativity()=0.51, getFirstIonization()=, getPotential()=21.5645, getDensity()=0.0008999, getMeltingPoint()=24.703, getBoilingPoint()=27.07, getIsotopes()=8, getDiscoverer()=Ramsay and Travers, getYearOfDiscovery()=1898, getSpecificHeatCapacity()=1.03, getElectronConfiguration()=[He] 2s2 2p6, getDisplayRow()=2, getDisplayColumn()=18, getClass()=class main.java.PeriodicElement, toString()=main.java.PeriodicElement@de29d4ea]
1521 [main] INFO main.java.Provider  - PeriodicElement [AtomicNumber=11, ElementSymbol=Sodium, AtomicWeight=Na, Period=22.98976928, Group=3, Phase=1, MostStableCrystal=solid, Type=bcc, IonicRadius=Alkali Metal, AtomicRadius=1, Electronegativity=2.2, FirstIonization=0.93, Potential=5.1391, Density=0.971, MeltingPoint=371.15, BoilingPoint=1156, Isotopes=7, Discoverer=Davy, YearOfDiscovery=1807, SpecificHeatCapacity=1.228, ElectronConfiguration=[Ne] 3s1, DisplayRow=3, DisplayColumn=1, hashCode()=411041110, getAtomicNumber()=11, getElementSymbol()=Sodium, getAtomicWeight()=Na, getPeriod()=22.98976928, getGroup()=3, getPhase()=1, getMostStableCrystal()=solid, getType()=bcc, getIonicRadius()=Alkali Metal, getAtomicRadius()=1, getElectronegativity()=2.2, getFirstIonization()=0.93, getPotential()=5.1391, getDensity()=0.971, getMeltingPoint()=371.15, getBoilingPoint()=1156, getIsotopes()=7, getDiscoverer()=Davy, getYearOfDiscovery()=1807, getSpecificHeatCapacity()=1.228, getElectronConfiguration()=[Ne] 3s1, getDisplayRow()=3, getDisplayColumn()=1, getClass()=class main.java.PeriodicElement, toString()=main.java.PeriodicElement@187ffd56]
1521 [main] INFO main.java.Provider  - PeriodicElement [AtomicNumber=12, ElementSymbol=Magnesium, AtomicWeight=Mg, Period=24.305, Group=3, Phase=2, MostStableCrystal=solid, Type=hex, IonicRadius=Alkaline Earth Metal, AtomicRadius=0.72, Electronegativity=1.7, FirstIonization=1.31, Potential=7.6462, Density=1.738, MeltingPoint=923.15, BoilingPoint=1363, Isotopes=8, Discoverer=Black, YearOfDiscovery=1755, SpecificHeatCapacity=1.023, ElectronConfiguration=[Ne] 3s2, DisplayRow=3, DisplayColumn=2, hashCode()=1886579053, getAtomicNumber()=12, getElementSymbol()=Magnesium, getAtomicWeight()=Mg, getPeriod()=24.305, getGroup()=3, getPhase()=2, getMostStableCrystal()=solid, getType()=hex, getIonicRadius()=Alkaline Earth Metal, getAtomicRadius()=0.72, getElectronegativity()=1.7, getFirstIonization()=1.31, getPotential()=7.6462, getDensity()=1.738, getMeltingPoint()=923.15, getBoilingPoint()=1363, getIsotopes()=8, getDiscoverer()=Black, getYearOfDiscovery()=1755, getSpecificHeatCapacity()=1.023, getElectronConfiguration()=[Ne] 3s2, getDisplayRow()=3, getDisplayColumn()=2, getClass()=class main.java.PeriodicElement, toString()=main.java.PeriodicElement@7072e96d]
1523 [main] INFO main.java.Provider  - PeriodicElement [AtomicNumber=13, ElementSymbol=Aluminum, AtomicWeight=Al, Period=26.9815386, Group=3, Phase=13, MostStableCrystal=solid, Type=fcc, IonicRadius=Metal, AtomicRadius=0.54, Electronegativity=1.8, FirstIonization=1.61, Potential=5.9858, Density=2.698, MeltingPoint=933.4, BoilingPoint=2792, Isotopes=8, Discoverer=Wšhler, YearOfDiscovery=1827, SpecificHeatCapacity=0.897, ElectronConfiguration=[Ne] 3s2 3p1, DisplayRow=3, DisplayColumn=13, hashCode()=-944610419, getAtomicNumber()=13, getElementSymbol()=Aluminum, getAtomicWeight()=Al, getPeriod()=26.9815386, getGroup()=3, getPhase()=13, getMostStableCrystal()=solid, getType()=fcc, getIonicRadius()=Metal, getAtomicRadius()=0.54, getElectronegativity()=1.8, getFirstIonization()=1.61, getPotential()=5.9858, getDensity()=2.698, getMeltingPoint()=933.4, getBoilingPoint()=2792, getIsotopes()=8, getDiscoverer()=Wšhler, getYearOfDiscovery()=1827, getSpecificHeatCapacity()=0.897, getElectronConfiguration()=[Ne] 3s2 3p1, getDisplayRow()=3, getDisplayColumn()=13, getClass()=class main.java.PeriodicElement, toString()=main.java.PeriodicElement@c7b2638d]
1523 [main] INFO main.java.Provider  - PeriodicElement [AtomicNumber=14, ElementSymbol=Silicon, AtomicWeight=Si, Period=28.0855, Group=3, Phase=14, MostStableCrystal=solid, Type=fcc, IonicRadius=Metalloid, AtomicRadius=0.4, Electronegativity=1.5, FirstIonization=1.9, Potential=8.1517, Density=2.3296, MeltingPoint=1683.15, BoilingPoint=3538, Isotopes=8, Discoverer=Berzelius, YearOfDiscovery=1824, SpecificHeatCapacity=0.705, ElectronConfiguration=[Ne] 3s2 3p2, DisplayRow=3, DisplayColumn=14, hashCode()=1522474350, getAtomicNumber()=14, getElementSymbol()=Silicon, getAtomicWeight()=Si, getPeriod()=28.0855, getGroup()=3, getPhase()=14, getMostStableCrystal()=solid, getType()=fcc, getIonicRadius()=Metalloid, getAtomicRadius()=0.4, getElectronegativity()=1.5, getFirstIonization()=1.9, getPotential()=8.1517, getDensity()=2.3296, getMeltingPoint()=1683.15, getBoilingPoint()=3538, getIsotopes()=8, getDiscoverer()=Berzelius, getYearOfDiscovery()=1824, getSpecificHeatCapacity()=0.705, getElectronConfiguration()=[Ne] 3s2 3p2, getDisplayRow()=3, getDisplayColumn()=14, getClass()=class main.java.PeriodicElement, toString()=main.java.PeriodicElement@5abf1d6e]
1523 [main] INFO main.java.Provider  - PeriodicElement [AtomicNumber=15, ElementSymbol=Phosphorus, AtomicWeight=P, Period=30.973762, Group=3, Phase=15, MostStableCrystal=solid, Type=cub, IonicRadius=Nonmetal, AtomicRadius=0.38, Electronegativity=1.2, FirstIonization=2.19, Potential=10.4867, Density=1.82, MeltingPoint=317.25, BoilingPoint=553, Isotopes=7, Discoverer=BranBrand, YearOfDiscovery=1669, SpecificHeatCapacity=0.769, ElectronConfiguration=[Ne] 3s2 3p3, DisplayRow=3, DisplayColumn=15, hashCode()=511799426, getAtomicNumber()=15, getElementSymbol()=Phosphorus, getAtomicWeight()=P, getPeriod()=30.973762, getGroup()=3, getPhase()=15, getMostStableCrystal()=solid, getType()=cub, getIonicRadius()=Nonmetal, getAtomicRadius()=0.38, getElectronegativity()=1.2, getFirstIonization()=2.19, getPotential()=10.4867, getDensity()=1.82, getMeltingPoint()=317.25, getBoilingPoint()=553, getIsotopes()=7, getDiscoverer()=BranBrand, getYearOfDiscovery()=1669, getSpecificHeatCapacity()=0.769, getElectronConfiguration()=[Ne] 3s2 3p3, getDisplayRow()=3, getDisplayColumn()=15, getClass()=class main.java.PeriodicElement, toString()=main.java.PeriodicElement@1e817082]
1524 [main] INFO main.java.Provider  - PeriodicElement [AtomicNumber=16, ElementSymbol=Sulfur, AtomicWeight=S, Period=32.065, Group=3, Phase=16, MostStableCrystal=solid, Type=orth, IonicRadius=Nonmetal, AtomicRadius=0.37, Electronegativity=1.1, FirstIonization=2.58, Potential=10.36, Density=2.067, MeltingPoint=388.51, BoilingPoint=717.8, Isotopes=10, Discoverer=Prehistoric, YearOfDiscovery=, SpecificHeatCapacity=0.71, ElectronConfiguration=[Ne] 3s2 3p4, DisplayRow=3, DisplayColumn=16, hashCode()=-1295985107, getAtomicNumber()=16, getElementSymbol()=Sulfur, getAtomicWeight()=S, getPeriod()=32.065, getGroup()=3, getPhase()=16, getMostStableCrystal()=solid, getType()=orth, getIonicRadius()=Nonmetal, getAtomicRadius()=0.37, getElectronegativity()=1.1, getFirstIonization()=2.58, getPotential()=10.36, getDensity()=2.067, getMeltingPoint()=388.51, getBoilingPoint()=717.8, getIsotopes()=10, getDiscoverer()=Prehistoric, getYearOfDiscovery()=, getSpecificHeatCapacity()=0.71, getElectronConfiguration()=[Ne] 3s2 3p4, getDisplayRow()=3, getDisplayColumn()=16, getClass()=class main.java.PeriodicElement, toString()=main.java.PeriodicElement@b2c0d62d]
1525 [main] INFO main.java.Provider  - PeriodicElement [AtomicNumber=17, ElementSymbol=Chlorine, AtomicWeight=Cl, Period=35.453, Group=3, Phase=17, MostStableCrystal=gas, Type=, IonicRadius=Halogen, AtomicRadius=1.8, Electronegativity=0.97, FirstIonization=3.16, Potential=12.9676, Density=0.003214, MeltingPoint=172.31, BoilingPoint=239.11, Isotopes=11, Discoverer=Scheele, YearOfDiscovery=1774, SpecificHeatCapacity=0.479, ElectronConfiguration=[Ne] 3s2 3p5, DisplayRow=3, DisplayColumn=17, hashCode()=1370044568, getAtomicNumber()=17, getElementSymbol()=Chlorine, getAtomicWeight()=Cl, getPeriod()=35.453, getGroup()=3, getPhase()=17, getMostStableCrystal()=gas, getType()=, getIonicRadius()=Halogen, getAtomicRadius()=1.8, getElectronegativity()=0.97, getFirstIonization()=3.16, getPotential()=12.9676, getDensity()=0.003214, getMeltingPoint()=172.31, getBoilingPoint()=239.11, getIsotopes()=11, getDiscoverer()=Scheele, getYearOfDiscovery()=1774, getSpecificHeatCapacity()=0.479, getElectronConfiguration()=[Ne] 3s2 3p5, getDisplayRow()=3, getDisplayColumn()=17, getClass()=class main.java.PeriodicElement, toString()=main.java.PeriodicElement@51a93898]
1525 [main] INFO main.java.Provider  - PeriodicElement [AtomicNumber=18, ElementSymbol=Argon, AtomicWeight=Ar, Period=39.948, Group=3, Phase=18, MostStableCrystal=gas, Type=, IonicRadius=Noble Gas, AtomicRadius=, Electronegativity=0.88, FirstIonization=, Potential=15.7596, Density=0.0017837, MeltingPoint=83.96, BoilingPoint=87.3, Isotopes=8, Discoverer=Rayleigh and Ramsay, YearOfDiscovery=1894, SpecificHeatCapacity=0.52, ElectronConfiguration=[Ne] 3s2 3p6, DisplayRow=3, DisplayColumn=18, hashCode()=-998731224, getAtomicNumber()=18, getElementSymbol()=Argon, getAtomicWeight()=Ar, getPeriod()=39.948, getGroup()=3, getPhase()=18, getMostStableCrystal()=gas, getType()=, getIonicRadius()=Noble Gas, getAtomicRadius()=, getElectronegativity()=0.88, getFirstIonization()=, getPotential()=15.7596, getDensity()=0.0017837, getMeltingPoint()=83.96, getBoilingPoint()=87.3, getIsotopes()=8, getDiscoverer()=Rayleigh and Ramsay, getYearOfDiscovery()=1894, getSpecificHeatCapacity()=0.52, getElectronConfiguration()=[Ne] 3s2 3p6, getDisplayRow()=3, getDisplayColumn()=18, getClass()=class main.java.PeriodicElement, toString()=main.java.PeriodicElement@c4789228]
1525 [main] INFO main.java.Provider  - PeriodicElement [AtomicNumber=19, ElementSymbol=Potassium, AtomicWeight=K, Period=39.0983, Group=4, Phase=1, MostStableCrystal=solid, Type=bcc, IonicRadius=Alkali Metal, AtomicRadius=1.4, Electronegativity=2.8, FirstIonization=0.82, Potential=4.3407, Density=0.862, MeltingPoint=336.5, BoilingPoint=1032, Isotopes=10, Discoverer=Davy, YearOfDiscovery=1807, SpecificHeatCapacity=0.757, ElectronConfiguration=[Ar] 4s1, DisplayRow=4, DisplayColumn=1, hashCode()=-1835237926, getAtomicNumber()=19, getElementSymbol()=Potassium, getAtomicWeight()=K, getPeriod()=39.0983, getGroup()=4, getPhase()=1, getMostStableCrystal()=solid, getType()=bcc, getIonicRadius()=Alkali Metal, getAtomicRadius()=1.4, getElectronegativity()=2.8, getFirstIonization()=0.82, getPotential()=4.3407, getDensity()=0.862, getMeltingPoint()=336.5, getBoilingPoint()=1032, getIsotopes()=10, getDiscoverer()=Davy, getYearOfDiscovery()=1807, getSpecificHeatCapacity()=0.757, getElectronConfiguration()=[Ar] 4s1, getDisplayRow()=4, getDisplayColumn()=1, getClass()=class main.java.PeriodicElement, toString()=main.java.PeriodicElement@929c7dda]
1526 [main] INFO main.java.Provider  - PeriodicElement [AtomicNumber=20, ElementSymbol=Calcium, AtomicWeight=Ca, Period=40.078, Group=4, Phase=2, MostStableCrystal=solid, Type=fcc, IonicRadius=Alkaline Earth Metal, AtomicRadius=0.99, Electronegativity=2.2, FirstIonization=1, Potential=6.1132, Density=1.54, MeltingPoint=1112.15, BoilingPoint=1757, Isotopes=14, Discoverer=Davy, YearOfDiscovery=1808, SpecificHeatCapacity=0.647, ElectronConfiguration=[Ar] 4s2, DisplayRow=4, DisplayColumn=2, hashCode()=857626723, getAtomicNumber()=20, getElementSymbol()=Calcium, getAtomicWeight()=Ca, getPeriod()=40.078, getGroup()=4, getPhase()=2, getMostStableCrystal()=solid, getType()=fcc, getIonicRadius()=Alkaline Earth Metal, getAtomicRadius()=0.99, getElectronegativity()=2.2, getFirstIonization()=1, getPotential()=6.1132, getDensity()=1.54, getMeltingPoint()=1112.15, getBoilingPoint()=1757, getIsotopes()=14, getDiscoverer()=Davy, getYearOfDiscovery()=1808, getSpecificHeatCapacity()=0.647, getElectronConfiguration()=[Ar] 4s2, getDisplayRow()=4, getDisplayColumn()=2, getClass()=class main.java.PeriodicElement, toString()=main.java.PeriodicElement@331e5863]
1527 [main] INFO main.java.Provider  - PeriodicElement [AtomicNumber=21, ElementSymbol=Scandium, AtomicWeight=Sc, Period=44.955912, Group=4, Phase=3, MostStableCrystal=solid, Type=hex, IonicRadius=Transition Metal, AtomicRadius=0.75, Electronegativity=2.1, FirstIonization=1.36, Potential=6.5615, Density=2.989, MeltingPoint=1812.15, BoilingPoint=3109, Isotopes=15, Discoverer=Nilson, YearOfDiscovery=1878, SpecificHeatCapacity=0.568, ElectronConfiguration=[Ar] 3d1 4s2, DisplayRow=4, DisplayColumn=3, hashCode()=-2005822758, getAtomicNumber()=21, getElementSymbol()=Scandium, getAtomicWeight()=Sc, getPeriod()=44.955912, getGroup()=4, getPhase()=3, getMostStableCrystal()=solid, getType()=hex, getIonicRadius()=Transition Metal, getAtomicRadius()=0.75, getElectronegativity()=2.1, getFirstIonization()=1.36, getPotential()=6.5615, getDensity()=2.989, getMeltingPoint()=1812.15, getBoilingPoint()=3109, getIsotopes()=15, getDiscoverer()=Nilson, getYearOfDiscovery()=1878, getSpecificHeatCapacity()=0.568, getElectronConfiguration()=[Ar] 3d1 4s2, getDisplayRow()=4, getDisplayColumn()=3, getClass()=class main.java.PeriodicElement, toString()=main.java.PeriodicElement@887192da]
1527 [main] INFO main.java.Provider  - PeriodicElement [AtomicNumber=22, ElementSymbol=Titanium, AtomicWeight=Ti, Period=47.867, Group=4, Phase=4, MostStableCrystal=solid, Type=hex, IonicRadius=Transition Metal, AtomicRadius=0.61, Electronegativity=2, FirstIonization=1.54, Potential=6.8281, Density=4.54, MeltingPoint=1933.15, BoilingPoint=3560, Isotopes=9, Discoverer=Gregor, YearOfDiscovery=1791, SpecificHeatCapacity=0.523, ElectronConfiguration=[Ar] 3d2 4s2, DisplayRow=4, DisplayColumn=4, hashCode()=-1203007780, getAtomicNumber()=22, getElementSymbol()=Titanium, getAtomicWeight()=Ti, getPeriod()=47.867, getGroup()=4, getPhase()=4, getMostStableCrystal()=solid, getType()=hex, getIonicRadius()=Transition Metal, getAtomicRadius()=0.61, getElectronegativity()=2, getFirstIonization()=1.54, getPotential()=6.8281, getDensity()=4.54, getMeltingPoint()=1933.15, getBoilingPoint()=3560, getIsotopes()=9, getDiscoverer()=Gregor, getYearOfDiscovery()=1791, getSpecificHeatCapacity()=0.523, getElectronConfiguration()=[Ar] 3d2 4s2, getDisplayRow()=4, getDisplayColumn()=4, getClass()=class main.java.PeriodicElement, toString()=main.java.PeriodicElement@b84b8edc]
1529 [main] INFO main.java.Provider  - PeriodicElement [AtomicNumber=23, ElementSymbol=Vanadium, AtomicWeight=V, Period=50.9415, Group=4, Phase=5, MostStableCrystal=solid, Type=bcc, IonicRadius=Transition Metal, AtomicRadius=0.59, Electronegativity=1.9, FirstIonization=1.63, Potential=6.7462, Density=6.11, MeltingPoint=2175.15, BoilingPoint=3680, Isotopes=9, Discoverer=   del Rio, YearOfDiscovery=1801, SpecificHeatCapacity=0.489, ElectronConfiguration=[Ar] 3d3 4s2, DisplayRow=4, DisplayColumn=5, hashCode()=1093058416, getAtomicNumber()=23, getElementSymbol()=Vanadium, getAtomicWeight()=V, getPeriod()=50.9415, getGroup()=4, getPhase()=5, getMostStableCrystal()=solid, getType()=bcc, getIonicRadius()=Transition Metal, getAtomicRadius()=0.59, getElectronegativity()=1.9, getFirstIonization()=1.63, getPotential()=6.7462, getDensity()=6.11, getMeltingPoint()=2175.15, getBoilingPoint()=3680, getIsotopes()=9, getDiscoverer()=   del Rio, getYearOfDiscovery()=1801, getSpecificHeatCapacity()=0.489, getElectronConfiguration()=[Ar] 3d3 4s2, getDisplayRow()=4, getDisplayColumn()=5, getClass()=class main.java.PeriodicElement, toString()=main.java.PeriodicElement@4126bf70]
1529 [main] INFO main.java.Provider  - PeriodicElement [AtomicNumber=24, ElementSymbol=Chromium, AtomicWeight=Cr, Period=51.9961, Group=4, Phase=6, MostStableCrystal=solid, Type=bcc, IonicRadius=Transition Metal, AtomicRadius=0.52, Electronegativity=1.9, FirstIonization=1.66, Potential=6.7665, Density=7.15, MeltingPoint=2130.15, BoilingPoint=2944, Isotopes=9, Discoverer=Vauquelin, YearOfDiscovery=1797, SpecificHeatCapacity=0.449, ElectronConfiguration=[Ar] 3d5 4s1, DisplayRow=4, DisplayColumn=6, hashCode()=-468742261, getAtomicNumber()=24, getElementSymbol()=Chromium, getAtomicWeight()=Cr, getPeriod()=51.9961, getGroup()=4, getPhase()=6, getMostStableCrystal()=solid, getType()=bcc, getIonicRadius()=Transition Metal, getAtomicRadius()=0.52, getElectronegativity()=1.9, getFirstIonization()=1.66, getPotential()=6.7665, getDensity()=7.15, getMeltingPoint()=2130.15, getBoilingPoint()=2944, getIsotopes()=9, getDiscoverer()=Vauquelin, getYearOfDiscovery()=1797, getSpecificHeatCapacity()=0.449, getElectronConfiguration()=[Ar] 3d5 4s1, getDisplayRow()=4, getDisplayColumn()=6, getClass()=class main.java.PeriodicElement, toString()=main.java.PeriodicElement@e40f8f8b]
1529 [main] INFO main.java.Provider  - PeriodicElement [AtomicNumber=25, ElementSymbol=Manganese, AtomicWeight=Mn, Period=54.938045, Group=4, Phase=7, MostStableCrystal=solid, Type=bcc, IonicRadius=Transition Metal, AtomicRadius=0.46, Electronegativity=1.8, FirstIonization=1.55, Potential=7.434, Density=7.44, MeltingPoint=1519.15, BoilingPoint=2334, Isotopes=11, Discoverer=&quot;Gahn  Scheele&quot; , YearOfDiscovery=1774, SpecificHeatCapacity=0.479, ElectronConfiguration=[Ar] 3d5 4s2, DisplayRow=4, DisplayColumn=7, hashCode()=1266160616, getAtomicNumber()=25, getElementSymbol()=Manganese, getAtomicWeight()=Mn, getPeriod()=54.938045, getGroup()=4, getPhase()=7, getMostStableCrystal()=solid, getType()=bcc, getIonicRadius()=Transition Metal, getAtomicRadius()=0.46, getElectronegativity()=1.8, getFirstIonization()=1.55, getPotential()=7.434, getDensity()=7.44, getMeltingPoint()=1519.15, getBoilingPoint()=2334, getIsotopes()=11, getDiscoverer()=&quot;Gahn  Scheele&quot; , getYearOfDiscovery()=1774, getSpecificHeatCapacity()=0.479, getElectronConfiguration()=[Ar] 3d5 4s2, getDisplayRow()=4, getDisplayColumn()=7, getClass()=class main.java.PeriodicElement, toString()=main.java.PeriodicElement@4b7813e8]
1532 [main] INFO main.java.Provider  - PeriodicElement [AtomicNumber=26, ElementSymbol=Iron, AtomicWeight=Fe, Period=55.845, Group=4, Phase=8, MostStableCrystal=solid, Type=bcc, IonicRadius=Transition Metal, AtomicRadius=0.65, Electronegativity=1.7, FirstIonization=1.83, Potential=7.9024, Density=7.874, MeltingPoint=1808.15, BoilingPoint=3134, Isotopes=10, Discoverer=Prehistoric, YearOfDiscovery=, SpecificHeatCapacity=0.449, ElectronConfiguration=[Ar] 3d6 4s2, DisplayRow=4, DisplayColumn=8, hashCode()=-38555014, getAtomicNumber()=26, getElementSymbol()=Iron, getAtomicWeight()=Fe, getPeriod()=55.845, getGroup()=4, getPhase()=8, getMostStableCrystal()=solid, getType()=bcc, getIonicRadius()=Transition Metal, getAtomicRadius()=0.65, getElectronegativity()=1.7, getFirstIonization()=1.83, getPotential()=7.9024, getDensity()=7.874, getMeltingPoint()=1808.15, getBoilingPoint()=3134, getIsotopes()=10, getDiscoverer()=Prehistoric, getYearOfDiscovery()=, getSpecificHeatCapacity()=0.449, getElectronConfiguration()=[Ar] 3d6 4s2, getDisplayRow()=4, getDisplayColumn()=8, getClass()=class main.java.PeriodicElement, toString()=main.java.PeriodicElement@fdb3b27a]
1532 [main] INFO main.java.Provider  - PeriodicElement [AtomicNumber=27, ElementSymbol=Cobalt, AtomicWeight=Co, Period=58.933195, Group=4, Phase=9, MostStableCrystal=solid, Type=hex, IonicRadius=Transition Metal, AtomicRadius=0.75, Electronegativity=1.7, FirstIonization=1.88, Potential=7.881, Density=8.86, MeltingPoint=1768.15, BoilingPoint=3200, Isotopes=14, Discoverer=Brandt, YearOfDiscovery=1735, SpecificHeatCapacity=0.421, ElectronConfiguration=[Ar] 3d7 4s2, DisplayRow=4, DisplayColumn=9, hashCode()=635577509, getAtomicNumber()=27, getElementSymbol()=Cobalt, getAtomicWeight()=Co, getPeriod()=58.933195, getGroup()=4, getPhase()=9, getMostStableCrystal()=solid, getType()=hex, getIonicRadius()=Transition Metal, getAtomicRadius()=0.75, getElectronegativity()=1.7, getFirstIonization()=1.88, getPotential()=7.881, getDensity()=8.86, getMeltingPoint()=1768.15, getBoilingPoint()=3200, getIsotopes()=14, getDiscoverer()=Brandt, getYearOfDiscovery()=1735, getSpecificHeatCapacity()=0.421, getElectronConfiguration()=[Ar] 3d7 4s2, getDisplayRow()=4, getDisplayColumn()=9, getClass()=class main.java.PeriodicElement, toString()=main.java.PeriodicElement@25e224a5]
1532 [main] INFO main.java.Provider  - PeriodicElement [AtomicNumber=28, ElementSymbol=Nickel, AtomicWeight=Ni, Period=58.6934, Group=4, Phase=10, MostStableCrystal=solid, Type=fcc, IonicRadius=Transition Metal, AtomicRadius=0.69, Electronegativity=1.6, FirstIonization=1.91, Potential=7.6398, Density=8.912, MeltingPoint=1726.15, BoilingPoint=3186, Isotopes=11, Discoverer=Cronstedt, YearOfDiscovery=1751, SpecificHeatCapacity=0.444, ElectronConfiguration=[Ar] 3d8 4s2, DisplayRow=4, DisplayColumn=10, hashCode()=951272381, getAtomicNumber()=28, getElementSymbol()=Nickel, getAtomicWeight()=Ni, getPeriod()=58.6934, getGroup()=4, getPhase()=10, getMostStableCrystal()=solid, getType()=fcc, getIonicRadius()=Transition Metal, getAtomicRadius()=0.69, getElectronegativity()=1.6, getFirstIonization()=1.91, getPotential()=7.6398, getDensity()=8.912, getMeltingPoint()=1726.15, getBoilingPoint()=3186, getIsotopes()=11, getDiscoverer()=Cronstedt, getYearOfDiscovery()=1751, getSpecificHeatCapacity()=0.444, getElectronConfiguration()=[Ar] 3d8 4s2, getDisplayRow()=4, getDisplayColumn()=10, getClass()=class main.java.PeriodicElement, toString()=main.java.PeriodicElement@38b343bd]
1535 [main] INFO main.java.Provider  - PeriodicElement [AtomicNumber=29, ElementSymbol=Copper, AtomicWeight=Cu, Period=63.546, Group=4, Phase=11, MostStableCrystal=solid, Type=fcc, IonicRadius=Transition Metal, AtomicRadius=0.73, Electronegativity=1.6, FirstIonization=1.9, Potential=7.7264, Density=8.96, MeltingPoint=1357.75, BoilingPoint=2835, Isotopes=11, Discoverer=Prehistoric, YearOfDiscovery=, SpecificHeatCapacity=0.385, ElectronConfiguration=[Ar] 3d10 4s1, DisplayRow=4, DisplayColumn=11, hashCode()=1056045305, getAtomicNumber()=29, getElementSymbol()=Copper, getAtomicWeight()=Cu, getPeriod()=63.546, getGroup()=4, getPhase()=11, getMostStableCrystal()=solid, getType()=fcc, getIonicRadius()=Transition Metal, getAtomicRadius()=0.73, getElectronegativity()=1.6, getFirstIonization()=1.9, getPotential()=7.7264, getDensity()=8.96, getMeltingPoint()=1357.75, getBoilingPoint()=2835, getIsotopes()=11, getDiscoverer()=Prehistoric, getYearOfDiscovery()=, getSpecificHeatCapacity()=0.385, getElectronConfiguration()=[Ar] 3d10 4s1, getDisplayRow()=4, getDisplayColumn()=11, getClass()=class main.java.PeriodicElement, toString()=main.java.PeriodicElement@3ef1f8f9]
1535 [main] INFO main.java.Provider  - PeriodicElement [AtomicNumber=30, ElementSymbol=Zinc, AtomicWeight=Zn, Period=65.38, Group=4, Phase=12, MostStableCrystal=solid, Type=hex, IonicRadius=Transition Metal, AtomicRadius=0.74, Electronegativity=1.5, FirstIonization=1.65, Potential=9.3942, Density=7.134, MeltingPoint=692.88, BoilingPoint=1180, Isotopes=15, Discoverer=Prehistoric, YearOfDiscovery=, SpecificHeatCapacity=0.388, ElectronConfiguration=[Ar] 3d10 4s2, DisplayRow=4, DisplayColumn=12, hashCode()=-1915882245, getAtomicNumber()=30, getElementSymbol()=Zinc, getAtomicWeight()=Zn, getPeriod()=65.38, getGroup()=4, getPhase()=12, getMostStableCrystal()=solid, getType()=hex, getIonicRadius()=Transition Metal, getAtomicRadius()=0.74, getElectronegativity()=1.5, getFirstIonization()=1.65, getPotential()=9.3942, getDensity()=7.134, getMeltingPoint()=692.88, getBoilingPoint()=1180, getIsotopes()=15, getDiscoverer()=Prehistoric, getYearOfDiscovery()=, getSpecificHeatCapacity()=0.388, getElectronConfiguration()=[Ar] 3d10 4s2, getDisplayRow()=4, getDisplayColumn()=12, getClass()=class main.java.PeriodicElement, toString()=main.java.PeriodicElement@8dcdf4fb]
1535 [main] INFO main.java.Provider  - PeriodicElement [AtomicNumber=31, ElementSymbol=Gallium, AtomicWeight=Ga, Period=69.723, Group=4, Phase=13, MostStableCrystal=solid, Type=orth, IonicRadius=Metal, AtomicRadius=0.62, Electronegativity=1.8, FirstIonization=1.81, Potential=5.9993, Density=5.907, MeltingPoint=302.91, BoilingPoint=2477, Isotopes=14, Discoverer=de Boisbaudran, YearOfDiscovery=1875, SpecificHeatCapacity=0.371, ElectronConfiguration=[Ar] 3d10 4s2 4p1, DisplayRow=4, DisplayColumn=13, hashCode()=1331480475, getAtomicNumber()=31, getElementSymbol()=Gallium, getAtomicWeight()=Ga, getPeriod()=69.723, getGroup()=4, getPhase()=13, getMostStableCrystal()=solid, getType()=orth, getIonicRadius()=Metal, getAtomicRadius()=0.62, getElectronegativity()=1.8, getFirstIonization()=1.81, getPotential()=5.9993, getDensity()=5.907, getMeltingPoint()=302.91, getBoilingPoint()=2477, getIsotopes()=14, getDiscoverer()=de Boisbaudran, getYearOfDiscovery()=1875, getSpecificHeatCapacity()=0.371, getElectronConfiguration()=[Ar] 3d10 4s2 4p1, getDisplayRow()=4, getDisplayColumn()=13, getClass()=class main.java.PeriodicElement, toString()=main.java.PeriodicElement@4f5cc79b]
1536 [main] INFO main.java.Provider  - PeriodicElement [AtomicNumber=32, ElementSymbol=Germanium, AtomicWeight=Ge, Period=72.64, Group=4, Phase=14, MostStableCrystal=solid, Type=fcc, IonicRadius=Metalloid, AtomicRadius=0.53, Electronegativity=1.5, FirstIonization=2.01, Potential=7.8994, Density=5.323, MeltingPoint=1211.45, BoilingPoint=3106, Isotopes=17, Discoverer=Winkler, YearOfDiscovery=1886, SpecificHeatCapacity=0.32, ElectronConfiguration=[Ar] 3d10 4s2 4p2, DisplayRow=4, DisplayColumn=14, hashCode()=1517332791, getAtomicNumber()=32, getElementSymbol()=Germanium, getAtomicWeight()=Ge, getPeriod()=72.64, getGroup()=4, getPhase()=14, getMostStableCrystal()=solid, getType()=fcc, getIonicRadius()=Metalloid, getAtomicRadius()=0.53, getElectronegativity()=1.5, getFirstIonization()=2.01, getPotential()=7.8994, getDensity()=5.323, getMeltingPoint()=1211.45, getBoilingPoint()=3106, getIsotopes()=17, getDiscoverer()=Winkler, getYearOfDiscovery()=1886, getSpecificHeatCapacity()=0.32, getElectronConfiguration()=[Ar] 3d10 4s2 4p2, getDisplayRow()=4, getDisplayColumn()=14, getClass()=class main.java.PeriodicElement, toString()=main.java.PeriodicElement@5a70a937]
1536 [main] INFO main.java.Provider  - PeriodicElement [AtomicNumber=33, ElementSymbol=Arsenic, AtomicWeight=As, Period=74.9216, Group=4, Phase=15, MostStableCrystal=solid, Type=rho, IonicRadius=Metalloid, AtomicRadius=0.58, Electronegativity=1.3, FirstIonization=2.18, Potential=9.7886, Density=5.776, MeltingPoint=1090.15, BoilingPoint=887, Isotopes=14, Discoverer=Albertus Magnus, YearOfDiscovery=1250, SpecificHeatCapacity=0.329, ElectronConfiguration=[Ar] 3d10 4s2 4p3, DisplayRow=4, DisplayColumn=15, hashCode()=180106129, getAtomicNumber()=33, getElementSymbol()=Arsenic, getAtomicWeight()=As, getPeriod()=74.9216, getGroup()=4, getPhase()=15, getMostStableCrystal()=solid, getType()=rho, getIonicRadius()=Metalloid, getAtomicRadius()=0.58, getElectronegativity()=1.3, getFirstIonization()=2.18, getPotential()=9.7886, getDensity()=5.776, getMeltingPoint()=1090.15, getBoilingPoint()=887, getIsotopes()=14, getDiscoverer()=Albertus Magnus, getYearOfDiscovery()=1250, getSpecificHeatCapacity()=0.329, getElectronConfiguration()=[Ar] 3d10 4s2 4p3, getDisplayRow()=4, getDisplayColumn()=15, getClass()=class main.java.PeriodicElement, toString()=main.java.PeriodicElement@abc3391]
1537 [main] INFO main.java.Provider  - PeriodicElement [AtomicNumber=34, ElementSymbol=Selenium, AtomicWeight=Se, Period=78.96, Group=4, Phase=16, MostStableCrystal=solid, Type=hex, IonicRadius=Nonmetal, AtomicRadius=0.5, Electronegativity=1.2, FirstIonization=2.55, Potential=9.7524, Density=4.809, MeltingPoint=494.15, BoilingPoint=958, Isotopes=20, Discoverer=Berzelius, YearOfDiscovery=1817, SpecificHeatCapacity=0.321, ElectronConfiguration=[Ar] 3d10 4s2 4p4, DisplayRow=4, DisplayColumn=16, hashCode()=-88323227, getAtomicNumber()=34, getElementSymbol()=Selenium, getAtomicWeight()=Se, getPeriod()=78.96, getGroup()=4, getPhase()=16, getMostStableCrystal()=solid, getType()=hex, getIonicRadius()=Nonmetal, getAtomicRadius()=0.5, getElectronegativity()=1.2, getFirstIonization()=2.55, getPotential()=9.7524, getDensity()=4.809, getMeltingPoint()=494.15, getBoilingPoint()=958, getIsotopes()=20, getDiscoverer()=Berzelius, getYearOfDiscovery()=1817, getSpecificHeatCapacity()=0.321, getElectronConfiguration()=[Ar] 3d10 4s2 4p4, getDisplayRow()=4, getDisplayColumn()=16, getClass()=class main.java.PeriodicElement, toString()=main.java.PeriodicElement@fabc4b65]
1538 [main] INFO main.java.Provider  - PeriodicElement [AtomicNumber=35, ElementSymbol=Bromine, AtomicWeight=Br, Period=79.904, Group=4, Phase=17, MostStableCrystal=liq, Type=, IonicRadius=Halogen, AtomicRadius=2, Electronegativity=1.1, FirstIonization=2.96, Potential=11.8138, Density=3.122, MeltingPoint=266.05, BoilingPoint=332, Isotopes=19, Discoverer=Balard, YearOfDiscovery=1826, SpecificHeatCapacity=0.474, ElectronConfiguration=[Ar] 3d10 4s2 4p5, DisplayRow=4, DisplayColumn=17, hashCode()=1944083457, getAtomicNumber()=35, getElementSymbol()=Bromine, getAtomicWeight()=Br, getPeriod()=79.904, getGroup()=4, getPhase()=17, getMostStableCrystal()=liq, getType()=, getIonicRadius()=Halogen, getAtomicRadius()=2, getElectronegativity()=1.1, getFirstIonization()=2.96, getPotential()=11.8138, getDensity()=3.122, getMeltingPoint()=266.05, getBoilingPoint()=332, getIsotopes()=19, getDiscoverer()=Balard, getYearOfDiscovery()=1826, getSpecificHeatCapacity()=0.474, getElectronConfiguration()=[Ar] 3d10 4s2 4p5, getDisplayRow()=4, getDisplayColumn()=17, getClass()=class main.java.PeriodicElement, toString()=main.java.PeriodicElement@73e05c01]
1538 [main] INFO main.java.Provider  - PeriodicElement [AtomicNumber=36, ElementSymbol=Krypton, AtomicWeight=Kr, Period=83.798, Group=4, Phase=18, MostStableCrystal=gas, Type=, IonicRadius=Noble Gas, AtomicRadius=, Electronegativity=1, FirstIonization=, Potential=13.9996, Density=0.003733, MeltingPoint=115.93, BoilingPoint=119.93, Isotopes=23, Discoverer=Ramsay and Travers, YearOfDiscovery=1898, SpecificHeatCapacity=0.248, ElectronConfiguration=[Ar] 3d10 4s2 4p6, DisplayRow=4, DisplayColumn=18, hashCode()=1597634665, getAtomicNumber()=36, getElementSymbol()=Krypton, getAtomicWeight()=Kr, getPeriod()=83.798, getGroup()=4, getPhase()=18, getMostStableCrystal()=gas, getType()=, getIonicRadius()=Noble Gas, getAtomicRadius()=, getElectronegativity()=1, getFirstIonization()=, getPotential()=13.9996, getDensity()=0.003733, getMeltingPoint()=115.93, getBoilingPoint()=119.93, getIsotopes()=23, getDiscoverer()=Ramsay and Travers, getYearOfDiscovery()=1898, getSpecificHeatCapacity()=0.248, getElectronConfiguration()=[Ar] 3d10 4s2 4p6, getDisplayRow()=4, getDisplayColumn()=18, getClass()=class main.java.PeriodicElement, toString()=main.java.PeriodicElement@5f39f869]
1538 [main] INFO main.java.Provider  - PeriodicElement [AtomicNumber=37, ElementSymbol=Rubidium, AtomicWeight=Rb, Period=85.4678, Group=5, Phase=1, MostStableCrystal=solid, Type=bcc, IonicRadius=Alkali Metal, AtomicRadius=1.5, Electronegativity=3, FirstIonization=0.82, Potential=4.1771, Density=1.532, MeltingPoint=312.79, BoilingPoint=961, Isotopes=20, Discoverer=Bunsen and Kirchoff, YearOfDiscovery=1861, SpecificHeatCapacity=0.363, ElectronConfiguration=[Kr] 5s1, DisplayRow=5, DisplayColumn=1, hashCode()=1897816888, getAtomicNumber()=37, getElementSymbol()=Rubidium, getAtomicWeight()=Rb, getPeriod()=85.4678, getGroup()=5, getPhase()=1, getMostStableCrystal()=solid, getType()=bcc, getIonicRadius()=Alkali Metal, getAtomicRadius()=1.5, getElectronegativity()=3, getFirstIonization()=0.82, getPotential()=4.1771, getDensity()=1.532, getMeltingPoint()=312.79, getBoilingPoint()=961, getIsotopes()=20, getDiscoverer()=Bunsen and Kirchoff, getYearOfDiscovery()=1861, getSpecificHeatCapacity()=0.363, getElectronConfiguration()=[Kr] 5s1, getDisplayRow()=5, getDisplayColumn()=1, getClass()=class main.java.PeriodicElement, toString()=main.java.PeriodicElement@711e6338]
1538 [main] INFO main.java.Provider  - PeriodicElement [AtomicNumber=38, ElementSymbol=Strontium, AtomicWeight=Sr, Period=87.62, Group=5, Phase=2, MostStableCrystal=solid, Type=fcc, IonicRadius=Alkaline Earth Metal, AtomicRadius=1.1, Electronegativity=2.5, FirstIonization=0.95, Potential=5.6949, Density=2.64, MeltingPoint=1042.15, BoilingPoint=1655, Isotopes=18, Discoverer=Davy, YearOfDiscovery=1808, SpecificHeatCapacity=0.301, ElectronConfiguration=[Kr] 5s2, DisplayRow=5, DisplayColumn=2, hashCode()=-506434325, getAtomicNumber()=38, getElementSymbol()=Strontium, getAtomicWeight()=Sr, getPeriod()=87.62, getGroup()=5, getPhase()=2, getMostStableCrystal()=solid, getType()=fcc, getIonicRadius()=Alkaline Earth Metal, getAtomicRadius()=1.1, getElectronegativity()=2.5, getFirstIonization()=0.95, getPotential()=5.6949, getDensity()=2.64, getMeltingPoint()=1042.15, getBoilingPoint()=1655, getIsotopes()=18, getDiscoverer()=Davy, getYearOfDiscovery()=1808, getSpecificHeatCapacity()=0.301, getElectronConfiguration()=[Kr] 5s2, getDisplayRow()=5, getDisplayColumn()=2, getClass()=class main.java.PeriodicElement, toString()=main.java.PeriodicElement@e1d06ceb]
1538 [main] INFO main.java.Provider  - PeriodicElement [AtomicNumber=39, ElementSymbol=Yttrium, AtomicWeight=Y, Period=88.90585, Group=5, Phase=3, MostStableCrystal=solid, Type=hex, IonicRadius=Transition Metal, AtomicRadius=0.9, Electronegativity=2.3, FirstIonization=1.22, Potential=6.2173, Density=4.469, MeltingPoint=1799.15, BoilingPoint=3609, Isotopes=21, Discoverer=Gadolin, YearOfDiscovery=1794, SpecificHeatCapacity=0.298, ElectronConfiguration=[Kr] 4d1 5s2, DisplayRow=5, DisplayColumn=3, hashCode()=-1768806419, getAtomicNumber()=39, getElementSymbol()=Yttrium, getAtomicWeight()=Y, getPeriod()=88.90585, getGroup()=5, getPhase()=3, getMostStableCrystal()=solid, getType()=hex, getIonicRadius()=Transition Metal, getAtomicRadius()=0.9, getElectronegativity()=2.3, getFirstIonization()=1.22, getPotential()=6.2173, getDensity()=4.469, getMeltingPoint()=1799.15, getBoilingPoint()=3609, getIsotopes()=21, getDiscoverer()=Gadolin, getYearOfDiscovery()=1794, getSpecificHeatCapacity()=0.298, getElectronConfiguration()=[Kr] 4d1 5s2, getDisplayRow()=5, getDisplayColumn()=3, getClass()=class main.java.PeriodicElement, toString()=main.java.PeriodicElement@969227ed]
1538 [main] INFO main.java.Provider  - PeriodicElement [AtomicNumber=40, ElementSymbol=Zirconium, AtomicWeight=Zr, Period=91.224, Group=5, Phase=4, MostStableCrystal=solid, Type=hex, IonicRadius=Transition Metal, AtomicRadius=0.72, Electronegativity=2.2, FirstIonization=1.33, Potential=6.6339, Density=6.506, MeltingPoint=2125.15, BoilingPoint=4682, Isotopes=20, Discoverer=Klaproth, YearOfDiscovery=1789, SpecificHeatCapacity=0.278, ElectronConfiguration=[Kr] 4d2 5s2, DisplayRow=5, DisplayColumn=4, hashCode()=-926861043, getAtomicNumber()=40, getElementSymbol()=Zirconium, getAtomicWeight()=Zr, getPeriod()=91.224, getGroup()=5, getPhase()=4, getMostStableCrystal()=solid, getType()=hex, getIonicRadius()=Transition Metal, getAtomicRadius()=0.72, getElectronegativity()=2.2, getFirstIonization()=1.33, getPotential()=6.6339, getDensity()=6.506, getMeltingPoint()=2125.15, getBoilingPoint()=4682, getIsotopes()=20, getDiscoverer()=Klaproth, getYearOfDiscovery()=1789, getSpecificHeatCapacity()=0.278, getElectronConfiguration()=[Kr] 4d2 5s2, getDisplayRow()=5, getDisplayColumn()=4, getClass()=class main.java.PeriodicElement, toString()=main.java.PeriodicElement@c8c1390d]
1540 [main] INFO main.java.Provider  - PeriodicElement [AtomicNumber=41, ElementSymbol=Niobium, AtomicWeight=Nb, Period=92.90638, Group=5, Phase=5, MostStableCrystal=solid, Type=bcc, IonicRadius=Transition Metal, AtomicRadius=0.69, Electronegativity=2.1, FirstIonization=1.6, Potential=6.7589, Density=8.57, MeltingPoint=2741.15, BoilingPoint=5017, Isotopes=24, Discoverer=Hatchett, YearOfDiscovery=1801, SpecificHeatCapacity=0.265, ElectronConfiguration=[Kr] 4d4 5s1, DisplayRow=5, DisplayColumn=5, hashCode()=912511222, getAtomicNumber()=41, getElementSymbol()=Niobium, getAtomicWeight()=Nb, getPeriod()=92.90638, getGroup()=5, getPhase()=5, getMostStableCrystal()=solid, getType()=bcc, getIonicRadius()=Transition Metal, getAtomicRadius()=0.69, getElectronegativity()=2.1, getFirstIonization()=1.6, getPotential()=6.7589, getDensity()=8.57, getMeltingPoint()=2741.15, getBoilingPoint()=5017, getIsotopes()=24, getDiscoverer()=Hatchett, getYearOfDiscovery()=1801, getSpecificHeatCapacity()=0.265, getElectronConfiguration()=[Kr] 4d4 5s1, getDisplayRow()=5, getDisplayColumn()=5, getClass()=class main.java.PeriodicElement, toString()=main.java.PeriodicElement@3663d0f6]
1541 [main] INFO main.java.Provider  - PeriodicElement [AtomicNumber=42, ElementSymbol=Molybdenum, AtomicWeight=Mo, Period=95.96, Group=5, Phase=6, MostStableCrystal=solid, Type=bcc, IonicRadius=Transition Metal, AtomicRadius=0.65, Electronegativity=2, FirstIonization=2.16, Potential=7.0924, Density=10.22, MeltingPoint=2890.15, BoilingPoint=4912, Isotopes=20, Discoverer=Scheele, YearOfDiscovery=1778, SpecificHeatCapacity=0.251, ElectronConfiguration=[Kr] 4d5 5s1, DisplayRow=5, DisplayColumn=6, hashCode()=1899609204, getAtomicNumber()=42, getElementSymbol()=Molybdenum, getAtomicWeight()=Mo, getPeriod()=95.96, getGroup()=5, getPhase()=6, getMostStableCrystal()=solid, getType()=bcc, getIonicRadius()=Transition Metal, getAtomicRadius()=0.65, getElectronegativity()=2, getFirstIonization()=2.16, getPotential()=7.0924, getDensity()=10.22, getMeltingPoint()=2890.15, getBoilingPoint()=4912, getIsotopes()=20, getDiscoverer()=Scheele, getYearOfDiscovery()=1778, getSpecificHeatCapacity()=0.251, getElectronConfiguration()=[Kr] 4d5 5s1, getDisplayRow()=5, getDisplayColumn()=6, getClass()=class main.java.PeriodicElement, toString()=main.java.PeriodicElement@7139bc74]
1541 [main] INFO main.java.Provider  - PeriodicElement [AtomicNumber=43, ElementSymbol=Technetium, AtomicWeight=Tc, Period=98, Group=5, Phase=7, MostStableCrystal=artificial, Type=hex, IonicRadius=Transition Metal, AtomicRadius=0.56, Electronegativity=2, FirstIonization=1.9, Potential=7.28, Density=11.5, MeltingPoint=2473.15, BoilingPoint=5150, Isotopes=23, Discoverer=Perrier and SegrŽ, YearOfDiscovery=1937, SpecificHeatCapacity=, ElectronConfiguration=[Kr] 4d5 5s2, DisplayRow=5, DisplayColumn=7, hashCode()=85715988, getAtomicNumber()=43, getElementSymbol()=Technetium, getAtomicWeight()=Tc, getPeriod()=98, getGroup()=5, getPhase()=7, getMostStableCrystal()=artificial, getType()=hex, getIonicRadius()=Transition Metal, getAtomicRadius()=0.56, getElectronegativity()=2, getFirstIonization()=1.9, getPotential()=7.28, getDensity()=11.5, getMeltingPoint()=2473.15, getBoilingPoint()=5150, getIsotopes()=23, getDiscoverer()=Perrier and SegrŽ, getYearOfDiscovery()=1937, getSpecificHeatCapacity()=, getElectronConfiguration()=[Kr] 4d5 5s2, getDisplayRow()=5, getDisplayColumn()=7, getClass()=class main.java.PeriodicElement, toString()=main.java.PeriodicElement@51bec14]
1542 [main] INFO main.java.Provider  - PeriodicElement [AtomicNumber=44, ElementSymbol=Ruthenium, AtomicWeight=Ru, Period=101.07, Group=5, Phase=8, MostStableCrystal=solid, Type=hex, IonicRadius=Transition Metal, AtomicRadius=0.68, Electronegativity=1.9, FirstIonization=2.2, Potential=7.3605, Density=12.37, MeltingPoint=2523.15, BoilingPoint=4423, Isotopes=16, Discoverer=Klaus, YearOfDiscovery=1844, SpecificHeatCapacity=0.238, ElectronConfiguration=[Kr] 4d7 5s1, DisplayRow=5, DisplayColumn=8, hashCode()=-1613646767, getAtomicNumber()=44, getElementSymbol()=Ruthenium, getAtomicWeight()=Ru, getPeriod()=101.07, getGroup()=5, getPhase()=8, getMostStableCrystal()=solid, getType()=hex, getIonicRadius()=Transition Metal, getAtomicRadius()=0.68, getElectronegativity()=1.9, getFirstIonization()=2.2, getPotential()=7.3605, getDensity()=12.37, getMeltingPoint()=2523.15, getBoilingPoint()=4423, getIsotopes()=16, getDiscoverer()=Klaus, getYearOfDiscovery()=1844, getSpecificHeatCapacity()=0.238, getElectronConfiguration()=[Kr] 4d7 5s1, getDisplayRow()=5, getDisplayColumn()=8, getClass()=class main.java.PeriodicElement, toString()=main.java.PeriodicElement@9fd1b451]
1542 [main] INFO main.java.Provider  - PeriodicElement [AtomicNumber=45, ElementSymbol=Rhodium, AtomicWeight=Rh, Period=102.9055, Group=5, Phase=9, MostStableCrystal=solid, Type=fcc, IonicRadius=Transition Metal, AtomicRadius=0.68, Electronegativity=1.8, FirstIonization=2.28, Potential=7.4589, Density=12.41, MeltingPoint=2239.15, BoilingPoint=3968, Isotopes=20, Discoverer=Wollaston, YearOfDiscovery=1803, SpecificHeatCapacity=0.243, ElectronConfiguration=[Kr] 4d8 5s1, DisplayRow=5, DisplayColumn=9, hashCode()=1477629181, getAtomicNumber()=45, getElementSymbol()=Rhodium, getAtomicWeight()=Rh, getPeriod()=102.9055, getGroup()=5, getPhase()=9, getMostStableCrystal()=solid, getType()=fcc, getIonicRadius()=Transition Metal, getAtomicRadius()=0.68, getElectronegativity()=1.8, getFirstIonization()=2.28, getPotential()=7.4589, getDensity()=12.41, getMeltingPoint()=2239.15, getBoilingPoint()=3968, getIsotopes()=20, getDiscoverer()=Wollaston, getYearOfDiscovery()=1803, getSpecificHeatCapacity()=0.243, getElectronConfiguration()=[Kr] 4d8 5s1, getDisplayRow()=5, getDisplayColumn()=9, getClass()=class main.java.PeriodicElement, toString()=main.java.PeriodicElement@5812d4fd]
1542 [main] INFO main.java.Provider  - PeriodicElement [AtomicNumber=46, ElementSymbol=Palladium, AtomicWeight=Pd, Period=106.42, Group=5, Phase=10, MostStableCrystal=solid, Type=fcc, IonicRadius=Transition Metal, AtomicRadius=0.86, Electronegativity=1.8, FirstIonization=2.2, Potential=8.3369, Density=12.02, MeltingPoint=1825.15, BoilingPoint=3236, Isotopes=21, Discoverer=Wollaston, YearOfDiscovery=1803, SpecificHeatCapacity=0.244, ElectronConfiguration=[Kr] 4d10, DisplayRow=5, DisplayColumn=10, hashCode()=654175483, getAtomicNumber()=46, getElementSymbol()=Palladium, getAtomicWeight()=Pd, getPeriod()=106.42, getGroup()=5, getPhase()=10, getMostStableCrystal()=solid, getType()=fcc, getIonicRadius()=Transition Metal, getAtomicRadius()=0.86, getElectronegativity()=1.8, getFirstIonization()=2.2, getPotential()=8.3369, getDensity()=12.02, getMeltingPoint()=1825.15, getBoilingPoint()=3236, getIsotopes()=21, getDiscoverer()=Wollaston, getYearOfDiscovery()=1803, getSpecificHeatCapacity()=0.244, getElectronConfiguration()=[Kr] 4d10, getDisplayRow()=5, getDisplayColumn()=10, getClass()=class main.java.PeriodicElement, toString()=main.java.PeriodicElement@26fdecfb]
1543 [main] INFO main.java.Provider  - PeriodicElement [AtomicNumber=47, ElementSymbol=Silver, AtomicWeight=Ag, Period=107.8682, Group=5, Phase=11, MostStableCrystal=solid, Type=fcc, IonicRadius=Transition Metal, AtomicRadius=1.3, Electronegativity=1.8, FirstIonization=1.93, Potential=7.5762, Density=10.501, MeltingPoint=1234.15, BoilingPoint=2435, Isotopes=27, Discoverer=Prehistoric, YearOfDiscovery=, SpecificHeatCapacity=0.235, ElectronConfiguration=[Kr] 4d10 5s1, DisplayRow=5, DisplayColumn=11, hashCode()=-400842394, getAtomicNumber()=47, getElementSymbol()=Silver, getAtomicWeight()=Ag, getPeriod()=107.8682, getGroup()=5, getPhase()=11, getMostStableCrystal()=solid, getType()=fcc, getIonicRadius()=Transition Metal, getAtomicRadius()=1.3, getElectronegativity()=1.8, getFirstIonization()=1.93, getPotential()=7.5762, getDensity()=10.501, getMeltingPoint()=1234.15, getBoilingPoint()=2435, getIsotopes()=27, getDiscoverer()=Prehistoric, getYearOfDiscovery()=, getSpecificHeatCapacity()=0.235, getElectronConfiguration()=[Kr] 4d10 5s1, getDisplayRow()=5, getDisplayColumn()=11, getClass()=class main.java.PeriodicElement, toString()=main.java.PeriodicElement@e81ba166]
1543 [main] INFO main.java.Provider  - PeriodicElement [AtomicNumber=48, ElementSymbol=Cadmium, AtomicWeight=Cd, Period=112.411, Group=5, Phase=12, MostStableCrystal=solid, Type=hex, IonicRadius=Transition Metal, AtomicRadius=0.97, Electronegativity=1.7, FirstIonization=1.69, Potential=8.9938, Density=8.69, MeltingPoint=594.33, BoilingPoint=1040, Isotopes=22, Discoverer=Stromeyer, YearOfDiscovery=1817, SpecificHeatCapacity=0.232, ElectronConfiguration=[Kr] 4d10 5s2, DisplayRow=5, DisplayColumn=12, hashCode()=-1556254877, getAtomicNumber()=48, getElementSymbol()=Cadmium, getAtomicWeight()=Cd, getPeriod()=112.411, getGroup()=5, getPhase()=12, getMostStableCrystal()=solid, getType()=hex, getIonicRadius()=Transition Metal, getAtomicRadius()=0.97, getElectronegativity()=1.7, getFirstIonization()=1.69, getPotential()=8.9938, getDensity()=8.69, getMeltingPoint()=594.33, getBoilingPoint()=1040, getIsotopes()=22, getDiscoverer()=Stromeyer, getYearOfDiscovery()=1817, getSpecificHeatCapacity()=0.232, getElectronConfiguration()=[Kr] 4d10 5s2, getDisplayRow()=5, getDisplayColumn()=12, getClass()=class main.java.PeriodicElement, toString()=main.java.PeriodicElement@a33d6f63]
1544 [main] INFO main.java.Provider  - PeriodicElement [AtomicNumber=49, ElementSymbol=Indium, AtomicWeight=In, Period=114.818, Group=5, Phase=13, MostStableCrystal=solid, Type=tet, IonicRadius=Metal, AtomicRadius=0.8, Electronegativity=2, FirstIonization=1.78, Potential=5.7864, Density=7.31, MeltingPoint=429.91, BoilingPoint=2345, Isotopes=34, Discoverer=Reich and Richter, YearOfDiscovery=1863, SpecificHeatCapacity=0.233, ElectronConfiguration=[Kr] 4d10 5s2 5p1, DisplayRow=5, DisplayColumn=13, hashCode()=886592945, getAtomicNumber()=49, getElementSymbol()=Indium, getAtomicWeight()=In, getPeriod()=114.818, getGroup()=5, getPhase()=13, getMostStableCrystal()=solid, getType()=tet, getIonicRadius()=Metal, getAtomicRadius()=0.8, getElectronegativity()=2, getFirstIonization()=1.78, getPotential()=5.7864, getDensity()=7.31, getMeltingPoint()=429.91, getBoilingPoint()=2345, getIsotopes()=34, getDiscoverer()=Reich and Richter, getYearOfDiscovery()=1863, getSpecificHeatCapacity()=0.233, getElectronConfiguration()=[Kr] 4d10 5s2 5p1, getDisplayRow()=5, getDisplayColumn()=13, getClass()=class main.java.PeriodicElement, toString()=main.java.PeriodicElement@34d855b1]
1544 [main] INFO main.java.Provider  - PeriodicElement [AtomicNumber=50, ElementSymbol=Tin, AtomicWeight=Sn, Period=118.71, Group=5, Phase=14, MostStableCrystal=solid, Type=tet, IonicRadius=Metal, AtomicRadius=0.69, Electronegativity=1.7, FirstIonization=1.96, Potential=7.3439, Density=7.287, MeltingPoint=505.21, BoilingPoint=2875, Isotopes=28, Discoverer=Prehistoric, YearOfDiscovery=, SpecificHeatCapacity=0.228, ElectronConfiguration=[Kr] 4d10 5s2 5p2, DisplayRow=5, DisplayColumn=14, hashCode()=1311209746, getAtomicNumber()=50, getElementSymbol()=Tin, getAtomicWeight()=Sn, getPeriod()=118.71, getGroup()=5, getPhase()=14, getMostStableCrystal()=solid, getType()=tet, getIonicRadius()=Metal, getAtomicRadius()=0.69, getElectronegativity()=1.7, getFirstIonization()=1.96, getPotential()=7.3439, getDensity()=7.287, getMeltingPoint()=505.21, getBoilingPoint()=2875, getIsotopes()=28, getDiscoverer()=Prehistoric, getYearOfDiscovery()=, getSpecificHeatCapacity()=0.228, getElectronConfiguration()=[Kr] 4d10 5s2 5p2, getDisplayRow()=5, getDisplayColumn()=14, getClass()=class main.java.PeriodicElement, toString()=main.java.PeriodicElement@4e277912]
1544 [main] INFO main.java.Provider  - PeriodicElement [AtomicNumber=51, ElementSymbol=Antimony, AtomicWeight=Sb, Period=121.76, Group=5, Phase=15, MostStableCrystal=solid, Type=rho, IonicRadius=Metalloid, AtomicRadius=0.76, Electronegativity=1.5, FirstIonization=2.05, Potential=8.6084, Density=6.685, MeltingPoint=904.05, BoilingPoint=1860, Isotopes=29, Discoverer=Early historic times, YearOfDiscovery=, SpecificHeatCapacity=0.207, ElectronConfiguration=[Kr] 4d10 5s2 5p3, DisplayRow=5, DisplayColumn=15, hashCode()=-1648173581, getAtomicNumber()=51, getElementSymbol()=Antimony, getAtomicWeight()=Sb, getPeriod()=121.76, getGroup()=5, getPhase()=15, getMostStableCrystal()=solid, getType()=rho, getIonicRadius()=Metalloid, getAtomicRadius()=0.76, getElectronegativity()=1.5, getFirstIonization()=2.05, getPotential()=8.6084, getDensity()=6.685, getMeltingPoint()=904.05, getBoilingPoint()=1860, getIsotopes()=29, getDiscoverer()=Early historic times, getYearOfDiscovery()=, getSpecificHeatCapacity()=0.207, getElectronConfiguration()=[Kr] 4d10 5s2 5p3, getDisplayRow()=5, getDisplayColumn()=15, getClass()=class main.java.PeriodicElement, toString()=main.java.PeriodicElement@9dc2ddf3]
1544 [main] INFO main.java.Provider  - PeriodicElement [AtomicNumber=52, ElementSymbol=Tellurium, AtomicWeight=Te, Period=127.6, Group=5, Phase=16, MostStableCrystal=solid, Type=hex, IonicRadius=Metalloid, AtomicRadius=0.97, Electronegativity=1.4, FirstIonization=2.1, Potential=9.0096, Density=6.232, MeltingPoint=722.8, BoilingPoint=1261, Isotopes=29, Discoverer=von Reichenstein, YearOfDiscovery=1782, SpecificHeatCapacity=0.202, ElectronConfiguration=[Kr] 4d10 5s2 5p4, DisplayRow=5, DisplayColumn=16, hashCode()=1870803719, getAtomicNumber()=52, getElementSymbol()=Tellurium, getAtomicWeight()=Te, getPeriod()=127.6, getGroup()=5, getPhase()=16, getMostStableCrystal()=solid, getType()=hex, getIonicRadius()=Metalloid, getAtomicRadius()=0.97, getElectronegativity()=1.4, getFirstIonization()=2.1, getPotential()=9.0096, getDensity()=6.232, getMeltingPoint()=722.8, getBoilingPoint()=1261, getIsotopes()=29, getDiscoverer()=von Reichenstein, getYearOfDiscovery()=1782, getSpecificHeatCapacity()=0.202, getElectronConfiguration()=[Kr] 4d10 5s2 5p4, getDisplayRow()=5, getDisplayColumn()=16, getClass()=class main.java.PeriodicElement, toString()=main.java.PeriodicElement@6f823307]
1544 [main] INFO main.java.Provider  - PeriodicElement [AtomicNumber=53, ElementSymbol=Iodine, AtomicWeight=I, Period=126.90447, Group=5, Phase=17, MostStableCrystal=solid, Type=orth, IonicRadius=Halogen, AtomicRadius=2.2, Electronegativity=1.3, FirstIonization=2.66, Potential=10.4513, Density=4.93, MeltingPoint=386.65, BoilingPoint=457.4, Isotopes=24, Discoverer=Courtois, YearOfDiscovery=1811, SpecificHeatCapacity=0.214, ElectronConfiguration=[Kr] 4d10 5s2 5p5, DisplayRow=5, DisplayColumn=17, hashCode()=273799267, getAtomicNumber()=53, getElementSymbol()=Iodine, getAtomicWeight()=I, getPeriod()=126.90447, getGroup()=5, getPhase()=17, getMostStableCrystal()=solid, getType()=orth, getIonicRadius()=Halogen, getAtomicRadius()=2.2, getElectronegativity()=1.3, getFirstIonization()=2.66, getPotential()=10.4513, getDensity()=4.93, getMeltingPoint()=386.65, getBoilingPoint()=457.4, getIsotopes()=24, getDiscoverer()=Courtois, getYearOfDiscovery()=1811, getSpecificHeatCapacity()=0.214, getElectronConfiguration()=[Kr] 4d10 5s2 5p5, getDisplayRow()=5, getDisplayColumn()=17, getClass()=class main.java.PeriodicElement, toString()=main.java.PeriodicElement@1051d863]
1544 [main] INFO main.java.Provider  - PeriodicElement [AtomicNumber=54, ElementSymbol=Xenon, AtomicWeight=Xe, Period=131.293, Group=5, Phase=18, MostStableCrystal=gas, Type=gas, IonicRadius=Noble Gas, AtomicRadius=, Electronegativity=1.2, FirstIonization=, Potential=12.1298, Density=0.005887, MeltingPoint=161.45, BoilingPoint=165.03, Isotopes=31, Discoverer=Ramsay and Travers, YearOfDiscovery=1898, SpecificHeatCapacity=0.158, ElectronConfiguration=[Kr] 4d10 5s2 5p6, DisplayRow=5, DisplayColumn=18, hashCode()=174411865, getAtomicNumber()=54, getElementSymbol()=Xenon, getAtomicWeight()=Xe, getPeriod()=131.293, getGroup()=5, getPhase()=18, getMostStableCrystal()=gas, getType()=gas, getIonicRadius()=Noble Gas, getAtomicRadius()=, getElectronegativity()=1.2, getFirstIonization()=, getPotential()=12.1298, getDensity()=0.005887, getMeltingPoint()=161.45, getBoilingPoint()=165.03, getIsotopes()=31, getDiscoverer()=Ramsay and Travers, getYearOfDiscovery()=1898, getSpecificHeatCapacity()=0.158, getElectronConfiguration()=[Kr] 4d10 5s2 5p6, getDisplayRow()=5, getDisplayColumn()=18, getClass()=class main.java.PeriodicElement, toString()=main.java.PeriodicElement@a655059]
1544 [main] INFO main.java.Provider  - PeriodicElement [AtomicNumber=55, ElementSymbol=Cesium, AtomicWeight=Cs, Period=132.9054519, Group=6, Phase=1, MostStableCrystal=solid, Type=, IonicRadius=Alkali Metal, AtomicRadius=1.7, Electronegativity=3.3, FirstIonization=0.79, Potential=3.8939, Density=1.873, MeltingPoint=301.7, BoilingPoint=944, Isotopes=22, Discoverer=Bunsen and Kirchoff, YearOfDiscovery=1860, SpecificHeatCapacity=0.242, ElectronConfiguration=[Xe] 6s1, DisplayRow=6, DisplayColumn=1, hashCode()=2025146537, getAtomicNumber()=55, getElementSymbol()=Cesium, getAtomicWeight()=Cs, getPeriod()=132.9054519, getGroup()=6, getPhase()=1, getMostStableCrystal()=solid, getType()=, getIonicRadius()=Alkali Metal, getAtomicRadius()=1.7, getElectronegativity()=3.3, getFirstIonization()=0.79, getPotential()=3.8939, getDensity()=1.873, getMeltingPoint()=301.7, getBoilingPoint()=944, getIsotopes()=22, getDiscoverer()=Bunsen and Kirchoff, getYearOfDiscovery()=1860, getSpecificHeatCapacity()=0.242, getElectronConfiguration()=[Xe] 6s1, getDisplayRow()=6, getDisplayColumn()=1, getClass()=class main.java.PeriodicElement, toString()=main.java.PeriodicElement@78b548a9]
1544 [main] INFO main.java.Provider  - PeriodicElement [AtomicNumber=56, ElementSymbol=Barium, AtomicWeight=Ba, Period=137.327, Group=6, Phase=2, MostStableCrystal=solid, Type=bcc, IonicRadius=Alkaline Earth Metal, AtomicRadius=1.4, Electronegativity=2.8, FirstIonization=0.89, Potential=5.2117, Density=3.594, MeltingPoint=1002.15, BoilingPoint=2170, Isotopes=25, Discoverer=Davy, YearOfDiscovery=1808, SpecificHeatCapacity=0.204, ElectronConfiguration=[Xe] 6s2, DisplayRow=6, DisplayColumn=2, hashCode()=-331862011, getAtomicNumber()=56, getElementSymbol()=Barium, getAtomicWeight()=Ba, getPeriod()=137.327, getGroup()=6, getPhase()=2, getMostStableCrystal()=solid, getType()=bcc, getIonicRadius()=Alkaline Earth Metal, getAtomicRadius()=1.4, getElectronegativity()=2.8, getFirstIonization()=0.89, getPotential()=5.2117, getDensity()=3.594, getMeltingPoint()=1002.15, getBoilingPoint()=2170, getIsotopes()=25, getDiscoverer()=Davy, getYearOfDiscovery()=1808, getSpecificHeatCapacity()=0.204, getElectronConfiguration()=[Xe] 6s2, getDisplayRow()=6, getDisplayColumn()=2, getClass()=class main.java.PeriodicElement, toString()=main.java.PeriodicElement@ec383005]
1544 [main] INFO main.java.Provider  - PeriodicElement [AtomicNumber=57, ElementSymbol=Lanthanum, AtomicWeight=La, Period=138.90547, Group=6, Phase=3, MostStableCrystal=solid, Type=hex, IonicRadius=Lanthanide, AtomicRadius=1.1, Electronegativity=2.7, FirstIonization=1.1, Potential=5.5769, Density=6.145, MeltingPoint=1193.15, BoilingPoint=3737, Isotopes=19, Discoverer=Mosander, YearOfDiscovery=1839, SpecificHeatCapacity=0.195, ElectronConfiguration=[Xe] 5d1 6s2, DisplayRow=8, DisplayColumn=3, hashCode()=-858142823, getAtomicNumber()=57, getElementSymbol()=Lanthanum, getAtomicWeight()=La, getPeriod()=138.90547, getGroup()=6, getPhase()=3, getMostStableCrystal()=solid, getType()=hex, getIonicRadius()=Lanthanide, getAtomicRadius()=1.1, getElectronegativity()=2.7, getFirstIonization()=1.1, getPotential()=5.5769, getDensity()=6.145, getMeltingPoint()=1193.15, getBoilingPoint()=3737, getIsotopes()=19, getDiscoverer()=Mosander, getYearOfDiscovery()=1839, getSpecificHeatCapacity()=0.195, getElectronConfiguration()=[Xe] 5d1 6s2, getDisplayRow()=8, getDisplayColumn()=3, getClass()=class main.java.PeriodicElement, toString()=main.java.PeriodicElement@ccd9c799]
1544 [main] INFO main.java.Provider  - PeriodicElement [AtomicNumber=58, ElementSymbol=Cerium, AtomicWeight=Ce, Period=140.116, Group=6, Phase=19, MostStableCrystal=solid, Type=fcc, IonicRadius=Lanthanide, AtomicRadius=1, Electronegativity=2.7, FirstIonization=1.12, Potential=5.5387, Density=6.77, MeltingPoint=1071.15, BoilingPoint=3716, Isotopes=19, Discoverer=Berzelius, YearOfDiscovery=1803, SpecificHeatCapacity=0.192, ElectronConfiguration=[Xe] 4f1 5d1 6s2, DisplayRow=8, DisplayColumn=4, hashCode()=1521647993, getAtomicNumber()=58, getElementSymbol()=Cerium, getAtomicWeight()=Ce, getPeriod()=140.116, getGroup()=6, getPhase()=19, getMostStableCrystal()=solid, getType()=fcc, getIonicRadius()=Lanthanide, getAtomicRadius()=1, getElectronegativity()=2.7, getFirstIonization()=1.12, getPotential()=5.5387, getDensity()=6.77, getMeltingPoint()=1071.15, getBoilingPoint()=3716, getIsotopes()=19, getDiscoverer()=Berzelius, getYearOfDiscovery()=1803, getSpecificHeatCapacity()=0.192, getElectronConfiguration()=[Xe] 4f1 5d1 6s2, getDisplayRow()=8, getDisplayColumn()=4, getClass()=class main.java.PeriodicElement, toString()=main.java.PeriodicElement@5ab28179]
1545 [main] INFO main.java.Provider  - PeriodicElement [AtomicNumber=59, ElementSymbol=Praseodymium, AtomicWeight=Pr, Period=140.90765, Group=6, Phase=20, MostStableCrystal=solid, Type=hex, IonicRadius=Lanthanide, AtomicRadius=1, Electronegativity=2.7, FirstIonization=1.13, Potential=5.473, Density=6.773, MeltingPoint=1204.15, BoilingPoint=3793, Isotopes=15, Discoverer=von Welsbach, YearOfDiscovery=1885, SpecificHeatCapacity=0.193, ElectronConfiguration=[Xe] 4f3 6s2, DisplayRow=8, DisplayColumn=5, hashCode()=-1949701751, getAtomicNumber()=59, getElementSymbol()=Praseodymium, getAtomicWeight()=Pr, getPeriod()=140.90765, getGroup()=6, getPhase()=20, getMostStableCrystal()=solid, getType()=hex, getIonicRadius()=Lanthanide, getAtomicRadius()=1, getElectronegativity()=2.7, getFirstIonization()=1.13, getPotential()=5.473, getDensity()=6.773, getMeltingPoint()=1204.15, getBoilingPoint()=3793, getIsotopes()=15, getDiscoverer()=von Welsbach, getYearOfDiscovery()=1885, getSpecificHeatCapacity()=0.193, getElectronConfiguration()=[Xe] 4f3 6s2, getDisplayRow()=8, getDisplayColumn()=5, getClass()=class main.java.PeriodicElement, toString()=main.java.PeriodicElement@8bc9e989]
1545 [main] INFO main.java.Provider  - PeriodicElement [AtomicNumber=60, ElementSymbol=Neodymium, AtomicWeight=Nd, Period=144.242, Group=6, Phase=21, MostStableCrystal=solid, Type=hex, IonicRadius=Lanthanide, AtomicRadius=1, Electronegativity=2.6, FirstIonization=1.14, Potential=5.525, Density=7.007, MeltingPoint=1289.15, BoilingPoint=3347, Isotopes=16, Discoverer=von Welsbach, YearOfDiscovery=1885, SpecificHeatCapacity=0.19, ElectronConfiguration=[Xe] 4f4 6s2, DisplayRow=8, DisplayColumn=6, hashCode()=1018207626, getAtomicNumber()=60, getElementSymbol()=Neodymium, getAtomicWeight()=Nd, getPeriod()=144.242, getGroup()=6, getPhase()=21, getMostStableCrystal()=solid, getType()=hex, getIonicRadius()=Lanthanide, getAtomicRadius()=1, getElectronegativity()=2.6, getFirstIonization()=1.14, getPotential()=5.525, getDensity()=7.007, getMeltingPoint()=1289.15, getBoilingPoint()=3347, getIsotopes()=16, getDiscoverer()=von Welsbach, getYearOfDiscovery()=1885, getSpecificHeatCapacity()=0.19, getElectronConfiguration()=[Xe] 4f4 6s2, getDisplayRow()=8, getDisplayColumn()=6, getClass()=class main.java.PeriodicElement, toString()=main.java.PeriodicElement@3cb09d8a]
1545 [main] INFO main.java.Provider  - PeriodicElement [AtomicNumber=61, ElementSymbol=Promethium, AtomicWeight=Pm, Period=145, Group=6, Phase=22, MostStableCrystal=artificial, Type=hex, IonicRadius=Lanthanide, AtomicRadius=0.98, Electronegativity=2.6, FirstIonization=1.13, Potential=5.582, Density=7.26, MeltingPoint=1204.15, BoilingPoint=3273, Isotopes=14, Discoverer=Marinsky et al., YearOfDiscovery=1945, SpecificHeatCapacity=, ElectronConfiguration=[Xe] 4f5 6s2, DisplayRow=8, DisplayColumn=7, hashCode()=-1621432355, getAtomicNumber()=61, getElementSymbol()=Promethium, getAtomicWeight()=Pm, getPeriod()=145, getGroup()=6, getPhase()=22, getMostStableCrystal()=artificial, getType()=hex, getIonicRadius()=Lanthanide, getAtomicRadius()=0.98, getElectronegativity()=2.6, getFirstIonization()=1.13, getPotential()=5.582, getDensity()=7.26, getMeltingPoint()=1204.15, getBoilingPoint()=3273, getIsotopes()=14, getDiscoverer()=Marinsky et al., getYearOfDiscovery()=1945, getSpecificHeatCapacity()=, getElectronConfiguration()=[Xe] 4f5 6s2, getDisplayRow()=8, getDisplayColumn()=7, getClass()=class main.java.PeriodicElement, toString()=main.java.PeriodicElement@9f5ae7dd]
1546 [main] INFO main.java.Provider  - PeriodicElement [AtomicNumber=62, ElementSymbol=Samarium, AtomicWeight=Sm, Period=150.36, Group=6, Phase=23, MostStableCrystal=solid, Type=hex, IonicRadius=Lanthanide, AtomicRadius=0.96, Electronegativity=2.6, FirstIonization=1.17, Potential=5.6437, Density=7.52, MeltingPoint=1345.15, BoilingPoint=2067, Isotopes=17, Discoverer=Boisbaudran, YearOfDiscovery=1879, SpecificHeatCapacity=0.197, ElectronConfiguration=[Xe] 4f6 6s2, DisplayRow=8, DisplayColumn=8, hashCode()=137139071, getAtomicNumber()=62, getElementSymbol()=Samarium, getAtomicWeight()=Sm, getPeriod()=150.36, getGroup()=6, getPhase()=23, getMostStableCrystal()=solid, getType()=hex, getIonicRadius()=Lanthanide, getAtomicRadius()=0.96, getElectronegativity()=2.6, getFirstIonization()=1.17, getPotential()=5.6437, getDensity()=7.52, getMeltingPoint()=1345.15, getBoilingPoint()=2067, getIsotopes()=17, getDiscoverer()=Boisbaudran, getYearOfDiscovery()=1879, getSpecificHeatCapacity()=0.197, getElectronConfiguration()=[Xe] 4f6 6s2, getDisplayRow()=8, getDisplayColumn()=8, getClass()=class main.java.PeriodicElement, toString()=main.java.PeriodicElement@82c937f]
1546 [main] INFO main.java.Provider  - PeriodicElement [AtomicNumber=63, ElementSymbol=Europium, AtomicWeight=Eu, Period=151.964, Group=6, Phase=24, MostStableCrystal=solid, Type=bcc, IonicRadius=Lanthanide, AtomicRadius=0.95, Electronegativity=2.6, FirstIonization=1.2, Potential=5.6704, Density=5.243, MeltingPoint=1095.15, BoilingPoint=1802, Isotopes=21, Discoverer=Demarcay, YearOfDiscovery=1901, SpecificHeatCapacity=0.182, ElectronConfiguration=[Xe] 4f7 6s2, DisplayRow=8, DisplayColumn=9, hashCode()=1852071325, getAtomicNumber()=63, getElementSymbol()=Europium, getAtomicWeight()=Eu, getPeriod()=151.964, getGroup()=6, getPhase()=24, getMostStableCrystal()=solid, getType()=bcc, getIonicRadius()=Lanthanide, getAtomicRadius()=0.95, getElectronegativity()=2.6, getFirstIonization()=1.2, getPotential()=5.6704, getDensity()=5.243, getMeltingPoint()=1095.15, getBoilingPoint()=1802, getIsotopes()=21, getDiscoverer()=Demarcay, getYearOfDiscovery()=1901, getSpecificHeatCapacity()=0.182, getElectronConfiguration()=[Xe] 4f7 6s2, getDisplayRow()=8, getDisplayColumn()=9, getClass()=class main.java.PeriodicElement, toString()=main.java.PeriodicElement@6e645d9d]
1546 [main] INFO main.java.Provider  - PeriodicElement [AtomicNumber=64, ElementSymbol=Gadolinium, AtomicWeight=Gd, Period=157.25, Group=6, Phase=25, MostStableCrystal=solid, Type=hex, IonicRadius=Lanthanide, AtomicRadius=0.94, Electronegativity=2.5, FirstIonization=1.2, Potential=6.1501, Density=7.895, MeltingPoint=1585.15, BoilingPoint=3546, Isotopes=17, Discoverer=de Marignac, YearOfDiscovery=1880, SpecificHeatCapacity=0.236, ElectronConfiguration=[Xe] 4f7 5d1 6s2, DisplayRow=8, DisplayColumn=10, hashCode()=1136457615, getAtomicNumber()=64, getElementSymbol()=Gadolinium, getAtomicWeight()=Gd, getPeriod()=157.25, getGroup()=6, getPhase()=25, getMostStableCrystal()=solid, getType()=hex, getIonicRadius()=Lanthanide, getAtomicRadius()=0.94, getElectronegativity()=2.5, getFirstIonization()=1.2, getPotential()=6.1501, getDensity()=7.895, getMeltingPoint()=1585.15, getBoilingPoint()=3546, getIsotopes()=17, getDiscoverer()=de Marignac, getYearOfDiscovery()=1880, getSpecificHeatCapacity()=0.236, getElectronConfiguration()=[Xe] 4f7 5d1 6s2, getDisplayRow()=8, getDisplayColumn()=10, getClass()=class main.java.PeriodicElement, toString()=main.java.PeriodicElement@43bcf78f]
1546 [main] INFO main.java.Provider  - PeriodicElement [AtomicNumber=65, ElementSymbol=Terbium, AtomicWeight=Tb, Period=158.92535, Group=6, Phase=26, MostStableCrystal=solid, Type=hex, IonicRadius=Lanthanide, AtomicRadius=0.92, Electronegativity=2.5, FirstIonization=1.2, Potential=5.8638, Density=8.229, MeltingPoint=1630.15, BoilingPoint=3503, Isotopes=24, Discoverer=Mosander, YearOfDiscovery=1843, SpecificHeatCapacity=0.182, ElectronConfiguration=[Xe] 4f9 6s2, DisplayRow=8, DisplayColumn=11, hashCode()=-1844476246, getAtomicNumber()=65, getElementSymbol()=Terbium, getAtomicWeight()=Tb, getPeriod()=158.92535, getGroup()=6, getPhase()=26, getMostStableCrystal()=solid, getType()=hex, getIonicRadius()=Lanthanide, getAtomicRadius()=0.92, getElectronegativity()=2.5, getFirstIonization()=1.2, getPotential()=5.8638, getDensity()=8.229, getMeltingPoint()=1630.15, getBoilingPoint()=3503, getIsotopes()=24, getDiscoverer()=Mosander, getYearOfDiscovery()=1843, getSpecificHeatCapacity()=0.182, getElectronConfiguration()=[Xe] 4f9 6s2, getDisplayRow()=8, getDisplayColumn()=11, getClass()=class main.java.PeriodicElement, toString()=main.java.PeriodicElement@920f86aa]
1546 [main] INFO main.java.Provider  - PeriodicElement [AtomicNumber=66, ElementSymbol=Dysprosium, AtomicWeight=Dy, Period=162.5, Group=6, Phase=27, MostStableCrystal=solid, Type=hex, IonicRadius=Lanthanide, AtomicRadius=0.91, Electronegativity=2.5, FirstIonization=1.22, Potential=5.9389, Density=8.55, MeltingPoint=1680.15, BoilingPoint=2840, Isotopes=21, Discoverer=de Boisbaudran, YearOfDiscovery=1886, SpecificHeatCapacity=0.17, ElectronConfiguration=[Xe] 4f10 6s2, DisplayRow=8, DisplayColumn=12, hashCode()=-1385672610, getAtomicNumber()=66, getElementSymbol()=Dysprosium, getAtomicWeight()=Dy, getPeriod()=162.5, getGroup()=6, getPhase()=27, getMostStableCrystal()=solid, getType()=hex, getIonicRadius()=Lanthanide, getAtomicRadius()=0.91, getElectronegativity()=2.5, getFirstIonization()=1.22, getPotential()=5.9389, getDensity()=8.55, getMeltingPoint()=1680.15, getBoilingPoint()=2840, getIsotopes()=21, getDiscoverer()=de Boisbaudran, getYearOfDiscovery()=1886, getSpecificHeatCapacity()=0.17, getElectronConfiguration()=[Xe] 4f10 6s2, getDisplayRow()=8, getDisplayColumn()=12, getClass()=class main.java.PeriodicElement, toString()=main.java.PeriodicElement@ad68505e]
1546 [main] INFO main.java.Provider  - PeriodicElement [AtomicNumber=67, ElementSymbol=Holmium, AtomicWeight=Ho, Period=164.93032, Group=6, Phase=28, MostStableCrystal=solid, Type=hex, IonicRadius=Lanthanide, AtomicRadius=0.9, Electronegativity=2.5, FirstIonization=1.23, Potential=6.0215, Density=8.795, MeltingPoint=1743.15, BoilingPoint=2993, Isotopes=29, Discoverer=Delafontaine and Soret, YearOfDiscovery=1878, SpecificHeatCapacity=0.165, ElectronConfiguration=[Xe] 4f11 6s2, DisplayRow=8, DisplayColumn=13, hashCode()=-987061630, getAtomicNumber()=67, getElementSymbol()=Holmium, getAtomicWeight()=Ho, getPeriod()=164.93032, getGroup()=6, getPhase()=28, getMostStableCrystal()=solid, getType()=hex, getIonicRadius()=Lanthanide, getAtomicRadius()=0.9, getElectronegativity()=2.5, getFirstIonization()=1.23, getPotential()=6.0215, getDensity()=8.795, getMeltingPoint()=1743.15, getBoilingPoint()=2993, getIsotopes()=29, getDiscoverer()=Delafontaine and Soret, getYearOfDiscovery()=1878, getSpecificHeatCapacity()=0.165, getElectronConfiguration()=[Xe] 4f11 6s2, getDisplayRow()=8, getDisplayColumn()=13, getClass()=class main.java.PeriodicElement, toString()=main.java.PeriodicElement@c52aa282]
1546 [main] INFO main.java.Provider  - PeriodicElement [AtomicNumber=68, ElementSymbol=Erbium, AtomicWeight=Er, Period=167.259, Group=6, Phase=29, MostStableCrystal=solid, Type=hex, IonicRadius=Lanthanide, AtomicRadius=0.88, Electronegativity=2.5, FirstIonization=1.24, Potential=6.1077, Density=9.066, MeltingPoint=1795.15, BoilingPoint=3503, Isotopes=16, Discoverer=Mosander, YearOfDiscovery=1843, SpecificHeatCapacity=0.168, ElectronConfiguration=[Xe] 4f12 6s2, DisplayRow=8, DisplayColumn=14, hashCode()=-485021695, getAtomicNumber()=68, getElementSymbol()=Erbium, getAtomicWeight()=Er, getPeriod()=167.259, getGroup()=6, getPhase()=29, getMostStableCrystal()=solid, getType()=hex, getIonicRadius()=Lanthanide, getAtomicRadius()=0.88, getElectronegativity()=2.5, getFirstIonization()=1.24, getPotential()=6.1077, getDensity()=9.066, getMeltingPoint()=1795.15, getBoilingPoint()=3503, getIsotopes()=16, getDiscoverer()=Mosander, getYearOfDiscovery()=1843, getSpecificHeatCapacity()=0.168, getElectronConfiguration()=[Xe] 4f12 6s2, getDisplayRow()=8, getDisplayColumn()=14, getClass()=class main.java.PeriodicElement, toString()=main.java.PeriodicElement@e3172801]
1546 [main] INFO main.java.Provider  - PeriodicElement [AtomicNumber=69, ElementSymbol=Thulium, AtomicWeight=Tm, Period=168.93421, Group=6, Phase=30, MostStableCrystal=solid, Type=hex, IonicRadius=Lanthanide, AtomicRadius=0.87, Electronegativity=2.4, FirstIonization=1.25, Potential=6.1843, Density=9.321, MeltingPoint=1818.15, BoilingPoint=2223, Isotopes=18, Discoverer=Cleve, YearOfDiscovery=1879, SpecificHeatCapacity=0.16, ElectronConfiguration=[Xe] 4f13 6s2, DisplayRow=8, DisplayColumn=15, hashCode()=-1880375533, getAtomicNumber()=69, getElementSymbol()=Thulium, getAtomicWeight()=Tm, getPeriod()=168.93421, getGroup()=6, getPhase()=30, getMostStableCrystal()=solid, getType()=hex, getIonicRadius()=Lanthanide, getAtomicRadius()=0.87, getElectronegativity()=2.4, getFirstIonization()=1.25, getPotential()=6.1843, getDensity()=9.321, getMeltingPoint()=1818.15, getBoilingPoint()=2223, getIsotopes()=18, getDiscoverer()=Cleve, getYearOfDiscovery()=1879, getSpecificHeatCapacity()=0.16, getElectronConfiguration()=[Xe] 4f13 6s2, getDisplayRow()=8, getDisplayColumn()=15, getClass()=class main.java.PeriodicElement, toString()=main.java.PeriodicElement@8febbf13]
1546 [main] INFO main.java.Provider  - PeriodicElement [AtomicNumber=70, ElementSymbol=Ytterbium, AtomicWeight=Yb, Period=173.054, Group=6, Phase=31, MostStableCrystal=solid, Type=fcc, IonicRadius=Lanthanide, AtomicRadius=0.86, Electronegativity=2.4, FirstIonization=1.1, Potential=6.2542, Density=6.965, MeltingPoint=1097.15, BoilingPoint=1469, Isotopes=16, Discoverer=Marignac, YearOfDiscovery=1878, SpecificHeatCapacity=0.155, ElectronConfiguration=[Xe] 4f14 6s2, DisplayRow=8, DisplayColumn=16, hashCode()=-1674234797, getAtomicNumber()=70, getElementSymbol()=Ytterbium, getAtomicWeight()=Yb, getPeriod()=173.054, getGroup()=6, getPhase()=31, getMostStableCrystal()=solid, getType()=fcc, getIonicRadius()=Lanthanide, getAtomicRadius()=0.86, getElectronegativity()=2.4, getFirstIonization()=1.1, getPotential()=6.2542, getDensity()=6.965, getMeltingPoint()=1097.15, getBoilingPoint()=1469, getIsotopes()=16, getDiscoverer()=Marignac, getYearOfDiscovery()=1878, getSpecificHeatCapacity()=0.155, getElectronConfiguration()=[Xe] 4f14 6s2, getDisplayRow()=8, getDisplayColumn()=16, getClass()=class main.java.PeriodicElement, toString()=main.java.PeriodicElement@9c353453]
1547 [main] INFO main.java.Provider  - PeriodicElement [AtomicNumber=71, ElementSymbol=Lutetium, AtomicWeight=Lu, Period=174.9668, Group=6, Phase=32, MostStableCrystal=solid, Type=hex, IonicRadius=Lanthanide, AtomicRadius=0.85, Electronegativity=2.3, FirstIonization=1.27, Potential=5.4259, Density=9.84, MeltingPoint=1936.15, BoilingPoint=3675, Isotopes=22, Discoverer=Urbain/ von Welsbach, YearOfDiscovery=1907, SpecificHeatCapacity=0.154, ElectronConfiguration=[Xe] 4f14 5d1 6s2, DisplayRow=8, DisplayColumn=17, hashCode()=64986441, getAtomicNumber()=71, getElementSymbol()=Lutetium, getAtomicWeight()=Lu, getPeriod()=174.9668, getGroup()=6, getPhase()=32, getMostStableCrystal()=solid, getType()=hex, getIonicRadius()=Lanthanide, getAtomicRadius()=0.85, getElectronegativity()=2.3, getFirstIonization()=1.27, getPotential()=5.4259, getDensity()=9.84, getMeltingPoint()=1936.15, getBoilingPoint()=3675, getIsotopes()=22, getDiscoverer()=Urbain/ von Welsbach, getYearOfDiscovery()=1907, getSpecificHeatCapacity()=0.154, getElectronConfiguration()=[Xe] 4f14 5d1 6s2, getDisplayRow()=8, getDisplayColumn()=17, getClass()=class main.java.PeriodicElement, toString()=main.java.PeriodicElement@3df9d49]
1547 [main] INFO main.java.Provider  - PeriodicElement [AtomicNumber=72, ElementSymbol=Hafnium, AtomicWeight=Hf, Period=178.49, Group=6, Phase=4, MostStableCrystal=solid, Type=hex, IonicRadius=Transition Metal, AtomicRadius=0.71, Electronegativity=2.2, FirstIonization=1.3, Potential=6.8251, Density=13.31, MeltingPoint=2500.15, BoilingPoint=4876, Isotopes=17, Discoverer=Coster and von Hevesy, YearOfDiscovery=1923, SpecificHeatCapacity=0.144, ElectronConfiguration=[Xe] 4f14 5d2 6s2, DisplayRow=6, DisplayColumn=4, hashCode()=-1635249625, getAtomicNumber()=72, getElementSymbol()=Hafnium, getAtomicWeight()=Hf, getPeriod()=178.49, getGroup()=6, getPhase()=4, getMostStableCrystal()=solid, getType()=hex, getIonicRadius()=Transition Metal, getAtomicRadius()=0.71, getElectronegativity()=2.2, getFirstIonization()=1.3, getPotential()=6.8251, getDensity()=13.31, getMeltingPoint()=2500.15, getBoilingPoint()=4876, getIsotopes()=17, getDiscoverer()=Coster and von Hevesy, getYearOfDiscovery()=1923, getSpecificHeatCapacity()=0.144, getElectronConfiguration()=[Xe] 4f14 5d2 6s2, getDisplayRow()=6, getDisplayColumn()=4, getClass()=class main.java.PeriodicElement, toString()=main.java.PeriodicElement@9e881227]
1547 [main] INFO main.java.Provider  - PeriodicElement [AtomicNumber=73, ElementSymbol=Tantalum, AtomicWeight=Ta, Period=180.94788, Group=6, Phase=5, MostStableCrystal=solid, Type=bcc, IonicRadius=Transition Metal, AtomicRadius=0.64, Electronegativity=2.1, FirstIonization=1.5, Potential=7.5496, Density=16.654, MeltingPoint=3269.15, BoilingPoint=5731, Isotopes=19, Discoverer=Ekeberg, YearOfDiscovery=1801, SpecificHeatCapacity=0.14, ElectronConfiguration=[Xe] 4f14 5d3 6s2, DisplayRow=6, DisplayColumn=5, hashCode()=-1148991439, getAtomicNumber()=73, getElementSymbol()=Tantalum, getAtomicWeight()=Ta, getPeriod()=180.94788, getGroup()=6, getPhase()=5, getMostStableCrystal()=solid, getType()=bcc, getIonicRadius()=Transition Metal, getAtomicRadius()=0.64, getElectronegativity()=2.1, getFirstIonization()=1.5, getPotential()=7.5496, getDensity()=16.654, getMeltingPoint()=3269.15, getBoilingPoint()=5731, getIsotopes()=19, getDiscoverer()=Ekeberg, getYearOfDiscovery()=1801, getSpecificHeatCapacity()=0.14, getElectronConfiguration()=[Xe] 4f14 5d3 6s2, getDisplayRow()=6, getDisplayColumn()=5, getClass()=class main.java.PeriodicElement, toString()=main.java.PeriodicElement@bb83c831]
1547 [main] INFO main.java.Provider  - PeriodicElement [AtomicNumber=74, ElementSymbol=Wolfram, AtomicWeight=W, Period=183.84, Group=6, Phase=6, MostStableCrystal=solid, Type=bcc, IonicRadius=Transition Metal, AtomicRadius=0.62, Electronegativity=2, FirstIonization=2.36, Potential=7.864, Density=19.25, MeltingPoint=3680.15, BoilingPoint=5828, Isotopes=22, Discoverer=J. and F. d&apos;Elhuyar, YearOfDiscovery=1783, SpecificHeatCapacity=0.132, ElectronConfiguration=[Xe] 4f14 5d4 6s2, DisplayRow=6, DisplayColumn=6, hashCode()=1201121190, getAtomicNumber()=74, getElementSymbol()=Wolfram, getAtomicWeight()=W, getPeriod()=183.84, getGroup()=6, getPhase()=6, getMostStableCrystal()=solid, getType()=bcc, getIonicRadius()=Transition Metal, getAtomicRadius()=0.62, getElectronegativity()=2, getFirstIonization()=2.36, getPotential()=7.864, getDensity()=19.25, getMeltingPoint()=3680.15, getBoilingPoint()=5828, getIsotopes()=22, getDiscoverer()=J. and F. d&apos;Elhuyar, getYearOfDiscovery()=1783, getSpecificHeatCapacity()=0.132, getElectronConfiguration()=[Xe] 4f14 5d4 6s2, getDisplayRow()=6, getDisplayColumn()=6, getClass()=class main.java.PeriodicElement, toString()=main.java.PeriodicElement@4797a7a6]
1547 [main] INFO main.java.Provider  - PeriodicElement [AtomicNumber=75, ElementSymbol=Rhenium, AtomicWeight=Re, Period=186.207, Group=6, Phase=7, MostStableCrystal=solid, Type=hex, IonicRadius=Transition Metal, AtomicRadius=0.56, Electronegativity=2, FirstIonization=1.9, Potential=7.8335, Density=21.02, MeltingPoint=3453.15, BoilingPoint=5869, Isotopes=21, Discoverer=&quot;Noddack  Berg  and Tacke&quot; , YearOfDiscovery=1925, SpecificHeatCapacity=0.137, ElectronConfiguration=[Xe] 4f14 5d5 6s2, DisplayRow=6, DisplayColumn=7, hashCode()=213560294, getAtomicNumber()=75, getElementSymbol()=Rhenium, getAtomicWeight()=Re, getPeriod()=186.207, getGroup()=6, getPhase()=7, getMostStableCrystal()=solid, getType()=hex, getIonicRadius()=Transition Metal, getAtomicRadius()=0.56, getElectronegativity()=2, getFirstIonization()=1.9, getPotential()=7.8335, getDensity()=21.02, getMeltingPoint()=3453.15, getBoilingPoint()=5869, getIsotopes()=21, getDiscoverer()=&quot;Noddack  Berg  and Tacke&quot; , getYearOfDiscovery()=1925, getSpecificHeatCapacity()=0.137, getElectronConfiguration()=[Xe] 4f14 5d5 6s2, getDisplayRow()=6, getDisplayColumn()=7, getClass()=class main.java.PeriodicElement, toString()=main.java.PeriodicElement@cbaabe6]
1547 [main] INFO main.java.Provider  - PeriodicElement [AtomicNumber=76, ElementSymbol=Osmium, AtomicWeight=Os, Period=190.23, Group=6, Phase=8, MostStableCrystal=solid, Type=hex, IonicRadius=Transition Metal, AtomicRadius=0.63, Electronegativity=1.9, FirstIonization=2.2, Potential=8.4382, Density=22.61, MeltingPoint=3300.15, BoilingPoint=5285, Isotopes=19, Discoverer=Tennant, YearOfDiscovery=1803, SpecificHeatCapacity=0.13, ElectronConfiguration=[Xe] 4f14 5d6 6s2, DisplayRow=6, DisplayColumn=8, hashCode()=895002320, getAtomicNumber()=76, getElementSymbol()=Osmium, getAtomicWeight()=Os, getPeriod()=190.23, getGroup()=6, getPhase()=8, getMostStableCrystal()=solid, getType()=hex, getIonicRadius()=Transition Metal, getAtomicRadius()=0.63, getElectronegativity()=1.9, getFirstIonization()=2.2, getPotential()=8.4382, getDensity()=22.61, getMeltingPoint()=3300.15, getBoilingPoint()=5285, getIsotopes()=19, getDiscoverer()=Tennant, getYearOfDiscovery()=1803, getSpecificHeatCapacity()=0.13, getElectronConfiguration()=[Xe] 4f14 5d6 6s2, getDisplayRow()=6, getDisplayColumn()=8, getClass()=class main.java.PeriodicElement, toString()=main.java.PeriodicElement@3558a6d0]
1547 [main] INFO main.java.Provider  - PeriodicElement [AtomicNumber=77, ElementSymbol=Iridium, AtomicWeight=Ir, Period=192.217, Group=6, Phase=9, MostStableCrystal=solid, Type=fcc, IonicRadius=Transition Metal, AtomicRadius=0.63, Electronegativity=1.9, FirstIonization=2.2, Potential=8.967, Density=22.56, MeltingPoint=2716.15, BoilingPoint=4701, Isotopes=25, Discoverer=Tennant, YearOfDiscovery=1804, SpecificHeatCapacity=0.131, ElectronConfiguration=[Xe] 4f14 5d7 6s2, DisplayRow=6, DisplayColumn=9, hashCode()=1522632996, getAtomicNumber()=77, getElementSymbol()=Iridium, getAtomicWeight()=Ir, getPeriod()=192.217, getGroup()=6, getPhase()=9, getMostStableCrystal()=solid, getType()=fcc, getIonicRadius()=Transition Metal, getAtomicRadius()=0.63, getElectronegativity()=1.9, getFirstIonization()=2.2, getPotential()=8.967, getDensity()=22.56, getMeltingPoint()=2716.15, getBoilingPoint()=4701, getIsotopes()=25, getDiscoverer()=Tennant, getYearOfDiscovery()=1804, getSpecificHeatCapacity()=0.131, getElectronConfiguration()=[Xe] 4f14 5d7 6s2, getDisplayRow()=6, getDisplayColumn()=9, getClass()=class main.java.PeriodicElement, toString()=main.java.PeriodicElement@5ac18924]
1548 [main] INFO main.java.Provider  - PeriodicElement [AtomicNumber=78, ElementSymbol=Platinum, AtomicWeight=Pt, Period=195.084, Group=6, Phase=10, MostStableCrystal=solid, Type=fcc, IonicRadius=Transition Metal, AtomicRadius=0.63, Electronegativity=1.8, FirstIonization=2.28, Potential=8.9587, Density=21.46, MeltingPoint=2045.15, BoilingPoint=4098, Isotopes=32, Discoverer=Ulloa/Wood, YearOfDiscovery=1735, SpecificHeatCapacity=0.133, ElectronConfiguration=[Xe] 4f14 5d9 6s1, DisplayRow=6, DisplayColumn=10, hashCode()=-729517335, getAtomicNumber()=78, getElementSymbol()=Platinum, getAtomicWeight()=Pt, getPeriod()=195.084, getGroup()=6, getPhase()=10, getMostStableCrystal()=solid, getType()=fcc, getIonicRadius()=Transition Metal, getAtomicRadius()=0.63, getElectronegativity()=1.8, getFirstIonization()=2.28, getPotential()=8.9587, getDensity()=21.46, getMeltingPoint()=2045.15, getBoilingPoint()=4098, getIsotopes()=32, getDiscoverer()=Ulloa/Wood, getYearOfDiscovery()=1735, getSpecificHeatCapacity()=0.133, getElectronConfiguration()=[Xe] 4f14 5d9 6s1, getDisplayRow()=6, getDisplayColumn()=10, getClass()=class main.java.PeriodicElement, toString()=main.java.PeriodicElement@d48472e9]
1548 [main] INFO main.java.Provider  - PeriodicElement [AtomicNumber=79, ElementSymbol=Gold, AtomicWeight=Au, Period=196.966569, Group=6, Phase=11, MostStableCrystal=solid, Type=fcc, IonicRadius=Transition Metal, AtomicRadius=0.85, Electronegativity=1.8, FirstIonization=2.54, Potential=9.2255, Density=19.282, MeltingPoint=1337.73, BoilingPoint=3129, Isotopes=21, Discoverer=Prehistoric, YearOfDiscovery=, SpecificHeatCapacity=0.129, ElectronConfiguration=[Xe] 4f14 5d10 6s1, DisplayRow=6, DisplayColumn=11, hashCode()=-1079945361, getAtomicNumber()=79, getElementSymbol()=Gold, getAtomicWeight()=Au, getPeriod()=196.966569, getGroup()=6, getPhase()=11, getMostStableCrystal()=solid, getType()=fcc, getIonicRadius()=Transition Metal, getAtomicRadius()=0.85, getElectronegativity()=1.8, getFirstIonization()=2.54, getPotential()=9.2255, getDensity()=19.282, getMeltingPoint()=1337.73, getBoilingPoint()=3129, getIsotopes()=21, getDiscoverer()=Prehistoric, getYearOfDiscovery()=, getSpecificHeatCapacity()=0.129, getElectronConfiguration()=[Xe] 4f14 5d10 6s1, getDisplayRow()=6, getDisplayColumn()=11, getClass()=class main.java.PeriodicElement, toString()=main.java.PeriodicElement@bfa1576f]
1548 [main] INFO main.java.Provider  - PeriodicElement [AtomicNumber=80, ElementSymbol=Mercury, AtomicWeight=Hg, Period=200.59, Group=6, Phase=12, MostStableCrystal=liq, Type=, IonicRadius=Transition Metal, AtomicRadius=1, Electronegativity=1.8, FirstIonization=2, Potential=10.4375, Density=13.5336, MeltingPoint=234.43, BoilingPoint=630, Isotopes=26, Discoverer=Prehistoric, YearOfDiscovery=, SpecificHeatCapacity=0.14, ElectronConfiguration=[Xe] 4f14 5d10 6s2, DisplayRow=6, DisplayColumn=12, hashCode()=-1227086273, getAtomicNumber()=80, getElementSymbol()=Mercury, getAtomicWeight()=Hg, getPeriod()=200.59, getGroup()=6, getPhase()=12, getMostStableCrystal()=liq, getType()=, getIonicRadius()=Transition Metal, getAtomicRadius()=1, getElectronegativity()=1.8, getFirstIonization()=2, getPotential()=10.4375, getDensity()=13.5336, getMeltingPoint()=234.43, getBoilingPoint()=630, getIsotopes()=26, getDiscoverer()=Prehistoric, getYearOfDiscovery()=, getSpecificHeatCapacity()=0.14, getElectronConfiguration()=[Xe] 4f14 5d10 6s2, getDisplayRow()=6, getDisplayColumn()=12, getClass()=class main.java.PeriodicElement, toString()=main.java.PeriodicElement@b6dc263f]
1548 [main] INFO main.java.Provider  - PeriodicElement [AtomicNumber=81, ElementSymbol=Thallium, AtomicWeight=Tl, Period=204.3833, Group=6, Phase=13, MostStableCrystal=solid, Type=hex, IonicRadius=Metal, AtomicRadius=1.5, Electronegativity=2.1, FirstIonization=2.04, Potential=6.1082, Density=11.85, MeltingPoint=577.15, BoilingPoint=1746, Isotopes=28, Discoverer=Crookes, YearOfDiscovery=1861, SpecificHeatCapacity=0.129, ElectronConfiguration=[Xe] 4f14 5d10 6s2 6p1, DisplayRow=6, DisplayColumn=13, hashCode()=-702620978, getAtomicNumber()=81, getElementSymbol()=Thallium, getAtomicWeight()=Tl, getPeriod()=204.3833, getGroup()=6, getPhase()=13, getMostStableCrystal()=solid, getType()=hex, getIonicRadius()=Metal, getAtomicRadius()=1.5, getElectronegativity()=2.1, getFirstIonization()=2.04, getPotential()=6.1082, getDensity()=11.85, getMeltingPoint()=577.15, getBoilingPoint()=1746, getIsotopes()=28, getDiscoverer()=Crookes, getYearOfDiscovery()=1861, getSpecificHeatCapacity()=0.129, getElectronConfiguration()=[Xe] 4f14 5d10 6s2 6p1, getDisplayRow()=6, getDisplayColumn()=13, getClass()=class main.java.PeriodicElement, toString()=main.java.PeriodicElement@d61edace]
1548 [main] INFO main.java.Provider  - PeriodicElement [AtomicNumber=82, ElementSymbol=Lead, AtomicWeight=Pb, Period=207.2, Group=6, Phase=14, MostStableCrystal=solid, Type=fcc, IonicRadius=Metal, AtomicRadius=1.2, Electronegativity=1.8, FirstIonization=2.33, Potential=7.4167, Density=11.342, MeltingPoint=600.75, BoilingPoint=2022, Isotopes=29, Discoverer=Prehistoric, YearOfDiscovery=, SpecificHeatCapacity=0.129, ElectronConfiguration=[Xe] 4f14 5d10 6s2 6p2, DisplayRow=6, DisplayColumn=14, hashCode()=-768473258, getAtomicNumber()=82, getElementSymbol()=Lead, getAtomicWeight()=Pb, getPeriod()=207.2, getGroup()=6, getPhase()=14, getMostStableCrystal()=solid, getType()=fcc, getIonicRadius()=Metal, getAtomicRadius()=1.2, getElectronegativity()=1.8, getFirstIonization()=2.33, getPotential()=7.4167, getDensity()=11.342, getMeltingPoint()=600.75, getBoilingPoint()=2022, getIsotopes()=29, getDiscoverer()=Prehistoric, getYearOfDiscovery()=, getSpecificHeatCapacity()=0.129, getElectronConfiguration()=[Xe] 4f14 5d10 6s2 6p2, getDisplayRow()=6, getDisplayColumn()=14, getClass()=class main.java.PeriodicElement, toString()=main.java.PeriodicElement@d2320756]
1548 [main] INFO main.java.Provider  - PeriodicElement [AtomicNumber=83, ElementSymbol=Bismuth, AtomicWeight=Bi, Period=208.9804, Group=6, Phase=15, MostStableCrystal=solid, Type=rho, IonicRadius=Metal, AtomicRadius=1, Electronegativity=1.6, FirstIonization=2.02, Potential=7.2856, Density=9.807, MeltingPoint=544.67, BoilingPoint=1837, Isotopes=19, Discoverer=Geoffroy the Younger, YearOfDiscovery=1753, SpecificHeatCapacity=0.122, ElectronConfiguration=[Xe] 4f14 5d10 6s2 6p3, DisplayRow=6, DisplayColumn=15, hashCode()=-1807508642, getAtomicNumber()=83, getElementSymbol()=Bismuth, getAtomicWeight()=Bi, getPeriod()=208.9804, getGroup()=6, getPhase()=15, getMostStableCrystal()=solid, getType()=rho, getIonicRadius()=Metal, getAtomicRadius()=1, getElectronegativity()=1.6, getFirstIonization()=2.02, getPotential()=7.2856, getDensity()=9.807, getMeltingPoint()=544.67, getBoilingPoint()=1837, getIsotopes()=19, getDiscoverer()=Geoffroy the Younger, getYearOfDiscovery()=1753, getSpecificHeatCapacity()=0.122, getElectronConfiguration()=[Xe] 4f14 5d10 6s2 6p3, getDisplayRow()=6, getDisplayColumn()=15, getClass()=class main.java.PeriodicElement, toString()=main.java.PeriodicElement@94439b5e]
1549 [main] INFO main.java.Provider  - PeriodicElement [AtomicNumber=84, ElementSymbol=Polonium, AtomicWeight=Po, Period=210, Group=6, Phase=16, MostStableCrystal=solid, Type=cub, IonicRadius=Metalloid, AtomicRadius=2.3, Electronegativity=1.5, FirstIonization=2, Potential=8.417, Density=9.32, MeltingPoint=527.15, BoilingPoint=1235, Isotopes=34, Discoverer=Curie, YearOfDiscovery=1898, SpecificHeatCapacity=, ElectronConfiguration=[Xe] 4f14 5d10 6s2 6p4, DisplayRow=6, DisplayColumn=16, hashCode()=-625311206, getAtomicNumber()=84, getElementSymbol()=Polonium, getAtomicWeight()=Po, getPeriod()=210, getGroup()=6, getPhase()=16, getMostStableCrystal()=solid, getType()=cub, getIonicRadius()=Metalloid, getAtomicRadius()=2.3, getElectronegativity()=1.5, getFirstIonization()=2, getPotential()=8.417, getDensity()=9.32, getMeltingPoint()=527.15, getBoilingPoint()=1235, getIsotopes()=34, getDiscoverer()=Curie, getYearOfDiscovery()=1898, getSpecificHeatCapacity()=, getElectronConfiguration()=[Xe] 4f14 5d10 6s2 6p4, getDisplayRow()=6, getDisplayColumn()=16, getClass()=class main.java.PeriodicElement, toString()=main.java.PeriodicElement@daba821a]
1549 [main] INFO main.java.Provider  - PeriodicElement [AtomicNumber=85, ElementSymbol=Astatine, AtomicWeight=At, Period=210, Group=6, Phase=17, MostStableCrystal=solid, Type=, IonicRadius=Noble Gas, AtomicRadius=, Electronegativity=1.4, FirstIonization=2.2, Potential=9.3, Density=7, MeltingPoint=575.15, BoilingPoint=610, Isotopes=21, Discoverer=Corson et al., YearOfDiscovery=1940, SpecificHeatCapacity=, ElectronConfiguration=[Xe] 4f14 5d10 6s2 6p5, DisplayRow=6, DisplayColumn=17, hashCode()=777057088, getAtomicNumber()=85, getElementSymbol()=Astatine, getAtomicWeight()=At, getPeriod()=210, getGroup()=6, getPhase()=17, getMostStableCrystal()=solid, getType()=, getIonicRadius()=Noble Gas, getAtomicRadius()=, getElectronegativity()=1.4, getFirstIonization()=2.2, getPotential()=9.3, getDensity()=7, getMeltingPoint()=575.15, getBoilingPoint()=610, getIsotopes()=21, getDiscoverer()=Corson et al., getYearOfDiscovery()=1940, getSpecificHeatCapacity()=, getElectronConfiguration()=[Xe] 4f14 5d10 6s2 6p5, getDisplayRow()=6, getDisplayColumn()=17, getClass()=class main.java.PeriodicElement, toString()=main.java.PeriodicElement@2e50f340]
1549 [main] INFO main.java.Provider  - PeriodicElement [AtomicNumber=86, ElementSymbol=Radon, AtomicWeight=Rn, Period=222, Group=6, Phase=18, MostStableCrystal=gas, Type=, IonicRadius=Alkali Metal, AtomicRadius=, Electronegativity=1.3, FirstIonization=, Potential=10.7485, Density=0.00973, MeltingPoint=202.15, BoilingPoint=211.3, Isotopes=20, Discoverer=Dorn, YearOfDiscovery=1900, SpecificHeatCapacity=0.094, ElectronConfiguration=[Xe] 4f14 5d10 6s2 6p6, DisplayRow=6, DisplayColumn=18, hashCode()=-1116433397, getAtomicNumber()=86, getElementSymbol()=Radon, getAtomicWeight()=Rn, getPeriod()=222, getGroup()=6, getPhase()=18, getMostStableCrystal()=gas, getType()=, getIonicRadius()=Alkali Metal, getAtomicRadius()=, getElectronegativity()=1.3, getFirstIonization()=, getPotential()=10.7485, getDensity()=0.00973, getMeltingPoint()=202.15, getBoilingPoint()=211.3, getIsotopes()=20, getDiscoverer()=Dorn, getYearOfDiscovery()=1900, getSpecificHeatCapacity()=0.094, getElectronConfiguration()=[Xe] 4f14 5d10 6s2 6p6, getDisplayRow()=6, getDisplayColumn()=18, getClass()=class main.java.PeriodicElement, toString()=main.java.PeriodicElement@bd74940b]
1549 [main] INFO main.java.Provider  - PeriodicElement [AtomicNumber=87, ElementSymbol=Francium, AtomicWeight=Fr, Period=223, Group=7, Phase=1, MostStableCrystal=solid, Type=bcc, IonicRadius=Alkaline Earth Metal, AtomicRadius=1.8, Electronegativity=, FirstIonization=0.7, Potential=4.0727, Density=1.87, MeltingPoint=300.15, BoilingPoint=950, Isotopes=21, Discoverer=Perey, YearOfDiscovery=1939, SpecificHeatCapacity=, ElectronConfiguration=[Rn] 7s1, DisplayRow=7, DisplayColumn=1, hashCode()=-609673607, getAtomicNumber()=87, getElementSymbol()=Francium, getAtomicWeight()=Fr, getPeriod()=223, getGroup()=7, getPhase()=1, getMostStableCrystal()=solid, getType()=bcc, getIonicRadius()=Alkaline Earth Metal, getAtomicRadius()=1.8, getElectronegativity()=, getFirstIonization()=0.7, getPotential()=4.0727, getDensity()=1.87, getMeltingPoint()=300.15, getBoilingPoint()=950, getIsotopes()=21, getDiscoverer()=Perey, getYearOfDiscovery()=1939, getSpecificHeatCapacity()=, getElectronConfiguration()=[Rn] 7s1, getDisplayRow()=7, getDisplayColumn()=1, getClass()=class main.java.PeriodicElement, toString()=main.java.PeriodicElement@dba91e79]
1549 [main] INFO main.java.Provider  - PeriodicElement [AtomicNumber=88, ElementSymbol=Radium, AtomicWeight=Ra, Period=226, Group=7, Phase=2, MostStableCrystal=solid, Type=bcc, IonicRadius=Actinide, AtomicRadius=1.4, Electronegativity=, FirstIonization=0.9, Potential=5.2784, Density=5.5, MeltingPoint=973.15, BoilingPoint=2010, Isotopes=15, Discoverer=Pierre and Marie Curie, YearOfDiscovery=1898, SpecificHeatCapacity=, ElectronConfiguration=[Rn] 7s2, DisplayRow=7, DisplayColumn=2, hashCode()=722065556, getAtomicNumber()=88, getElementSymbol()=Radium, getAtomicWeight()=Ra, getPeriod()=226, getGroup()=7, getPhase()=2, getMostStableCrystal()=solid, getType()=bcc, getIonicRadius()=Actinide, getAtomicRadius()=1.4, getElectronegativity()=, getFirstIonization()=0.9, getPotential()=5.2784, getDensity()=5.5, getMeltingPoint()=973.15, getBoilingPoint()=2010, getIsotopes()=15, getDiscoverer()=Pierre and Marie Curie, getYearOfDiscovery()=1898, getSpecificHeatCapacity()=, getElectronConfiguration()=[Rn] 7s2, getDisplayRow()=7, getDisplayColumn()=2, getClass()=class main.java.PeriodicElement, toString()=main.java.PeriodicElement@2b09d894]
1549 [main] INFO main.java.Provider  - PeriodicElement [AtomicNumber=89, ElementSymbol=Actinium, AtomicWeight=Ac, Period=227, Group=7, Phase=3, MostStableCrystal=solid, Type=fcc, IonicRadius=Actinide, AtomicRadius=1.1, Electronegativity=, FirstIonization=1.1, Potential=5.17, Density=10.07, MeltingPoint=1323.15, BoilingPoint=3471, Isotopes=11, Discoverer=Debierne/Giesel, YearOfDiscovery=1899, SpecificHeatCapacity=0.12, ElectronConfiguration=[Rn] 6d1 7s2, DisplayRow=9, DisplayColumn=3, hashCode()=875540475, getAtomicNumber()=89, getElementSymbol()=Actinium, getAtomicWeight()=Ac, getPeriod()=227, getGroup()=7, getPhase()=3, getMostStableCrystal()=solid, getType()=fcc, getIonicRadius()=Actinide, getAtomicRadius()=1.1, getElectronegativity()=, getFirstIonization()=1.1, getPotential()=5.17, getDensity()=10.07, getMeltingPoint()=1323.15, getBoilingPoint()=3471, getIsotopes()=11, getDiscoverer()=Debierne/Giesel, getYearOfDiscovery()=1899, getSpecificHeatCapacity()=0.12, getElectronConfiguration()=[Rn] 6d1 7s2, getDisplayRow()=9, getDisplayColumn()=3, getClass()=class main.java.PeriodicElement, toString()=main.java.PeriodicElement@342faffb]
1549 [main] INFO main.java.Provider  - PeriodicElement [AtomicNumber=90, ElementSymbol=Thorium, AtomicWeight=Th, Period=232.03806, Group=7, Phase=19, MostStableCrystal=solid, Type=fcc, IonicRadius=Actinide, AtomicRadius=0.97, Electronegativity=, FirstIonization=1.3, Potential=6.3067, Density=11.72, MeltingPoint=2028.15, BoilingPoint=5061, Isotopes=12, Discoverer=Berzelius, YearOfDiscovery=1828, SpecificHeatCapacity=0.113, ElectronConfiguration=[Rn] 6d2 7s2, DisplayRow=9, DisplayColumn=4, hashCode()=191362189, getAtomicNumber()=90, getElementSymbol()=Thorium, getAtomicWeight()=Th, getPeriod()=232.03806, getGroup()=7, getPhase()=19, getMostStableCrystal()=solid, getType()=fcc, getIonicRadius()=Actinide, getAtomicRadius()=0.97, getElectronegativity()=, getFirstIonization()=1.3, getPotential()=6.3067, getDensity()=11.72, getMeltingPoint()=2028.15, getBoilingPoint()=5061, getIsotopes()=12, getDiscoverer()=Berzelius, getYearOfDiscovery()=1828, getSpecificHeatCapacity()=0.113, getElectronConfiguration()=[Rn] 6d2 7s2, getDisplayRow()=9, getDisplayColumn()=4, getClass()=class main.java.PeriodicElement, toString()=main.java.PeriodicElement@b67f48d]
1549 [main] INFO main.java.Provider  - PeriodicElement [AtomicNumber=91, ElementSymbol=Protactinium, AtomicWeight=Pa, Period=231.03588, Group=7, Phase=20, MostStableCrystal=solid, Type=orth, IonicRadius=Actinide, AtomicRadius=0.78, Electronegativity=, FirstIonization=1.5, Potential=5.89, Density=15.37, MeltingPoint=1873.15, BoilingPoint=4300, Isotopes=14, Discoverer=Hahn and Meitner, YearOfDiscovery=1917, SpecificHeatCapacity=, ElectronConfiguration=[Rn] 5f2 6d1 7s2, DisplayRow=9, DisplayColumn=5, hashCode()=1872018889, getAtomicNumber()=91, getElementSymbol()=Protactinium, getAtomicWeight()=Pa, getPeriod()=231.03588, getGroup()=7, getPhase()=20, getMostStableCrystal()=solid, getType()=orth, getIonicRadius()=Actinide, getAtomicRadius()=0.78, getElectronegativity()=, getFirstIonization()=1.5, getPotential()=5.89, getDensity()=15.37, getMeltingPoint()=1873.15, getBoilingPoint()=4300, getIsotopes()=14, getDiscoverer()=Hahn and Meitner, getYearOfDiscovery()=1917, getSpecificHeatCapacity()=, getElectronConfiguration()=[Rn] 5f2 6d1 7s2, getDisplayRow()=9, getDisplayColumn()=5, getClass()=class main.java.PeriodicElement, toString()=main.java.PeriodicElement@6f94bdc9]
1549 [main] INFO main.java.Provider  - PeriodicElement [AtomicNumber=92, ElementSymbol=Uranium, AtomicWeight=U, Period=238.02891, Group=7, Phase=21, MostStableCrystal=solid, Type=orth, IonicRadius=Actinide, AtomicRadius=0.52, Electronegativity=, FirstIonization=1.38, Potential=6.1941, Density=18.95, MeltingPoint=1405.15, BoilingPoint=4404, Isotopes=15, Discoverer=Peligot, YearOfDiscovery=1841, SpecificHeatCapacity=0.116, ElectronConfiguration=[Rn] 5f3 6d1 7s2, DisplayRow=9, DisplayColumn=6, hashCode()=1337164867, getAtomicNumber()=92, getElementSymbol()=Uranium, getAtomicWeight()=U, getPeriod()=238.02891, getGroup()=7, getPhase()=21, getMostStableCrystal()=solid, getType()=orth, getIonicRadius()=Actinide, getAtomicRadius()=0.52, getElectronegativity()=, getFirstIonization()=1.38, getPotential()=6.1941, getDensity()=18.95, getMeltingPoint()=1405.15, getBoilingPoint()=4404, getIsotopes()=15, getDiscoverer()=Peligot, getYearOfDiscovery()=1841, getSpecificHeatCapacity()=0.116, getElectronConfiguration()=[Rn] 5f3 6d1 7s2, getDisplayRow()=9, getDisplayColumn()=6, getClass()=class main.java.PeriodicElement, toString()=main.java.PeriodicElement@4fb38443]
1549 [main] INFO main.java.Provider  - PeriodicElement [AtomicNumber=93, ElementSymbol=Neptunium, AtomicWeight=Np, Period=237, Group=7, Phase=22, MostStableCrystal=artificial, Type=orth, IonicRadius=Actinide, AtomicRadius=0.75, Electronegativity=, FirstIonization=1.36, Potential=6.2657, Density=20.45, MeltingPoint=913.15, BoilingPoint=4273, Isotopes=153, Discoverer=McMillan and Abelson, YearOfDiscovery=1940, SpecificHeatCapacity=, ElectronConfiguration=[Rn] 5f4 6d1 7s2, DisplayRow=9, DisplayColumn=7, hashCode()=1640333522, getAtomicNumber()=93, getElementSymbol()=Neptunium, getAtomicWeight()=Np, getPeriod()=237, getGroup()=7, getPhase()=22, getMostStableCrystal()=artificial, getType()=orth, getIonicRadius()=Actinide, getAtomicRadius()=0.75, getElectronegativity()=, getFirstIonization()=1.36, getPotential()=6.2657, getDensity()=20.45, getMeltingPoint()=913.15, getBoilingPoint()=4273, getIsotopes()=153, getDiscoverer()=McMillan and Abelson, getYearOfDiscovery()=1940, getSpecificHeatCapacity()=, getElectronConfiguration()=[Rn] 5f4 6d1 7s2, getDisplayRow()=9, getDisplayColumn()=7, getClass()=class main.java.PeriodicElement, toString()=main.java.PeriodicElement@61c580d2]
1550 [main] INFO main.java.Provider  - PeriodicElement [AtomicNumber=94, ElementSymbol=Plutonium, AtomicWeight=Pu, Period=244, Group=7, Phase=23, MostStableCrystal=artificial, Type=mno, IonicRadius=Actinide, AtomicRadius=0.89, Electronegativity=, FirstIonization=1.28, Potential=6.0262, Density=19.84, MeltingPoint=913.15, BoilingPoint=3501, Isotopes=163, Discoverer=Seaborg et al., YearOfDiscovery=1940, SpecificHeatCapacity=, ElectronConfiguration=[Rn] 5f6 7s2, DisplayRow=9, DisplayColumn=8, hashCode()=489177062, getAtomicNumber()=94, getElementSymbol()=Plutonium, getAtomicWeight()=Pu, getPeriod()=244, getGroup()=7, getPhase()=23, getMostStableCrystal()=artificial, getType()=mno, getIonicRadius()=Actinide, getAtomicRadius()=0.89, getElectronegativity()=, getFirstIonization()=1.28, getPotential()=6.0262, getDensity()=19.84, getMeltingPoint()=913.15, getBoilingPoint()=3501, getIsotopes()=163, getDiscoverer()=Seaborg et al., getYearOfDiscovery()=1940, getSpecificHeatCapacity()=, getElectronConfiguration()=[Rn] 5f6 7s2, getDisplayRow()=9, getDisplayColumn()=8, getClass()=class main.java.PeriodicElement, toString()=main.java.PeriodicElement@1d283fe6]
1550 [main] INFO main.java.Provider  - PeriodicElement [AtomicNumber=95, ElementSymbol=Americium, AtomicWeight=Am, Period=243, Group=7, Phase=24, MostStableCrystal=artificial, Type=hex, IonicRadius=Actinide, AtomicRadius=0.98, Electronegativity=, FirstIonization=1.3, Potential=5.9738, Density=13.69, MeltingPoint=1267.15, BoilingPoint=2880, Isotopes=133, Discoverer=Seaborg et al., YearOfDiscovery=1944, SpecificHeatCapacity=, ElectronConfiguration=[Rn] 5f7 7s2, DisplayRow=9, DisplayColumn=9, hashCode()=1014986517, getAtomicNumber()=95, getElementSymbol()=Americium, getAtomicWeight()=Am, getPeriod()=243, getGroup()=7, getPhase()=24, getMostStableCrystal()=artificial, getType()=hex, getIonicRadius()=Actinide, getAtomicRadius()=0.98, getElectronegativity()=, getFirstIonization()=1.3, getPotential()=5.9738, getDensity()=13.69, getMeltingPoint()=1267.15, getBoilingPoint()=2880, getIsotopes()=133, getDiscoverer()=Seaborg et al., getYearOfDiscovery()=1944, getSpecificHeatCapacity()=, getElectronConfiguration()=[Rn] 5f7 7s2, getDisplayRow()=9, getDisplayColumn()=9, getClass()=class main.java.PeriodicElement, toString()=main.java.PeriodicElement@3c7f7715]
1550 [main] INFO main.java.Provider  - PeriodicElement [AtomicNumber=96, ElementSymbol=Curium, AtomicWeight=Cm, Period=247, Group=7, Phase=25, MostStableCrystal=artificial, Type=hex, IonicRadius=Actinide, AtomicRadius=0.97, Electronegativity=, FirstIonization=1.3, Potential=5.9915, Density=13.51, MeltingPoint=1340.15, BoilingPoint=3383, Isotopes=133, Discoverer=Seaborg et al., YearOfDiscovery=1944, SpecificHeatCapacity=, ElectronConfiguration=, DisplayRow=9, DisplayColumn=10, hashCode()=-1065301056, getAtomicNumber()=96, getElementSymbol()=Curium, getAtomicWeight()=Cm, getPeriod()=247, getGroup()=7, getPhase()=25, getMostStableCrystal()=artificial, getType()=hex, getIonicRadius()=Actinide, getAtomicRadius()=0.97, getElectronegativity()=, getFirstIonization()=1.3, getPotential()=5.9915, getDensity()=13.51, getMeltingPoint()=1340.15, getBoilingPoint()=3383, getIsotopes()=133, getDiscoverer()=Seaborg et al., getYearOfDiscovery()=1944, getSpecificHeatCapacity()=, getElectronConfiguration()=, getDisplayRow()=9, getDisplayColumn()=10, getClass()=class main.java.PeriodicElement, toString()=main.java.PeriodicElement@c080cbc0]
1550 [main] INFO main.java.Provider  - PeriodicElement [AtomicNumber=97, ElementSymbol=Berkelium, AtomicWeight=Bk, Period=247, Group=7, Phase=26, MostStableCrystal=artificial, Type=hex, IonicRadius=Actinide, AtomicRadius=0.95, Electronegativity=, FirstIonization=1.3, Potential=6.1979, Density=14.79, MeltingPoint=1259.15, BoilingPoint=983, Isotopes=83, Discoverer=Seaborg et al., YearOfDiscovery=1949, SpecificHeatCapacity=, ElectronConfiguration=, DisplayRow=9, DisplayColumn=11, hashCode()=-197521698, getAtomicNumber()=97, getElementSymbol()=Berkelium, getAtomicWeight()=Bk, getPeriod()=247, getGroup()=7, getPhase()=26, getMostStableCrystal()=artificial, getType()=hex, getIonicRadius()=Actinide, getAtomicRadius()=0.95, getElectronegativity()=, getFirstIonization()=1.3, getPotential()=6.1979, getDensity()=14.79, getMeltingPoint()=1259.15, getBoilingPoint()=983, getIsotopes()=83, getDiscoverer()=Seaborg et al., getYearOfDiscovery()=1949, getSpecificHeatCapacity()=, getElectronConfiguration()=, getDisplayRow()=9, getDisplayColumn()=11, getClass()=class main.java.PeriodicElement, toString()=main.java.PeriodicElement@f43a0ede]
1550 [main] INFO main.java.Provider  - PeriodicElement [AtomicNumber=98, ElementSymbol=Californium, AtomicWeight=Cf, Period=251, Group=7, Phase=27, MostStableCrystal=artificial, Type=hex, IonicRadius=Actinide, AtomicRadius=0.93, Electronegativity=, FirstIonization=1.3, Potential=6.2817, Density=15.1, MeltingPoint=1925.15, BoilingPoint=1173, Isotopes=123, Discoverer=Seaborg et al., YearOfDiscovery=1950, SpecificHeatCapacity=, ElectronConfiguration=, DisplayRow=9, DisplayColumn=12, hashCode()=1464449930, getAtomicNumber()=98, getElementSymbol()=Californium, getAtomicWeight()=Cf, getPeriod()=251, getGroup()=7, getPhase()=27, getMostStableCrystal()=artificial, getType()=hex, getIonicRadius()=Actinide, getAtomicRadius()=0.93, getElectronegativity()=, getFirstIonization()=1.3, getPotential()=6.2817, getDensity()=15.1, getMeltingPoint()=1925.15, getBoilingPoint()=1173, getIsotopes()=123, getDiscoverer()=Seaborg et al., getYearOfDiscovery()=1950, getSpecificHeatCapacity()=, getElectronConfiguration()=, getDisplayRow()=9, getDisplayColumn()=12, getClass()=class main.java.PeriodicElement, toString()=main.java.PeriodicElement@5749bb8a]
1550 [main] INFO main.java.Provider  - PeriodicElement [AtomicNumber=99, ElementSymbol=Einsteinium, AtomicWeight=Es, Period=252, Group=7, Phase=28, MostStableCrystal=artificial, Type=hex, IonicRadius=Actinide, AtomicRadius=, Electronegativity=, FirstIonization=1.3, Potential=6.42, Density=13.5, MeltingPoint=1133.15, BoilingPoint=, Isotopes=123, Discoverer=Ghiorso et al., YearOfDiscovery=1952, SpecificHeatCapacity=, ElectronConfiguration=, DisplayRow=9, DisplayColumn=13, hashCode()=-757669271, getAtomicNumber()=99, getElementSymbol()=Einsteinium, getAtomicWeight()=Es, getPeriod()=252, getGroup()=7, getPhase()=28, getMostStableCrystal()=artificial, getType()=hex, getIonicRadius()=Actinide, getAtomicRadius()=, getElectronegativity()=, getFirstIonization()=1.3, getPotential()=6.42, getDensity()=13.5, getMeltingPoint()=1133.15, getBoilingPoint()=, getIsotopes()=123, getDiscoverer()=Ghiorso et al., getYearOfDiscovery()=1952, getSpecificHeatCapacity()=, getElectronConfiguration()=, getDisplayRow()=9, getDisplayColumn()=13, getClass()=class main.java.PeriodicElement, toString()=main.java.PeriodicElement@d2d6e269]
1550 [main] INFO main.java.Provider  - PeriodicElement [AtomicNumber=100, ElementSymbol=Fermium, AtomicWeight=Fm, Period=257, Group=7, Phase=29, MostStableCrystal=artificial, Type=, IonicRadius=Actinide, AtomicRadius=, Electronegativity=, FirstIonization=1.3, Potential=6.5, Density=, MeltingPoint=, BoilingPoint=, Isotopes=103, Discoverer=Ghiorso et al., YearOfDiscovery=1953, SpecificHeatCapacity=, ElectronConfiguration=, DisplayRow=9, DisplayColumn=14, hashCode()=1120656021, getAtomicNumber()=100, getElementSymbol()=Fermium, getAtomicWeight()=Fm, getPeriod()=257, getGroup()=7, getPhase()=29, getMostStableCrystal()=artificial, getType()=, getIonicRadius()=Actinide, getAtomicRadius()=, getElectronegativity()=, getFirstIonization()=1.3, getPotential()=6.5, getDensity()=, getMeltingPoint()=, getBoilingPoint()=, getIsotopes()=103, getDiscoverer()=Ghiorso et al., getYearOfDiscovery()=1953, getSpecificHeatCapacity()=, getElectronConfiguration()=, getDisplayRow()=9, getDisplayColumn()=14, getClass()=class main.java.PeriodicElement, toString()=main.java.PeriodicElement@42cbda95]
1550 [main] INFO main.java.Provider  - PeriodicElement [AtomicNumber=101, ElementSymbol=Mendelevium, AtomicWeight=Md, Period=258, Group=7, Phase=30, MostStableCrystal=artificial, Type=, IonicRadius=Actinide, AtomicRadius=, Electronegativity=, FirstIonization=1.3, Potential=6.58, Density=, MeltingPoint=, BoilingPoint=, Isotopes=33, Discoverer=Ghiorso et al., YearOfDiscovery=1955, SpecificHeatCapacity=, ElectronConfiguration=, DisplayRow=9, DisplayColumn=15, hashCode()=-84147968, getAtomicNumber()=101, getElementSymbol()=Mendelevium, getAtomicWeight()=Md, getPeriod()=258, getGroup()=7, getPhase()=30, getMostStableCrystal()=artificial, getType()=, getIonicRadius()=Actinide, getAtomicRadius()=, getElectronegativity()=, getFirstIonization()=1.3, getPotential()=6.58, getDensity()=, getMeltingPoint()=, getBoilingPoint()=, getIsotopes()=33, getDiscoverer()=Ghiorso et al., getYearOfDiscovery()=1955, getSpecificHeatCapacity()=, getElectronConfiguration()=, getDisplayRow()=9, getDisplayColumn()=15, getClass()=class main.java.PeriodicElement, toString()=main.java.PeriodicElement@fafc0100]
1550 [main] INFO main.java.Provider  - PeriodicElement [AtomicNumber=102, ElementSymbol=Nobelium, AtomicWeight=No, Period=259, Group=7, Phase=31, MostStableCrystal=artificial, Type=, IonicRadius=Actinide, AtomicRadius=, Electronegativity=, FirstIonization=1.3, Potential=6.65, Density=, MeltingPoint=, BoilingPoint=, Isotopes=73, Discoverer=Ghiorso et al., YearOfDiscovery=1958, SpecificHeatCapacity=, ElectronConfiguration=, DisplayRow=9, DisplayColumn=16, hashCode()=1339546925, getAtomicNumber()=102, getElementSymbol()=Nobelium, getAtomicWeight()=No, getPeriod()=259, getGroup()=7, getPhase()=31, getMostStableCrystal()=artificial, getType()=, getIonicRadius()=Actinide, getAtomicRadius()=, getElectronegativity()=, getFirstIonization()=1.3, getPotential()=6.65, getDensity()=, getMeltingPoint()=, getBoilingPoint()=, getIsotopes()=73, getDiscoverer()=Ghiorso et al., getYearOfDiscovery()=1958, getSpecificHeatCapacity()=, getElectronConfiguration()=, getDisplayRow()=9, getDisplayColumn()=16, getClass()=class main.java.PeriodicElement, toString()=main.java.PeriodicElement@4fd7dd2d]
1550 [main] INFO main.java.Provider  - PeriodicElement [AtomicNumber=103, ElementSymbol=Lawrencium, AtomicWeight=Lr, Period=262, Group=7, Phase=32, MostStableCrystal=artificial, Type=, IonicRadius=Actinide, AtomicRadius=, Electronegativity=, FirstIonization=, Potential=, Density=, MeltingPoint=, BoilingPoint=, Isotopes=203, Discoverer=Ghiorso et al., YearOfDiscovery=1961, SpecificHeatCapacity=, ElectronConfiguration=, DisplayRow=9, DisplayColumn=17, hashCode()=-423929479, getAtomicNumber()=103, getElementSymbol()=Lawrencium, getAtomicWeight()=Lr, getPeriod()=262, getGroup()=7, getPhase()=32, getMostStableCrystal()=artificial, getType()=, getIonicRadius()=Actinide, getAtomicRadius()=, getElectronegativity()=, getFirstIonization()=, getPotential()=, getDensity()=, getMeltingPoint()=, getBoilingPoint()=, getIsotopes()=203, getDiscoverer()=Ghiorso et al., getYearOfDiscovery()=1961, getSpecificHeatCapacity()=, getElectronConfiguration()=, getDisplayRow()=9, getDisplayColumn()=17, getClass()=class main.java.PeriodicElement, toString()=main.java.PeriodicElement@e6bb5979]
1550 [main] INFO main.java.Provider  - PeriodicElement [AtomicNumber=104, ElementSymbol=Rutherfordium, AtomicWeight=Rf, Period=261, Group=7, Phase=4, MostStableCrystal=artificial, Type=, IonicRadius=Transactinide, AtomicRadius=, Electronegativity=, FirstIonization=, Potential=, Density=18.1, MeltingPoint=, BoilingPoint=, Isotopes=, Discoverer=Ghiorso et al., YearOfDiscovery=1969, SpecificHeatCapacity=, ElectronConfiguration=, DisplayRow=7, DisplayColumn=4, hashCode()=513931342, getAtomicNumber()=104, getElementSymbol()=Rutherfordium, getAtomicWeight()=Rf, getPeriod()=261, getGroup()=7, getPhase()=4, getMostStableCrystal()=artificial, getType()=, getIonicRadius()=Transactinide, getAtomicRadius()=, getElectronegativity()=, getFirstIonization()=, getPotential()=, getDensity()=18.1, getMeltingPoint()=, getBoilingPoint()=, getIsotopes()=, getDiscoverer()=Ghiorso et al., getYearOfDiscovery()=1969, getSpecificHeatCapacity()=, getElectronConfiguration()=, getDisplayRow()=7, getDisplayColumn()=4, getClass()=class main.java.PeriodicElement, toString()=main.java.PeriodicElement@1ea1f84e]
1550 [main] INFO main.java.Provider  - PeriodicElement [AtomicNumber=105, ElementSymbol=Dubnium, AtomicWeight=Db, Period=262, Group=7, Phase=5, MostStableCrystal=artificial, Type=, IonicRadius=Transactinide, AtomicRadius=, Electronegativity=, FirstIonization=, Potential=, Density=39, MeltingPoint=, BoilingPoint=, Isotopes=, Discoverer=Ghiorso et al., YearOfDiscovery=1970, SpecificHeatCapacity=, ElectronConfiguration=, DisplayRow=7, DisplayColumn=5, hashCode()=-932006002, getAtomicNumber()=105, getElementSymbol()=Dubnium, getAtomicWeight()=Db, getPeriod()=262, getGroup()=7, getPhase()=5, getMostStableCrystal()=artificial, getType()=, getIonicRadius()=Transactinide, getAtomicRadius()=, getElectronegativity()=, getFirstIonization()=, getPotential()=, getDensity()=39, getMeltingPoint()=, getBoilingPoint()=, getIsotopes()=, getDiscoverer()=Ghiorso et al., getYearOfDiscovery()=1970, getSpecificHeatCapacity()=, getElectronConfiguration()=, getDisplayRow()=7, getDisplayColumn()=5, getClass()=class main.java.PeriodicElement, toString()=main.java.PeriodicElement@c872b78e]
1550 [main] INFO main.java.Provider  - PeriodicElement [AtomicNumber=106, ElementSymbol=Seaborgium, AtomicWeight=Sg, Period=266, Group=7, Phase=6, MostStableCrystal=artificial, Type=, IonicRadius=Transactinide, AtomicRadius=, Electronegativity=, FirstIonization=, Potential=, Density=35, MeltingPoint=, BoilingPoint=, Isotopes=, Discoverer=Ghiorso et al., YearOfDiscovery=1974, SpecificHeatCapacity=, ElectronConfiguration=, DisplayRow=7, DisplayColumn=6, hashCode()=210529007, getAtomicNumber()=106, getElementSymbol()=Seaborgium, getAtomicWeight()=Sg, getPeriod()=266, getGroup()=7, getPhase()=6, getMostStableCrystal()=artificial, getType()=, getIonicRadius()=Transactinide, getAtomicRadius()=, getElectronegativity()=, getFirstIonization()=, getPotential()=, getDensity()=35, getMeltingPoint()=, getBoilingPoint()=, getIsotopes()=, getDiscoverer()=Ghiorso et al., getYearOfDiscovery()=1974, getSpecificHeatCapacity()=, getElectronConfiguration()=, getDisplayRow()=7, getDisplayColumn()=6, getClass()=class main.java.PeriodicElement, toString()=main.java.PeriodicElement@c8c6aef]
1550 [main] INFO main.java.Provider  - PeriodicElement [AtomicNumber=107, ElementSymbol=Bohrium, AtomicWeight=Bh, Period=264, Group=7, Phase=7, MostStableCrystal=artificial, Type=, IonicRadius=Transactinide, AtomicRadius=, Electronegativity=, FirstIonization=, Potential=, Density=37, MeltingPoint=, BoilingPoint=, Isotopes=, Discoverer=Armbruster and MŸnzenberg, YearOfDiscovery=1981, SpecificHeatCapacity=, ElectronConfiguration=, DisplayRow=7, DisplayColumn=7, hashCode()=-1251213665, getAtomicNumber()=107, getElementSymbol()=Bohrium, getAtomicWeight()=Bh, getPeriod()=264, getGroup()=7, getPhase()=7, getMostStableCrystal()=artificial, getType()=, getIonicRadius()=Transactinide, getAtomicRadius()=, getElectronegativity()=, getFirstIonization()=, getPotential()=, getDensity()=37, getMeltingPoint()=, getBoilingPoint()=, getIsotopes()=, getDiscoverer()=Armbruster and MŸnzenberg, getYearOfDiscovery()=1981, getSpecificHeatCapacity()=, getElectronConfiguration()=, getDisplayRow()=7, getDisplayColumn()=7, getClass()=class main.java.PeriodicElement, toString()=main.java.PeriodicElement@b56bfe9f]
1550 [main] INFO main.java.Provider  - PeriodicElement [AtomicNumber=108, ElementSymbol=Hassium, AtomicWeight=Hs, Period=267, Group=7, Phase=8, MostStableCrystal=artificial, Type=, IonicRadius=Transactinide, AtomicRadius=, Electronegativity=, FirstIonization=, Potential=, Density=41, MeltingPoint=, BoilingPoint=, Isotopes=, Discoverer=Armbruster and MŸnzenberg, YearOfDiscovery=1983, SpecificHeatCapacity=, ElectronConfiguration=, DisplayRow=7, DisplayColumn=8, hashCode()=-2018581475, getAtomicNumber()=108, getElementSymbol()=Hassium, getAtomicWeight()=Hs, getPeriod()=267, getGroup()=7, getPhase()=8, getMostStableCrystal()=artificial, getType()=, getIonicRadius()=Transactinide, getAtomicRadius()=, getElectronegativity()=, getFirstIonization()=, getPotential()=, getDensity()=41, getMeltingPoint()=, getBoilingPoint()=, getIsotopes()=, getDiscoverer()=Armbruster and MŸnzenberg, getYearOfDiscovery()=1983, getSpecificHeatCapacity()=, getElectronConfiguration()=, getDisplayRow()=7, getDisplayColumn()=8, getClass()=class main.java.PeriodicElement, toString()=main.java.PeriodicElement@87aee41d]
1550 [main] INFO main.java.Provider  - PeriodicElement [AtomicNumber=109, ElementSymbol=Meitnerium, AtomicWeight=Mt, Period=268, Group=7, Phase=9, MostStableCrystal=artificial, Type=, IonicRadius=Transactinide, AtomicRadius=, Electronegativity=, FirstIonization=, Potential=, Density=35, MeltingPoint=, BoilingPoint=, Isotopes=, Discoverer=&quot;GSI  Darmstadt  West Germany&quot; , YearOfDiscovery=1982, SpecificHeatCapacity=, ElectronConfiguration=, DisplayRow=7, DisplayColumn=9, hashCode()=1511823821, getAtomicNumber()=109, getElementSymbol()=Meitnerium, getAtomicWeight()=Mt, getPeriod()=268, getGroup()=7, getPhase()=9, getMostStableCrystal()=artificial, getType()=, getIonicRadius()=Transactinide, getAtomicRadius()=, getElectronegativity()=, getFirstIonization()=, getPotential()=, getDensity()=35, getMeltingPoint()=, getBoilingPoint()=, getIsotopes()=, getDiscoverer()=&quot;GSI  Darmstadt  West Germany&quot; , getYearOfDiscovery()=1982, getSpecificHeatCapacity()=, getElectronConfiguration()=, getDisplayRow()=7, getDisplayColumn()=9, getClass()=class main.java.PeriodicElement, toString()=main.java.PeriodicElement@5a1c99cd]
1550 [main] INFO main.java.Provider  - PeriodicElement [AtomicNumber=110, ElementSymbol=Darmstadtium , AtomicWeight=Ds , Period=271, Group=7, Phase=10, MostStableCrystal=artificial, Type=, IonicRadius=Transactinide, AtomicRadius=, Electronegativity=, FirstIonization=, Potential=, Density=, MeltingPoint=, BoilingPoint=, Isotopes=, Discoverer=, YearOfDiscovery=, SpecificHeatCapacity=, ElectronConfiguration=, DisplayRow=7, DisplayColumn=10, hashCode()=1327393640, getAtomicNumber()=110, getElementSymbol()=Darmstadtium , getAtomicWeight()=Ds , getPeriod()=271, getGroup()=7, getPhase()=10, getMostStableCrystal()=artificial, getType()=, getIonicRadius()=Transactinide, getAtomicRadius()=, getElectronegativity()=, getFirstIonization()=, getPotential()=, getDensity()=, getMeltingPoint()=, getBoilingPoint()=, getIsotopes()=, getDiscoverer()=, getYearOfDiscovery()=, getSpecificHeatCapacity()=, getElectronConfiguration()=, getDisplayRow()=7, getDisplayColumn()=10, getClass()=class main.java.PeriodicElement, toString()=main.java.PeriodicElement@4f1e6b68]
1551 [main] INFO main.java.Provider  - PeriodicElement [AtomicNumber=111, ElementSymbol=Roentgenium , AtomicWeight=Rg , Period=272, Group=7, Phase=11, MostStableCrystal=artificial, Type=, IonicRadius=Transactinide, AtomicRadius=, Electronegativity=, FirstIonization=, Potential=, Density=, MeltingPoint=, BoilingPoint=, Isotopes=, Discoverer=, YearOfDiscovery=, SpecificHeatCapacity=, ElectronConfiguration=, DisplayRow=7, DisplayColumn=11, hashCode()=739782126, getAtomicNumber()=111, getElementSymbol()=Roentgenium , getAtomicWeight()=Rg , getPeriod()=272, getGroup()=7, getPhase()=11, getMostStableCrystal()=artificial, getType()=, getIonicRadius()=Transactinide, getAtomicRadius()=, getElectronegativity()=, getFirstIonization()=, getPotential()=, getDensity()=, getMeltingPoint()=, getBoilingPoint()=, getIsotopes()=, getDiscoverer()=, getYearOfDiscovery()=, getSpecificHeatCapacity()=, getElectronConfiguration()=, getDisplayRow()=7, getDisplayColumn()=11, getClass()=class main.java.PeriodicElement, toString()=main.java.PeriodicElement@2c182dee]
1551 [main] INFO main.java.Provider  - PeriodicElement [AtomicNumber=112, ElementSymbol=Copernicium , AtomicWeight=Cn , Period=285, Group=7, Phase=12, MostStableCrystal=artificial, Type=, IonicRadius=Transactinide, AtomicRadius=, Electronegativity=, FirstIonization=, Potential=, Density=, MeltingPoint=, BoilingPoint=, Isotopes=, Discoverer=, YearOfDiscovery=, SpecificHeatCapacity=, ElectronConfiguration=, DisplayRow=7, DisplayColumn=12, hashCode()=1399694222, getAtomicNumber()=112, getElementSymbol()=Copernicium , getAtomicWeight()=Cn , getPeriod()=285, getGroup()=7, getPhase()=12, getMostStableCrystal()=artificial, getType()=, getIonicRadius()=Transactinide, getAtomicRadius()=, getElectronegativity()=, getFirstIonization()=, getPotential()=, getDensity()=, getMeltingPoint()=, getBoilingPoint()=, getIsotopes()=, getDiscoverer()=, getYearOfDiscovery()=, getSpecificHeatCapacity()=, getElectronConfiguration()=, getDisplayRow()=7, getDisplayColumn()=12, getClass()=class main.java.PeriodicElement, toString()=main.java.PeriodicElement@536da38e]
1553 [main] INFO main.java.Provider  - PeriodicElement [AtomicNumber=113, ElementSymbol=Ununtrium , AtomicWeight=Uut , Period=284, Group=7, Phase=13, MostStableCrystal=artificial, Type=, IonicRadius=, AtomicRadius=, Electronegativity=, FirstIonization=, Potential=, Density=, MeltingPoint=, BoilingPoint=, Isotopes=, Discoverer=, YearOfDiscovery=, SpecificHeatCapacity=, ElectronConfiguration=, DisplayRow=7, DisplayColumn=13, hashCode()=-1144964579, getAtomicNumber()=113, getElementSymbol()=Ununtrium , getAtomicWeight()=Uut , getPeriod()=284, getGroup()=7, getPhase()=13, getMostStableCrystal()=artificial, getType()=, getIonicRadius()=, getAtomicRadius()=, getElectronegativity()=, getFirstIonization()=, getPotential()=, getDensity()=, getMeltingPoint()=, getBoilingPoint()=, getIsotopes()=, getDiscoverer()=, getYearOfDiscovery()=, getSpecificHeatCapacity()=, getElectronConfiguration()=, getDisplayRow()=7, getDisplayColumn()=13, getClass()=class main.java.PeriodicElement, toString()=main.java.PeriodicElement@bbc13a1d]
1553 [main] INFO main.java.Provider  - PeriodicElement [AtomicNumber=114, ElementSymbol=Ununquadium , AtomicWeight=Uuq , Period=289, Group=7, Phase=14, MostStableCrystal=artificial, Type=, IonicRadius=Transactinide, AtomicRadius=, Electronegativity=, FirstIonization=, Potential=, Density=, MeltingPoint=, BoilingPoint=, Isotopes=, Discoverer=, YearOfDiscovery=, SpecificHeatCapacity=, ElectronConfiguration=, DisplayRow=7, DisplayColumn=14, hashCode()=-1310519764, getAtomicNumber()=114, getElementSymbol()=Ununquadium , getAtomicWeight()=Uuq , getPeriod()=289, getGroup()=7, getPhase()=14, getMostStableCrystal()=artificial, getType()=, getIonicRadius()=Transactinide, getAtomicRadius()=, getElectronegativity()=, getFirstIonization()=, getPotential()=, getDensity()=, getMeltingPoint()=, getBoilingPoint()=, getIsotopes()=, getDiscoverer()=, getYearOfDiscovery()=, getSpecificHeatCapacity()=, getElectronConfiguration()=, getDisplayRow()=7, getDisplayColumn()=14, getClass()=class main.java.PeriodicElement, toString()=main.java.PeriodicElement@b1e30e2c]
1554 [main] INFO main.java.Provider  - PeriodicElement [AtomicNumber=115, ElementSymbol=Ununpentium , AtomicWeight=Uup , Period=288, Group=7, Phase=15, MostStableCrystal=artificial, Type=, IonicRadius=, AtomicRadius=, Electronegativity=, FirstIonization=, Potential=, Density=, MeltingPoint=, BoilingPoint=, Isotopes=, Discoverer=, YearOfDiscovery=, SpecificHeatCapacity=, ElectronConfiguration=, DisplayRow=7, DisplayColumn=15, hashCode()=-2120336096, getAtomicNumber()=115, getElementSymbol()=Ununpentium , getAtomicWeight()=Uup , getPeriod()=288, getGroup()=7, getPhase()=15, getMostStableCrystal()=artificial, getType()=, getIonicRadius()=, getAtomicRadius()=, getElectronegativity()=, getFirstIonization()=, getPotential()=, getDensity()=, getMeltingPoint()=, getBoilingPoint()=, getIsotopes()=, getDiscoverer()=, getYearOfDiscovery()=, getSpecificHeatCapacity()=, getElectronConfiguration()=, getDisplayRow()=7, getDisplayColumn()=15, getClass()=class main.java.PeriodicElement, toString()=main.java.PeriodicElement@819e3d20]
1554 [main] INFO main.java.Provider  - PeriodicElement [AtomicNumber=116, ElementSymbol=Ununhexium , AtomicWeight=Uuh , Period=292, Group=7, Phase=16, MostStableCrystal=artificial, Type=, IonicRadius=Transactinide, AtomicRadius=, Electronegativity=, FirstIonization=, Potential=, Density=, MeltingPoint=, BoilingPoint=, Isotopes=, Discoverer=, YearOfDiscovery=, SpecificHeatCapacity=, ElectronConfiguration=, DisplayRow=7, DisplayColumn=16, hashCode()=1277265523, getAtomicNumber()=116, getElementSymbol()=Ununhexium , getAtomicWeight()=Uuh , getPeriod()=292, getGroup()=7, getPhase()=16, getMostStableCrystal()=artificial, getType()=, getIonicRadius()=Transactinide, getAtomicRadius()=, getElectronegativity()=, getFirstIonization()=, getPotential()=, getDensity()=, getMeltingPoint()=, getBoilingPoint()=, getIsotopes()=, getDiscoverer()=, getYearOfDiscovery()=, getSpecificHeatCapacity()=, getElectronConfiguration()=, getDisplayRow()=7, getDisplayColumn()=16, getClass()=class main.java.PeriodicElement, toString()=main.java.PeriodicElement@4c218673]
1564 [main] INFO main.java.Provider  - PeriodicElement [AtomicNumber=117, ElementSymbol=Ununseptium , AtomicWeight=Uus , Period=295, Group=7, Phase=17, MostStableCrystal=artificial, Type=, IonicRadius=, AtomicRadius=, Electronegativity=, FirstIonization=, Potential=, Density=, MeltingPoint=, BoilingPoint=, Isotopes=, Discoverer=, YearOfDiscovery=, SpecificHeatCapacity=, ElectronConfiguration=, DisplayRow=7, DisplayColumn=17, hashCode()=-1160543422, getAtomicNumber()=117, getElementSymbol()=Ununseptium , getAtomicWeight()=Uus , getPeriod()=295, getGroup()=7, getPhase()=17, getMostStableCrystal()=artificial, getType()=, getIonicRadius()=, getAtomicRadius()=, getElectronegativity()=, getFirstIonization()=, getPotential()=, getDensity()=, getMeltingPoint()=, getBoilingPoint()=, getIsotopes()=, getDiscoverer()=, getYearOfDiscovery()=, getSpecificHeatCapacity()=, getElectronConfiguration()=, getDisplayRow()=7, getDisplayColumn()=17, getClass()=class main.java.PeriodicElement, toString()=main.java.PeriodicElement@bad38342]
1565 [main] INFO main.java.Provider  - PeriodicElement [AtomicNumber=118, ElementSymbol=Ununoctium , AtomicWeight=Uuo , Period=294, Group=7, Phase=18, MostStableCrystal=artificial, Type=, IonicRadius=Noble Gas, AtomicRadius=, Electronegativity=, FirstIonization=, Potential=, Density=, MeltingPoint=, BoilingPoint=, Isotopes=, Discoverer=, YearOfDiscovery=, SpecificHeatCapacity=, ElectronConfiguration=, DisplayRow=7, DisplayColumn=18, hashCode()=-679519811, getAtomicNumber()=118, getElementSymbol()=Ununoctium , getAtomicWeight()=Uuo , getPeriod()=294, getGroup()=7, getPhase()=18, getMostStableCrystal()=artificial, getType()=, getIonicRadius()=Noble Gas, getAtomicRadius()=, getElectronegativity()=, getFirstIonization()=, getPotential()=, getDensity()=, getMeltingPoint()=, getBoilingPoint()=, getIsotopes()=, getDiscoverer()=, getYearOfDiscovery()=, getSpecificHeatCapacity()=, getElectronConfiguration()=, getDisplayRow()=7, getDisplayColumn()=18, getClass()=class main.java.PeriodicElement, toString()=main.java.PeriodicElement@d77f59bd]
</system-out>
  </testcase>
  <testcase classname="test.java.TestExportToXmlFunction" name="testPos_1" time="0.535"/>
</testsuite>